<?xml version="1.0" encoding="UTF-8"?>
<coverage generated="1542572893051" clover="3.2.0">
  <project timestamp="1542572893052" name="All files">
    <metrics statements="520" coveredstatements="414" conditionals="91" coveredconditionals="39" methods="76" coveredmethods="54" elements="687" coveredelements="507" complexity="0" loc="520" ncloc="520" packages="8" files="32" classes="32">
      <package name="api.blockchain">
        <metrics statements="6" coveredstatements="0" conditionals="0" coveredconditionals="0" methods="2" coveredmethods="0"/>
        <file name="Web3Instance.ts" path="/home/nando/ethereum/ethereum-graph-debugger-ts/egd-ts/src/api/blockchain/Web3Instance.ts">
          <metrics statements="6" coveredstatements="0" conditionals="0" coveredconditionals="0" methods="2" coveredmethods="0"/>
          <line num="1" count="0" type="stmt"/>
          <line num="3" count="0" type="stmt"/>
          <line num="6" count="0" type="stmt"/>
          <line num="11" count="0" type="stmt"/>
          <line num="12" count="0" type="stmt"/>
          <line num="16" count="0" type="stmt"/>
        </file>
      </package>
      <package name="api.bytecode">
        <metrics statements="201" coveredstatements="199" conditionals="18" coveredconditionals="15" methods="13" coveredmethods="13"/>
        <file name="EVMDisassembler.ts" path="/home/nando/ethereum/ethereum-graph-debugger-ts/egd-ts/src/api/bytecode/EVMDisassembler.ts">
          <metrics statements="57" coveredstatements="55" conditionals="16" coveredconditionals="13" methods="11" coveredmethods="11"/>
          <line num="3" count="12" type="stmt"/>
          <line num="4" count="12" type="stmt"/>
          <line num="5" count="12" type="stmt"/>
          <line num="8" count="12" type="stmt"/>
          <line num="11" count="12" type="stmt"/>
          <line num="12" count="45" type="stmt"/>
          <line num="17" count="1" type="stmt"/>
          <line num="18" count="1" type="stmt"/>
          <line num="19" count="1" type="stmt"/>
          <line num="20" count="1" type="stmt"/>
          <line num="24" count="3" type="stmt"/>
          <line num="26" count="3" type="cond" truecount="1" falsecount="1"/>
          <line num="27" count="0" type="stmt"/>
          <line num="30" count="3" type="cond" truecount="1" falsecount="1"/>
          <line num="31" count="0" type="stmt"/>
          <line num="34" count="3" type="stmt"/>
          <line num="35" count="233" type="stmt"/>
          <line num="36" count="3" type="stmt"/>
          <line num="37" count="3" type="stmt"/>
          <line num="38" count="3" type="cond" truecount="2" falsecount="0"/>
          <line num="39" count="42" type="stmt"/>
          <line num="40" count="2" type="stmt"/>
          <line num="41" count="2" type="stmt"/>
          <line num="43" count="3" type="stmt"/>
          <line num="52" count="45" type="stmt"/>
          <line num="54" count="45" type="cond" truecount="2" falsecount="0"/>
          <line num="55" count="4" type="stmt"/>
          <line num="58" count="45" type="cond" truecount="2" falsecount="0"/>
          <line num="59" count="2" type="stmt"/>
          <line num="62" count="45" type="cond" truecount="2" falsecount="0"/>
          <line num="63" count="1" type="stmt"/>
          <line num="65" count="44" type="stmt"/>
          <line num="66" count="44" type="stmt"/>
          <line num="67" count="44" type="stmt"/>
          <line num="69" count="44" type="stmt"/>
          <line num="70" count="373" type="stmt"/>
          <line num="71" count="373" type="cond" truecount="1" falsecount="1"/>
          <line num="72" count="373" type="cond" truecount="2" falsecount="0"/>
          <line num="73" count="161" type="stmt"/>
          <line num="74" count="161" type="stmt"/>
          <line num="75" count="161" type="stmt"/>
          <line num="76" count="161" type="stmt"/>
          <line num="77" count="161" type="stmt"/>
          <line num="78" count="161" type="stmt"/>
          <line num="80" count="212" type="stmt"/>
          <line num="81" count="212" type="stmt"/>
          <line num="82" count="212" type="stmt"/>
          <line num="85" count="44" type="stmt"/>
          <line num="89" count="2" type="stmt"/>
          <line num="90" count="189" type="stmt"/>
          <line num="91" count="2" type="stmt"/>
          <line num="95" count="373" type="stmt"/>
          <line num="103" count="1" type="stmt"/>
          <line num="104" count="1" type="stmt"/>
          <line num="107" count="1" type="stmt"/>
          <line num="118" count="1" type="stmt"/>
          <line num="122" count="373" type="stmt"/>
        </file>
        <file name="Opcodes.ts" path="/home/nando/ethereum/ethereum-graph-debugger-ts/egd-ts/src/api/bytecode/Opcodes.ts">
          <metrics statements="144" coveredstatements="144" conditionals="2" coveredconditionals="2" methods="2" coveredmethods="2"/>
          <line num="3" count="12" type="stmt"/>
          <line num="4" count="12" type="stmt"/>
          <line num="7" count="12" type="stmt"/>
          <line num="9" count="12" type="stmt"/>
          <line num="10" count="12" type="stmt"/>
          <line num="11" count="12" type="stmt"/>
          <line num="12" count="12" type="stmt"/>
          <line num="13" count="12" type="stmt"/>
          <line num="14" count="12" type="stmt"/>
          <line num="15" count="12" type="stmt"/>
          <line num="16" count="12" type="stmt"/>
          <line num="17" count="12" type="stmt"/>
          <line num="18" count="12" type="stmt"/>
          <line num="19" count="12" type="stmt"/>
          <line num="20" count="12" type="stmt"/>
          <line num="21" count="12" type="stmt"/>
          <line num="22" count="12" type="stmt"/>
          <line num="23" count="12" type="stmt"/>
          <line num="24" count="12" type="stmt"/>
          <line num="25" count="12" type="stmt"/>
          <line num="26" count="12" type="stmt"/>
          <line num="27" count="12" type="stmt"/>
          <line num="28" count="12" type="stmt"/>
          <line num="29" count="12" type="stmt"/>
          <line num="30" count="12" type="stmt"/>
          <line num="31" count="12" type="stmt"/>
          <line num="32" count="12" type="stmt"/>
          <line num="33" count="12" type="stmt"/>
          <line num="34" count="12" type="stmt"/>
          <line num="35" count="12" type="stmt"/>
          <line num="36" count="12" type="stmt"/>
          <line num="37" count="12" type="stmt"/>
          <line num="38" count="12" type="stmt"/>
          <line num="39" count="12" type="stmt"/>
          <line num="40" count="12" type="stmt"/>
          <line num="41" count="12" type="stmt"/>
          <line num="42" count="12" type="stmt"/>
          <line num="43" count="12" type="stmt"/>
          <line num="44" count="12" type="stmt"/>
          <line num="45" count="12" type="stmt"/>
          <line num="46" count="12" type="stmt"/>
          <line num="47" count="12" type="stmt"/>
          <line num="48" count="12" type="stmt"/>
          <line num="49" count="12" type="stmt"/>
          <line num="50" count="12" type="stmt"/>
          <line num="51" count="12" type="stmt"/>
          <line num="52" count="12" type="stmt"/>
          <line num="53" count="12" type="stmt"/>
          <line num="54" count="12" type="stmt"/>
          <line num="55" count="12" type="stmt"/>
          <line num="56" count="12" type="stmt"/>
          <line num="57" count="12" type="stmt"/>
          <line num="58" count="12" type="stmt"/>
          <line num="59" count="12" type="stmt"/>
          <line num="60" count="12" type="stmt"/>
          <line num="61" count="12" type="stmt"/>
          <line num="62" count="12" type="stmt"/>
          <line num="63" count="12" type="stmt"/>
          <line num="64" count="12" type="stmt"/>
          <line num="65" count="12" type="stmt"/>
          <line num="66" count="12" type="stmt"/>
          <line num="67" count="12" type="stmt"/>
          <line num="68" count="12" type="stmt"/>
          <line num="69" count="12" type="stmt"/>
          <line num="70" count="12" type="stmt"/>
          <line num="71" count="12" type="stmt"/>
          <line num="72" count="12" type="stmt"/>
          <line num="73" count="12" type="stmt"/>
          <line num="74" count="12" type="stmt"/>
          <line num="75" count="12" type="stmt"/>
          <line num="76" count="12" type="stmt"/>
          <line num="77" count="12" type="stmt"/>
          <line num="78" count="12" type="stmt"/>
          <line num="79" count="12" type="stmt"/>
          <line num="80" count="12" type="stmt"/>
          <line num="81" count="12" type="stmt"/>
          <line num="82" count="12" type="stmt"/>
          <line num="83" count="12" type="stmt"/>
          <line num="84" count="12" type="stmt"/>
          <line num="85" count="12" type="stmt"/>
          <line num="86" count="12" type="stmt"/>
          <line num="87" count="12" type="stmt"/>
          <line num="88" count="12" type="stmt"/>
          <line num="89" count="12" type="stmt"/>
          <line num="90" count="12" type="stmt"/>
          <line num="91" count="12" type="stmt"/>
          <line num="92" count="12" type="stmt"/>
          <line num="93" count="12" type="stmt"/>
          <line num="94" count="12" type="stmt"/>
          <line num="95" count="12" type="stmt"/>
          <line num="96" count="12" type="stmt"/>
          <line num="97" count="12" type="stmt"/>
          <line num="98" count="12" type="stmt"/>
          <line num="99" count="12" type="stmt"/>
          <line num="100" count="12" type="stmt"/>
          <line num="101" count="12" type="stmt"/>
          <line num="102" count="12" type="stmt"/>
          <line num="103" count="12" type="stmt"/>
          <line num="104" count="12" type="stmt"/>
          <line num="105" count="12" type="stmt"/>
          <line num="106" count="12" type="stmt"/>
          <line num="107" count="12" type="stmt"/>
          <line num="108" count="12" type="stmt"/>
          <line num="109" count="12" type="stmt"/>
          <line num="110" count="12" type="stmt"/>
          <line num="111" count="12" type="stmt"/>
          <line num="112" count="12" type="stmt"/>
          <line num="113" count="12" type="stmt"/>
          <line num="114" count="12" type="stmt"/>
          <line num="115" count="12" type="stmt"/>
          <line num="116" count="12" type="stmt"/>
          <line num="117" count="12" type="stmt"/>
          <line num="118" count="12" type="stmt"/>
          <line num="119" count="12" type="stmt"/>
          <line num="120" count="12" type="stmt"/>
          <line num="121" count="12" type="stmt"/>
          <line num="122" count="12" type="stmt"/>
          <line num="123" count="12" type="stmt"/>
          <line num="124" count="12" type="stmt"/>
          <line num="125" count="12" type="stmt"/>
          <line num="126" count="12" type="stmt"/>
          <line num="127" count="12" type="stmt"/>
          <line num="128" count="12" type="stmt"/>
          <line num="129" count="12" type="stmt"/>
          <line num="130" count="12" type="stmt"/>
          <line num="131" count="12" type="stmt"/>
          <line num="132" count="12" type="stmt"/>
          <line num="133" count="12" type="stmt"/>
          <line num="134" count="12" type="stmt"/>
          <line num="135" count="12" type="stmt"/>
          <line num="136" count="12" type="stmt"/>
          <line num="137" count="12" type="stmt"/>
          <line num="138" count="12" type="stmt"/>
          <line num="139" count="12" type="stmt"/>
          <line num="140" count="12" type="stmt"/>
          <line num="141" count="12" type="stmt"/>
          <line num="142" count="12" type="stmt"/>
          <line num="143" count="12" type="stmt"/>
          <line num="145" count="12" type="stmt"/>
          <line num="146" count="3072" type="stmt"/>
          <line num="147" count="3072" type="cond" truecount="2" falsecount="0"/>
          <line num="148" count="1620" type="stmt"/>
          <line num="154" count="30" type="stmt"/>
          <line num="158" count="12" type="stmt"/>
        </file>
      </package>
      <package name="api.cfg">
        <metrics statements="24" coveredstatements="23" conditionals="4" coveredconditionals="4" methods="10" coveredmethods="9"/>
        <file name="CFGBlocks.ts" path="/home/nando/ethereum/ethereum-graph-debugger-ts/egd-ts/src/api/cfg/CFGBlocks.ts">
          <metrics statements="7" coveredstatements="6" conditionals="0" coveredconditionals="0" methods="7" coveredmethods="6"/>
          <line num="3" count="11" type="stmt"/>
          <line num="4" count="44" type="stmt"/>
          <line num="7" count="56" type="stmt"/>
          <line num="11" count="61" type="stmt"/>
          <line num="15" count="17" type="stmt"/>
          <line num="19" count="0" type="stmt"/>
          <line num="23" count="9" type="stmt"/>
        </file>
        <file name="EthereumCFGCreator.ts" path="/home/nando/ethereum/ethereum-graph-debugger-ts/egd-ts/src/api/cfg/EthereumCFGCreator.ts">
          <metrics statements="17" coveredstatements="17" conditionals="4" coveredconditionals="4" methods="3" coveredmethods="3"/>
          <line num="1" count="11" type="stmt"/>
          <line num="3" count="11" type="stmt"/>
          <line num="6" count="11" type="stmt"/>
          <line num="9" count="11" type="stmt"/>
          <line num="10" count="37" type="stmt"/>
          <line num="13" count="37" type="stmt"/>
          <line num="14" count="37" type="stmt"/>
          <line num="15" count="37" type="stmt"/>
          <line num="16" count="121" type="stmt"/>
          <line num="17" count="121" type="cond" truecount="4" falsecount="0"/>
          <line num="18" count="43" type="stmt"/>
          <line num="19" count="43" type="stmt"/>
          <line num="22" count="37" type="stmt"/>
          <line num="26" count="43" type="stmt"/>
          <line num="27" count="43" type="stmt"/>
          <line num="28" count="43" type="stmt"/>
          <line num="32" count="43" type="stmt"/>
        </file>
      </package>
      <package name="api.service.controller">
        <metrics statements="37" coveredstatements="0" conditionals="20" coveredconditionals="0" methods="10" coveredmethods="0"/>
        <file name="DebuggerController.ts" path="/home/nando/ethereum/ethereum-graph-debugger-ts/egd-ts/src/api/service/controller/DebuggerController.ts">
          <metrics statements="9" coveredstatements="0" conditionals="6" coveredconditionals="0" methods="2" coveredmethods="0"/>
          <line num="1" count="0" type="stmt"/>
          <line num="2" count="0" type="stmt"/>
          <line num="3" count="0" type="stmt"/>
          <line num="4" count="0" type="stmt"/>
          <line num="9" count="0" type="stmt"/>
          <line num="10" count="0" type="cond" truecount="0" falsecount="3"/>
          <line num="11" count="0" type="stmt"/>
          <line num="15" count="0" type="cond" truecount="0" falsecount="3"/>
          <line num="16" count="0" type="stmt"/>
        </file>
        <file name="DisassembleController.ts" path="/home/nando/ethereum/ethereum-graph-debugger-ts/egd-ts/src/api/service/controller/DisassembleController.ts">
          <metrics statements="13" coveredstatements="0" conditionals="6" coveredconditionals="0" methods="5" coveredmethods="0"/>
          <line num="1" count="0" type="stmt"/>
          <line num="2" count="0" type="stmt"/>
          <line num="3" count="0" type="stmt"/>
          <line num="4" count="0" type="stmt"/>
          <line num="10" count="0" type="stmt"/>
          <line num="11" count="0" type="cond" truecount="0" falsecount="3"/>
          <line num="12" count="0" type="stmt"/>
          <line num="16" count="0" type="stmt"/>
          <line num="20" count="0" type="stmt"/>
          <line num="21" count="0" type="stmt"/>
          <line num="25" count="0" type="stmt"/>
          <line num="29" count="0" type="stmt"/>
          <line num="36" count="0" type="stmt"/>
        </file>
        <file name="Errors.ts" path="/home/nando/ethereum/ethereum-graph-debugger-ts/egd-ts/src/api/service/controller/Errors.ts">
          <metrics statements="2" coveredstatements="0" conditionals="0" coveredconditionals="0" methods="1" coveredmethods="0"/>
          <line num="1" count="0" type="stmt"/>
          <line num="3" count="0" type="stmt"/>
        </file>
        <file name="FileController.ts" path="/home/nando/ethereum/ethereum-graph-debugger-ts/egd-ts/src/api/service/controller/FileController.ts">
          <metrics statements="13" coveredstatements="0" conditionals="8" coveredconditionals="0" methods="2" coveredmethods="0"/>
          <line num="1" count="0" type="stmt"/>
          <line num="2" count="0" type="stmt"/>
          <line num="4" count="0" type="stmt"/>
          <line num="5" count="0" type="stmt"/>
          <line num="6" count="0" type="stmt"/>
          <line num="10" count="0" type="stmt"/>
          <line num="11" count="0" type="cond" truecount="0" falsecount="3"/>
          <line num="12" count="0" type="stmt"/>
          <line num="16" count="0" type="cond" truecount="0" falsecount="3"/>
          <line num="17" count="0" type="stmt"/>
          <line num="18" count="0" type="cond" truecount="0" falsecount="2"/>
          <line num="19" count="0" type="stmt"/>
          <line num="21" count="0" type="stmt"/>
        </file>
      </package>
      <package name="api.service.service">
        <metrics statements="18" coveredstatements="0" conditionals="7" coveredconditionals="0" methods="4" coveredmethods="0"/>
        <file name="FileServiceDefault.ts" path="/home/nando/ethereum/ethereum-graph-debugger-ts/egd-ts/src/api/service/service/FileServiceDefault.ts">
          <metrics statements="9" coveredstatements="0" conditionals="0" coveredconditionals="0" methods="2" coveredmethods="0"/>
          <line num="3" count="0" type="stmt"/>
          <line num="4" count="0" type="stmt"/>
          <line num="5" count="0" type="stmt"/>
          <line num="6" count="0" type="stmt"/>
          <line num="9" count="0" type="stmt"/>
          <line num="11" count="0" type="stmt"/>
          <line num="13" count="0" type="stmt"/>
          <line num="14" count="0" type="stmt"/>
          <line num="15" count="0" type="stmt"/>
        </file>
        <file name="TransactionServiceImpl.ts" path="/home/nando/ethereum/ethereum-graph-debugger-ts/egd-ts/src/api/service/service/TransactionServiceImpl.ts">
          <metrics statements="9" coveredstatements="0" conditionals="7" coveredconditionals="0" methods="2" coveredmethods="0"/>
          <line num="2" count="0" type="stmt"/>
          <line num="3" count="0" type="stmt"/>
          <line num="4" count="0" type="stmt"/>
          <line num="6" count="0" type="stmt"/>
          <line num="9" count="0" type="stmt"/>
          <line num="12" count="0" type="cond" truecount="0" falsecount="7"/>
          <line num="13" count="0" type="stmt"/>
          <line num="17" count="0" type="stmt"/>
          <line num="18" count="0" type="stmt"/>
        </file>
      </package>
      <package name="api.symbolic.evm">
        <metrics statements="88" coveredstatements="72" conditionals="32" coveredconditionals="13" methods="23" coveredmethods="21"/>
        <file name="EVM.ts" path="/home/nando/ethereum/ethereum-graph-debugger-ts/egd-ts/src/api/symbolic/evm/EVM.ts">
          <metrics statements="7" coveredstatements="7" conditionals="0" coveredconditionals="0" methods="1" coveredmethods="1"/>
          <line num="1" count="10" type="stmt"/>
          <line num="2" count="10" type="stmt"/>
          <line num="3" count="10" type="stmt"/>
          <line num="6" count="10" type="stmt"/>
          <line num="13" count="30" type="stmt"/>
          <line num="14" count="30" type="stmt"/>
          <line num="15" count="30" type="stmt"/>
        </file>
        <file name="EVMExecutor.ts" path="/home/nando/ethereum/ethereum-graph-debugger-ts/egd-ts/src/api/symbolic/evm/EVMExecutor.ts">
          <metrics statements="36" coveredstatements="26" conditionals="22" coveredconditionals="9" methods="4" coveredmethods="4"/>
          <line num="1" count="10" type="stmt"/>
          <line num="4" count="10" type="stmt"/>
          <line num="9" count="10" type="stmt"/>
          <line num="15" count="30" type="stmt"/>
          <line num="16" count="30" type="stmt"/>
          <line num="17" count="30" type="stmt"/>
          <line num="21" count="30" type="stmt"/>
          <line num="22" count="30" type="cond" truecount="1" falsecount="1"/>
          <line num="23" count="0" type="stmt"/>
          <line num="25" count="30" type="stmt"/>
          <line num="26" count="30" type="stmt"/>
          <line num="27" count="30" type="stmt"/>
          <line num="28" count="0" type="cond" truecount="0" falsecount="4"/>
          <line num="29" count="0" type="cond" truecount="0" falsecount="2"/>
          <line num="30" count="0" type="stmt"/>
          <line num="31" count="0" type="cond" truecount="0" falsecount="2"/>
          <line num="32" count="0" type="stmt"/>
          <line num="35" count="0" type="stmt"/>
          <line num="40" count="30" type="stmt"/>
          <line num="41" count="87" type="stmt"/>
          <line num="42" count="87" type="cond" truecount="1" falsecount="1"/>
          <line num="43" count="0" type="stmt"/>
          <line num="45" count="87" type="stmt"/>
          <line num="50" count="30" type="stmt"/>
          <line num="51" count="30" type="stmt"/>
          <line num="52" count="30" type="stmt"/>
          <line num="53" count="30" type="cond" truecount="2" falsecount="0"/>
          <line num="54" count="1" type="stmt"/>
          <line num="55" count="1" type="cond" truecount="3" falsecount="1"/>
          <line num="56" count="1" type="stmt"/>
          <line num="57" count="1" type="cond" truecount="1" falsecount="1"/>
          <line num="58" count="0" type="stmt"/>
          <line num="62" count="30" type="stmt"/>
          <line num="63" count="30" type="cond" truecount="1" falsecount="1"/>
          <line num="64" count="0" type="stmt"/>
          <line num="66" count="30" type="stmt"/>
        </file>
        <file name="EVMMemory.ts" path="/home/nando/ethereum/ethereum-graph-debugger-ts/egd-ts/src/api/symbolic/evm/EVMMemory.ts">
          <metrics statements="20" coveredstatements="20" conditionals="4" coveredconditionals="2" methods="6" coveredmethods="6"/>
          <line num="1" count="11" type="stmt"/>
          <line num="2" count="11" type="stmt"/>
          <line num="4" count="11" type="stmt"/>
          <line num="8" count="37" type="stmt"/>
          <line num="12" count="4" type="stmt"/>
          <line num="16" count="7" type="stmt"/>
          <line num="17" count="2" type="stmt"/>
          <line num="19" count="7" type="cond" truecount="1" falsecount="1"/>
          <line num="20" count="7" type="stmt"/>
          <line num="21" count="7" type="stmt"/>
          <line num="27" count="6" type="stmt"/>
          <line num="28" count="3" type="stmt"/>
          <line num="30" count="6" type="cond" truecount="1" falsecount="1"/>
          <line num="31" count="6" type="stmt"/>
          <line num="32" count="6" type="stmt"/>
          <line num="33" count="6" type="stmt"/>
          <line num="34" count="6" type="stmt"/>
          <line num="40" count="1" type="stmt"/>
          <line num="41" count="1" type="stmt"/>
          <line num="48" count="5" type="stmt"/>
        </file>
        <file name="EVMStack.ts" path="/home/nando/ethereum/ethereum-graph-debugger-ts/egd-ts/src/api/symbolic/evm/EVMStack.ts">
          <metrics statements="7" coveredstatements="7" conditionals="0" coveredconditionals="0" methods="6" coveredmethods="6"/>
          <line num="3" count="11" type="stmt"/>
          <line num="4" count="34" type="stmt"/>
          <line num="7" count="89" type="stmt"/>
          <line num="11" count="14" type="stmt"/>
          <line num="15" count="1" type="stmt"/>
          <line num="19" count="32" type="stmt"/>
          <line num="23" count="34" type="stmt"/>
        </file>
        <file name="EVMStorage.ts" path="/home/nando/ethereum/ethereum-graph-debugger-ts/egd-ts/src/api/symbolic/evm/EVMStorage.ts">
          <metrics statements="8" coveredstatements="2" conditionals="4" coveredconditionals="0" methods="3" coveredmethods="1"/>
          <line num="3" count="10" type="stmt"/>
          <line num="4" count="30" type="stmt"/>
          <line num="8" count="0" type="cond" truecount="0" falsecount="2"/>
          <line num="9" count="0" type="stmt"/>
          <line num="11" count="0" type="stmt"/>
          <line num="16" count="0" type="cond" truecount="0" falsecount="2"/>
          <line num="17" count="0" type="stmt"/>
          <line num="19" count="0" type="stmt"/>
        </file>
        <file name="Symbols.ts" path="/home/nando/ethereum/ethereum-graph-debugger-ts/egd-ts/src/api/symbolic/evm/Symbols.ts">
          <metrics statements="5" coveredstatements="5" conditionals="2" coveredconditionals="2" methods="1" coveredmethods="1"/>
          <line num="1" count="10" type="cond" truecount="2" falsecount="0"/>
          <line num="3" count="10" type="stmt"/>
          <line num="4" count="10" type="stmt"/>
          <line num="5" count="10" type="stmt"/>
          <line num="6" count="10" type="stmt"/>
        </file>
        <file name="Word.ts" path="/home/nando/ethereum/ethereum-graph-debugger-ts/egd-ts/src/api/symbolic/evm/Word.ts">
          <metrics statements="5" coveredstatements="5" conditionals="0" coveredconditionals="0" methods="2" coveredmethods="2"/>
          <line num="1" count="12" type="stmt"/>
          <line num="4" count="12" type="stmt"/>
          <line num="5" count="12" type="stmt"/>
          <line num="12" count="67" type="stmt"/>
          <line num="16" count="4" type="stmt"/>
        </file>
      </package>
      <package name="api.symbolic.evm.exec">
        <metrics statements="121" coveredstatements="120" conditionals="10" coveredconditionals="7" methods="12" coveredmethods="11"/>
        <file name="Calldatasize.ts" path="/home/nando/ethereum/ethereum-graph-debugger-ts/egd-ts/src/api/symbolic/evm/exec/Calldatasize.ts">
          <metrics statements="4" coveredstatements="4" conditionals="0" coveredconditionals="0" methods="1" coveredmethods="1"/>
          <line num="4" count="10" type="stmt"/>
          <line num="5" count="10" type="stmt"/>
          <line num="7" count="10" type="stmt"/>
          <line num="10" count="1" type="stmt"/>
        </file>
        <file name="Callvalue.ts" path="/home/nando/ethereum/ethereum-graph-debugger-ts/egd-ts/src/api/symbolic/evm/exec/Callvalue.ts">
          <metrics statements="4" coveredstatements="4" conditionals="0" coveredconditionals="0" methods="1" coveredmethods="1"/>
          <line num="4" count="10" type="stmt"/>
          <line num="5" count="10" type="stmt"/>
          <line num="7" count="10" type="stmt"/>
          <line num="10" count="1" type="stmt"/>
        </file>
        <file name="Dup.ts" path="/home/nando/ethereum/ethereum-graph-debugger-ts/egd-ts/src/api/symbolic/evm/exec/Dup.ts">
          <metrics statements="4" coveredstatements="4" conditionals="0" coveredconditionals="0" methods="1" coveredmethods="1"/>
          <line num="5" count="10" type="stmt"/>
          <line num="7" count="5" type="stmt"/>
          <line num="8" count="5" type="stmt"/>
          <line num="9" count="5" type="stmt"/>
        </file>
        <file name="IsZero.ts" path="/home/nando/ethereum/ethereum-graph-debugger-ts/egd-ts/src/api/symbolic/evm/exec/IsZero.ts">
          <metrics statements="9" coveredstatements="8" conditionals="4" coveredconditionals="3" methods="1" coveredmethods="1"/>
          <line num="4" count="10" type="stmt"/>
          <line num="5" count="10" type="stmt"/>
          <line num="7" count="10" type="stmt"/>
          <line num="10" count="2" type="stmt"/>
          <line num="11" count="2" type="cond" truecount="1" falsecount="1"/>
          <line num="12" count="2" type="cond" truecount="2" falsecount="0"/>
          <line num="13" count="1" type="stmt"/>
          <line num="15" count="1" type="stmt"/>
          <line num="18" count="0" type="stmt"/>
        </file>
        <file name="Jumpi.ts" path="/home/nando/ethereum/ethereum-graph-debugger-ts/egd-ts/src/api/symbolic/evm/exec/Jumpi.ts">
          <metrics statements="4" coveredstatements="4" conditionals="0" coveredconditionals="0" methods="1" coveredmethods="1"/>
          <line num="5" count="10" type="stmt"/>
          <line num="8" count="1" type="stmt"/>
          <line num="9" count="1" type="stmt"/>
          <line num="10" count="1" type="stmt"/>
        </file>
        <file name="MStore.ts" path="/home/nando/ethereum/ethereum-graph-debugger-ts/egd-ts/src/api/symbolic/evm/exec/MStore.ts">
          <metrics statements="5" coveredstatements="5" conditionals="2" coveredconditionals="1" methods="1" coveredmethods="1"/>
          <line num="5" count="10" type="stmt"/>
          <line num="8" count="1" type="stmt"/>
          <line num="9" count="1" type="stmt"/>
          <line num="10" count="1" type="cond" truecount="1" falsecount="1"/>
          <line num="11" count="1" type="stmt"/>
        </file>
        <file name="Mstore8.ts" path="/home/nando/ethereum/ethereum-graph-debugger-ts/egd-ts/src/api/symbolic/evm/exec/Mstore8.ts">
          <metrics statements="5" coveredstatements="5" conditionals="4" coveredconditionals="3" methods="1" coveredmethods="1"/>
          <line num="5" count="10" type="stmt"/>
          <line num="8" count="2" type="stmt"/>
          <line num="9" count="2" type="stmt"/>
          <line num="10" count="2" type="cond" truecount="3" falsecount="1"/>
          <line num="11" count="2" type="stmt"/>
        </file>
        <file name="Nop.ts" path="/home/nando/ethereum/ethereum-graph-debugger-ts/egd-ts/src/api/symbolic/evm/exec/Nop.ts">
          <metrics statements="1" coveredstatements="1" conditionals="0" coveredconditionals="0" methods="1" coveredmethods="0"/>
          <line num="5" count="10" type="stmt"/>
        </file>
        <file name="OpcodeExecutor.ts" path="/home/nando/ethereum/ethereum-graph-debugger-ts/egd-ts/src/api/symbolic/evm/exec/OpcodeExecutor.ts">
          <metrics statements="74" coveredstatements="74" conditionals="0" coveredconditionals="0" methods="1" coveredmethods="1"/>
          <line num="1" count="10" type="stmt"/>
          <line num="2" count="10" type="stmt"/>
          <line num="3" count="10" type="stmt"/>
          <line num="4" count="10" type="stmt"/>
          <line num="5" count="10" type="stmt"/>
          <line num="6" count="10" type="stmt"/>
          <line num="7" count="10" type="stmt"/>
          <line num="8" count="10" type="stmt"/>
          <line num="9" count="10" type="stmt"/>
          <line num="10" count="10" type="stmt"/>
          <line num="11" count="10" type="stmt"/>
          <line num="14" count="10" type="stmt"/>
          <line num="15" count="10" type="stmt"/>
          <line num="18" count="10" type="stmt"/>
          <line num="19" count="10" type="stmt"/>
          <line num="20" count="10" type="stmt"/>
          <line num="21" count="10" type="stmt"/>
          <line num="22" count="10" type="stmt"/>
          <line num="23" count="10" type="stmt"/>
          <line num="24" count="10" type="stmt"/>
          <line num="25" count="10" type="stmt"/>
          <line num="26" count="10" type="stmt"/>
          <line num="27" count="10" type="stmt"/>
          <line num="28" count="10" type="stmt"/>
          <line num="29" count="10" type="stmt"/>
          <line num="30" count="10" type="stmt"/>
          <line num="31" count="10" type="stmt"/>
          <line num="32" count="10" type="stmt"/>
          <line num="33" count="10" type="stmt"/>
          <line num="34" count="10" type="stmt"/>
          <line num="35" count="10" type="stmt"/>
          <line num="36" count="10" type="stmt"/>
          <line num="37" count="10" type="stmt"/>
          <line num="38" count="10" type="stmt"/>
          <line num="39" count="10" type="stmt"/>
          <line num="40" count="10" type="stmt"/>
          <line num="41" count="10" type="stmt"/>
          <line num="42" count="10" type="stmt"/>
          <line num="43" count="10" type="stmt"/>
          <line num="44" count="10" type="stmt"/>
          <line num="45" count="10" type="stmt"/>
          <line num="46" count="10" type="stmt"/>
          <line num="47" count="10" type="stmt"/>
          <line num="48" count="10" type="stmt"/>
          <line num="49" count="10" type="stmt"/>
          <line num="51" count="10" type="stmt"/>
          <line num="52" count="10" type="stmt"/>
          <line num="53" count="10" type="stmt"/>
          <line num="54" count="10" type="stmt"/>
          <line num="55" count="10" type="stmt"/>
          <line num="56" count="10" type="stmt"/>
          <line num="57" count="10" type="stmt"/>
          <line num="58" count="10" type="stmt"/>
          <line num="59" count="10" type="stmt"/>
          <line num="60" count="10" type="stmt"/>
          <line num="61" count="10" type="stmt"/>
          <line num="62" count="10" type="stmt"/>
          <line num="63" count="10" type="stmt"/>
          <line num="64" count="10" type="stmt"/>
          <line num="65" count="10" type="stmt"/>
          <line num="66" count="10" type="stmt"/>
          <line num="68" count="10" type="stmt"/>
          <line num="70" count="10" type="stmt"/>
          <line num="71" count="10" type="stmt"/>
          <line num="72" count="10" type="stmt"/>
          <line num="73" count="10" type="stmt"/>
          <line num="76" count="10" type="stmt"/>
          <line num="77" count="10" type="stmt"/>
          <line num="80" count="10" type="stmt"/>
          <line num="81" count="10" type="stmt"/>
          <line num="82" count="10" type="stmt"/>
          <line num="83" count="10" type="stmt"/>
          <line num="84" count="10" type="stmt"/>
          <line num="85" count="10" type="stmt"/>
        </file>
        <file name="Pop.ts" path="/home/nando/ethereum/ethereum-graph-debugger-ts/egd-ts/src/api/symbolic/evm/exec/Pop.ts">
          <metrics statements="2" coveredstatements="2" conditionals="0" coveredconditionals="0" methods="1" coveredmethods="1"/>
          <line num="5" count="10" type="stmt"/>
          <line num="7" count="3" type="stmt"/>
        </file>
        <file name="Push.ts" path="/home/nando/ethereum/ethereum-graph-debugger-ts/egd-ts/src/api/symbolic/evm/exec/Push.ts">
          <metrics statements="4" coveredstatements="4" conditionals="0" coveredconditionals="0" methods="1" coveredmethods="1"/>
          <line num="1" count="10" type="stmt"/>
          <line num="8" count="10" type="stmt"/>
          <line num="11" count="71" type="stmt"/>
          <line num="15" count="71" type="stmt"/>
        </file>
        <file name="TestUtils.ts" path="/home/nando/ethereum/ethereum-graph-debugger-ts/egd-ts/src/api/symbolic/evm/exec/TestUtils.ts">
          <metrics statements="5" coveredstatements="5" conditionals="0" coveredconditionals="0" methods="1" coveredmethods="1"/>
          <line num="6" count="10" type="stmt"/>
          <line num="8" count="10" type="stmt"/>
          <line num="14" count="30" type="stmt"/>
          <line num="15" count="30" type="stmt"/>
          <line num="16" count="30" type="stmt"/>
        </file>
      </package>
      <package name="inversify">
        <metrics statements="25" coveredstatements="0" conditionals="0" coveredconditionals="0" methods="2" coveredmethods="0"/>
        <file name="ioc.ts" path="/home/nando/ethereum/ethereum-graph-debugger-ts/egd-ts/src/inversify/ioc.ts">
          <metrics statements="23" coveredstatements="0" conditionals="0" coveredconditionals="0" methods="2" coveredmethods="0"/>
          <line num="1" count="0" type="stmt"/>
          <line num="2" count="0" type="stmt"/>
          <line num="3" count="0" type="stmt"/>
          <line num="5" count="0" type="stmt"/>
          <line num="6" count="0" type="stmt"/>
          <line num="7" count="0" type="stmt"/>
          <line num="9" count="0" type="stmt"/>
          <line num="12" count="0" type="stmt"/>
          <line num="14" count="0" type="stmt"/>
          <line num="16" count="0" type="stmt"/>
          <line num="17" count="0" type="stmt"/>
          <line num="18" count="0" type="stmt"/>
          <line num="20" count="0" type="stmt"/>
          <line num="22" count="0" type="stmt"/>
          <line num="23" count="0" type="stmt"/>
          <line num="24" count="0" type="stmt"/>
          <line num="25" count="0" type="stmt"/>
          <line num="26" count="0" type="stmt"/>
          <line num="28" count="0" type="stmt"/>
          <line num="32" count="0" type="stmt"/>
          <line num="37" count="0" type="stmt"/>
          <line num="38" count="0" type="stmt"/>
          <line num="43" count="0" type="stmt"/>
        </file>
        <file name="types.ts" path="/home/nando/ethereum/ethereum-graph-debugger-ts/egd-ts/src/inversify/types.ts">
          <metrics statements="2" coveredstatements="0" conditionals="0" coveredconditionals="0" methods="0" coveredmethods="0"/>
          <line num="1" count="0" type="stmt"/>
          <line num="10" count="0" type="stmt"/>
        </file>
      </package>
    </metrics>
  </project>
</coverage>
