<?xml version="1.0" encoding="UTF-8"?>
<coverage generated="1542701998906" clover="3.2.0">
  <project timestamp="1542701998906" name="All files">
    <metrics statements="615" coveredstatements="518" conditionals="117" coveredconditionals="74" methods="84" coveredmethods="63" elements="816" coveredelements="655" complexity="0" loc="615" ncloc="615" packages="8" files="41" classes="41">
      <package name="api.blockchain">
        <metrics statements="6" coveredstatements="0" conditionals="0" coveredconditionals="0" methods="2" coveredmethods="0"/>
        <file name="Web3Instance.ts" path="/home/nando/ethereum/ethereum-graph-debugger-ts/egd-ts/src/api/blockchain/Web3Instance.ts">
          <metrics statements="6" coveredstatements="0" conditionals="0" coveredconditionals="0" methods="2" coveredmethods="0"/>
          <line num="1" count="0" type="stmt"/>
          <line num="3" count="0" type="stmt"/>
          <line num="6" count="0" type="stmt"/>
          <line num="11" count="0" type="stmt"/>
          <line num="12" count="0" type="stmt"/>
          <line num="16" count="0" type="stmt"/>
        </file>
      </package>
      <package name="api.bytecode">
        <metrics statements="202" coveredstatements="200" conditionals="18" coveredconditionals="15" methods="13" coveredmethods="13"/>
        <file name="EVMDisassembler.ts" path="/home/nando/ethereum/ethereum-graph-debugger-ts/egd-ts/src/api/bytecode/EVMDisassembler.ts">
          <metrics statements="57" coveredstatements="55" conditionals="16" coveredconditionals="13" methods="11" coveredmethods="11"/>
          <line num="3" count="19" type="stmt"/>
          <line num="4" count="19" type="stmt"/>
          <line num="5" count="19" type="stmt"/>
          <line num="8" count="19" type="stmt"/>
          <line num="11" count="19" type="stmt"/>
          <line num="12" count="75" type="stmt"/>
          <line num="17" count="1" type="stmt"/>
          <line num="18" count="1" type="stmt"/>
          <line num="19" count="1" type="stmt"/>
          <line num="20" count="1" type="stmt"/>
          <line num="24" count="4" type="stmt"/>
          <line num="26" count="4" type="cond" truecount="1" falsecount="1"/>
          <line num="27" count="0" type="stmt"/>
          <line num="30" count="4" type="cond" truecount="1" falsecount="1"/>
          <line num="31" count="0" type="stmt"/>
          <line num="34" count="4" type="stmt"/>
          <line num="35" count="297" type="stmt"/>
          <line num="36" count="4" type="stmt"/>
          <line num="37" count="4" type="stmt"/>
          <line num="38" count="4" type="cond" truecount="2" falsecount="0"/>
          <line num="39" count="63" type="stmt"/>
          <line num="40" count="3" type="stmt"/>
          <line num="41" count="3" type="stmt"/>
          <line num="43" count="4" type="stmt"/>
          <line num="52" count="75" type="stmt"/>
          <line num="54" count="75" type="cond" truecount="2" falsecount="0"/>
          <line num="55" count="4" type="stmt"/>
          <line num="58" count="75" type="cond" truecount="2" falsecount="0"/>
          <line num="59" count="3" type="stmt"/>
          <line num="62" count="75" type="cond" truecount="2" falsecount="0"/>
          <line num="63" count="1" type="stmt"/>
          <line num="65" count="74" type="stmt"/>
          <line num="66" count="74" type="stmt"/>
          <line num="67" count="74" type="stmt"/>
          <line num="69" count="74" type="stmt"/>
          <line num="70" count="547" type="stmt"/>
          <line num="71" count="547" type="cond" truecount="1" falsecount="1"/>
          <line num="72" count="547" type="cond" truecount="2" falsecount="0"/>
          <line num="73" count="243" type="stmt"/>
          <line num="74" count="243" type="stmt"/>
          <line num="75" count="243" type="stmt"/>
          <line num="76" count="243" type="stmt"/>
          <line num="77" count="243" type="stmt"/>
          <line num="78" count="243" type="stmt"/>
          <line num="80" count="304" type="stmt"/>
          <line num="81" count="304" type="stmt"/>
          <line num="82" count="304" type="stmt"/>
          <line num="85" count="74" type="stmt"/>
          <line num="89" count="3" type="stmt"/>
          <line num="90" count="232" type="stmt"/>
          <line num="91" count="3" type="stmt"/>
          <line num="95" count="547" type="stmt"/>
          <line num="103" count="1" type="stmt"/>
          <line num="104" count="1" type="stmt"/>
          <line num="107" count="1" type="stmt"/>
          <line num="118" count="1" type="stmt"/>
          <line num="122" count="547" type="stmt"/>
        </file>
        <file name="Opcodes.ts" path="/home/nando/ethereum/ethereum-graph-debugger-ts/egd-ts/src/api/bytecode/Opcodes.ts">
          <metrics statements="145" coveredstatements="145" conditionals="2" coveredconditionals="2" methods="2" coveredmethods="2"/>
          <line num="3" count="19" type="stmt"/>
          <line num="4" count="19" type="stmt"/>
          <line num="7" count="19" type="stmt"/>
          <line num="9" count="19" type="stmt"/>
          <line num="10" count="19" type="stmt"/>
          <line num="11" count="19" type="stmt"/>
          <line num="12" count="19" type="stmt"/>
          <line num="13" count="19" type="stmt"/>
          <line num="14" count="19" type="stmt"/>
          <line num="15" count="19" type="stmt"/>
          <line num="16" count="19" type="stmt"/>
          <line num="17" count="19" type="stmt"/>
          <line num="18" count="19" type="stmt"/>
          <line num="19" count="19" type="stmt"/>
          <line num="20" count="19" type="stmt"/>
          <line num="21" count="19" type="stmt"/>
          <line num="22" count="19" type="stmt"/>
          <line num="23" count="19" type="stmt"/>
          <line num="24" count="19" type="stmt"/>
          <line num="25" count="19" type="stmt"/>
          <line num="26" count="19" type="stmt"/>
          <line num="27" count="19" type="stmt"/>
          <line num="28" count="19" type="stmt"/>
          <line num="29" count="19" type="stmt"/>
          <line num="30" count="19" type="stmt"/>
          <line num="31" count="19" type="stmt"/>
          <line num="32" count="19" type="stmt"/>
          <line num="33" count="19" type="stmt"/>
          <line num="34" count="19" type="stmt"/>
          <line num="35" count="19" type="stmt"/>
          <line num="36" count="19" type="stmt"/>
          <line num="37" count="19" type="stmt"/>
          <line num="38" count="19" type="stmt"/>
          <line num="39" count="19" type="stmt"/>
          <line num="40" count="19" type="stmt"/>
          <line num="41" count="19" type="stmt"/>
          <line num="42" count="19" type="stmt"/>
          <line num="43" count="19" type="stmt"/>
          <line num="44" count="19" type="stmt"/>
          <line num="45" count="19" type="stmt"/>
          <line num="46" count="19" type="stmt"/>
          <line num="47" count="19" type="stmt"/>
          <line num="48" count="19" type="stmt"/>
          <line num="49" count="19" type="stmt"/>
          <line num="50" count="19" type="stmt"/>
          <line num="51" count="19" type="stmt"/>
          <line num="52" count="19" type="stmt"/>
          <line num="53" count="19" type="stmt"/>
          <line num="54" count="19" type="stmt"/>
          <line num="55" count="19" type="stmt"/>
          <line num="56" count="19" type="stmt"/>
          <line num="57" count="19" type="stmt"/>
          <line num="58" count="19" type="stmt"/>
          <line num="59" count="19" type="stmt"/>
          <line num="60" count="19" type="stmt"/>
          <line num="61" count="19" type="stmt"/>
          <line num="62" count="19" type="stmt"/>
          <line num="63" count="19" type="stmt"/>
          <line num="64" count="19" type="stmt"/>
          <line num="65" count="19" type="stmt"/>
          <line num="66" count="19" type="stmt"/>
          <line num="67" count="19" type="stmt"/>
          <line num="68" count="19" type="stmt"/>
          <line num="69" count="19" type="stmt"/>
          <line num="70" count="19" type="stmt"/>
          <line num="71" count="19" type="stmt"/>
          <line num="72" count="19" type="stmt"/>
          <line num="73" count="19" type="stmt"/>
          <line num="74" count="19" type="stmt"/>
          <line num="75" count="19" type="stmt"/>
          <line num="76" count="19" type="stmt"/>
          <line num="77" count="19" type="stmt"/>
          <line num="78" count="19" type="stmt"/>
          <line num="79" count="19" type="stmt"/>
          <line num="80" count="19" type="stmt"/>
          <line num="81" count="19" type="stmt"/>
          <line num="82" count="19" type="stmt"/>
          <line num="83" count="19" type="stmt"/>
          <line num="84" count="19" type="stmt"/>
          <line num="85" count="19" type="stmt"/>
          <line num="86" count="19" type="stmt"/>
          <line num="87" count="19" type="stmt"/>
          <line num="88" count="19" type="stmt"/>
          <line num="89" count="19" type="stmt"/>
          <line num="90" count="19" type="stmt"/>
          <line num="91" count="19" type="stmt"/>
          <line num="92" count="19" type="stmt"/>
          <line num="93" count="19" type="stmt"/>
          <line num="94" count="19" type="stmt"/>
          <line num="95" count="19" type="stmt"/>
          <line num="96" count="19" type="stmt"/>
          <line num="97" count="19" type="stmt"/>
          <line num="98" count="19" type="stmt"/>
          <line num="99" count="19" type="stmt"/>
          <line num="100" count="19" type="stmt"/>
          <line num="101" count="19" type="stmt"/>
          <line num="102" count="19" type="stmt"/>
          <line num="103" count="19" type="stmt"/>
          <line num="104" count="19" type="stmt"/>
          <line num="105" count="19" type="stmt"/>
          <line num="106" count="19" type="stmt"/>
          <line num="107" count="19" type="stmt"/>
          <line num="108" count="19" type="stmt"/>
          <line num="109" count="19" type="stmt"/>
          <line num="110" count="19" type="stmt"/>
          <line num="111" count="19" type="stmt"/>
          <line num="112" count="19" type="stmt"/>
          <line num="113" count="19" type="stmt"/>
          <line num="114" count="19" type="stmt"/>
          <line num="115" count="19" type="stmt"/>
          <line num="116" count="19" type="stmt"/>
          <line num="117" count="19" type="stmt"/>
          <line num="118" count="19" type="stmt"/>
          <line num="119" count="19" type="stmt"/>
          <line num="120" count="19" type="stmt"/>
          <line num="121" count="19" type="stmt"/>
          <line num="122" count="19" type="stmt"/>
          <line num="123" count="19" type="stmt"/>
          <line num="124" count="19" type="stmt"/>
          <line num="125" count="19" type="stmt"/>
          <line num="126" count="19" type="stmt"/>
          <line num="127" count="19" type="stmt"/>
          <line num="128" count="19" type="stmt"/>
          <line num="129" count="19" type="stmt"/>
          <line num="130" count="19" type="stmt"/>
          <line num="131" count="19" type="stmt"/>
          <line num="132" count="19" type="stmt"/>
          <line num="133" count="19" type="stmt"/>
          <line num="134" count="19" type="stmt"/>
          <line num="135" count="19" type="stmt"/>
          <line num="136" count="19" type="stmt"/>
          <line num="137" count="19" type="stmt"/>
          <line num="138" count="19" type="stmt"/>
          <line num="139" count="19" type="stmt"/>
          <line num="140" count="19" type="stmt"/>
          <line num="141" count="19" type="stmt"/>
          <line num="142" count="19" type="stmt"/>
          <line num="143" count="19" type="stmt"/>
          <line num="144" count="19" type="stmt"/>
          <line num="146" count="19" type="stmt"/>
          <line num="147" count="4864" type="stmt"/>
          <line num="148" count="4864" type="cond" truecount="2" falsecount="0"/>
          <line num="149" count="2565" type="stmt"/>
          <line num="155" count="65" type="stmt"/>
          <line num="159" count="19" type="stmt"/>
        </file>
      </package>
      <package name="api.cfg">
        <metrics statements="24" coveredstatements="23" conditionals="4" coveredconditionals="4" methods="10" coveredmethods="9"/>
        <file name="CFGBlocks.ts" path="/home/nando/ethereum/ethereum-graph-debugger-ts/egd-ts/src/api/cfg/CFGBlocks.ts">
          <metrics statements="7" coveredstatements="6" conditionals="0" coveredconditionals="0" methods="7" coveredmethods="6"/>
          <line num="3" count="18" type="stmt"/>
          <line num="4" count="74" type="stmt"/>
          <line num="7" count="93" type="stmt"/>
          <line num="11" count="140" type="stmt"/>
          <line num="15" count="35" type="stmt"/>
          <line num="19" count="0" type="stmt"/>
          <line num="23" count="11" type="stmt"/>
        </file>
        <file name="EthereumCFGCreator.ts" path="/home/nando/ethereum/ethereum-graph-debugger-ts/egd-ts/src/api/cfg/EthereumCFGCreator.ts">
          <metrics statements="17" coveredstatements="17" conditionals="4" coveredconditionals="4" methods="3" coveredmethods="3"/>
          <line num="1" count="18" type="stmt"/>
          <line num="3" count="18" type="stmt"/>
          <line num="6" count="18" type="stmt"/>
          <line num="9" count="18" type="stmt"/>
          <line num="10" count="67" type="stmt"/>
          <line num="13" count="67" type="stmt"/>
          <line num="14" count="67" type="stmt"/>
          <line num="15" count="67" type="stmt"/>
          <line num="16" count="252" type="stmt"/>
          <line num="17" count="252" type="cond" truecount="4" falsecount="0"/>
          <line num="18" count="80" type="stmt"/>
          <line num="19" count="80" type="stmt"/>
          <line num="22" count="67" type="stmt"/>
          <line num="26" count="80" type="stmt"/>
          <line num="27" count="80" type="stmt"/>
          <line num="28" count="80" type="stmt"/>
          <line num="32" count="80" type="stmt"/>
        </file>
      </package>
      <package name="api.service.controller">
        <metrics statements="37" coveredstatements="0" conditionals="20" coveredconditionals="0" methods="10" coveredmethods="0"/>
        <file name="DebuggerController.ts" path="/home/nando/ethereum/ethereum-graph-debugger-ts/egd-ts/src/api/service/controller/DebuggerController.ts">
          <metrics statements="9" coveredstatements="0" conditionals="6" coveredconditionals="0" methods="2" coveredmethods="0"/>
          <line num="1" count="0" type="stmt"/>
          <line num="2" count="0" type="stmt"/>
          <line num="3" count="0" type="stmt"/>
          <line num="4" count="0" type="stmt"/>
          <line num="9" count="0" type="stmt"/>
          <line num="10" count="0" type="cond" truecount="0" falsecount="3"/>
          <line num="11" count="0" type="stmt"/>
          <line num="15" count="0" type="cond" truecount="0" falsecount="3"/>
          <line num="16" count="0" type="stmt"/>
        </file>
        <file name="DisassembleController.ts" path="/home/nando/ethereum/ethereum-graph-debugger-ts/egd-ts/src/api/service/controller/DisassembleController.ts">
          <metrics statements="13" coveredstatements="0" conditionals="6" coveredconditionals="0" methods="5" coveredmethods="0"/>
          <line num="1" count="0" type="stmt"/>
          <line num="2" count="0" type="stmt"/>
          <line num="3" count="0" type="stmt"/>
          <line num="4" count="0" type="stmt"/>
          <line num="10" count="0" type="stmt"/>
          <line num="11" count="0" type="cond" truecount="0" falsecount="3"/>
          <line num="12" count="0" type="stmt"/>
          <line num="16" count="0" type="stmt"/>
          <line num="20" count="0" type="stmt"/>
          <line num="21" count="0" type="stmt"/>
          <line num="25" count="0" type="stmt"/>
          <line num="29" count="0" type="stmt"/>
          <line num="36" count="0" type="stmt"/>
        </file>
        <file name="Errors.ts" path="/home/nando/ethereum/ethereum-graph-debugger-ts/egd-ts/src/api/service/controller/Errors.ts">
          <metrics statements="2" coveredstatements="0" conditionals="0" coveredconditionals="0" methods="1" coveredmethods="0"/>
          <line num="1" count="0" type="stmt"/>
          <line num="3" count="0" type="stmt"/>
        </file>
        <file name="FileController.ts" path="/home/nando/ethereum/ethereum-graph-debugger-ts/egd-ts/src/api/service/controller/FileController.ts">
          <metrics statements="13" coveredstatements="0" conditionals="8" coveredconditionals="0" methods="2" coveredmethods="0"/>
          <line num="1" count="0" type="stmt"/>
          <line num="2" count="0" type="stmt"/>
          <line num="4" count="0" type="stmt"/>
          <line num="5" count="0" type="stmt"/>
          <line num="6" count="0" type="stmt"/>
          <line num="10" count="0" type="stmt"/>
          <line num="11" count="0" type="cond" truecount="0" falsecount="3"/>
          <line num="12" count="0" type="stmt"/>
          <line num="16" count="0" type="cond" truecount="0" falsecount="3"/>
          <line num="17" count="0" type="stmt"/>
          <line num="18" count="0" type="cond" truecount="0" falsecount="2"/>
          <line num="19" count="0" type="stmt"/>
          <line num="21" count="0" type="stmt"/>
        </file>
      </package>
      <package name="api.service.service">
        <metrics statements="18" coveredstatements="0" conditionals="7" coveredconditionals="0" methods="4" coveredmethods="0"/>
        <file name="FileServiceDefault.ts" path="/home/nando/ethereum/ethereum-graph-debugger-ts/egd-ts/src/api/service/service/FileServiceDefault.ts">
          <metrics statements="9" coveredstatements="0" conditionals="0" coveredconditionals="0" methods="2" coveredmethods="0"/>
          <line num="3" count="0" type="stmt"/>
          <line num="4" count="0" type="stmt"/>
          <line num="5" count="0" type="stmt"/>
          <line num="6" count="0" type="stmt"/>
          <line num="9" count="0" type="stmt"/>
          <line num="11" count="0" type="stmt"/>
          <line num="13" count="0" type="stmt"/>
          <line num="14" count="0" type="stmt"/>
          <line num="15" count="0" type="stmt"/>
        </file>
        <file name="TransactionServiceImpl.ts" path="/home/nando/ethereum/ethereum-graph-debugger-ts/egd-ts/src/api/service/service/TransactionServiceImpl.ts">
          <metrics statements="9" coveredstatements="0" conditionals="7" coveredconditionals="0" methods="2" coveredmethods="0"/>
          <line num="2" count="0" type="stmt"/>
          <line num="3" count="0" type="stmt"/>
          <line num="4" count="0" type="stmt"/>
          <line num="6" count="0" type="stmt"/>
          <line num="9" count="0" type="stmt"/>
          <line num="12" count="0" type="cond" truecount="0" falsecount="7"/>
          <line num="13" count="0" type="stmt"/>
          <line num="17" count="0" type="stmt"/>
          <line num="18" count="0" type="stmt"/>
        </file>
      </package>
      <package name="api.symbolic.evm">
        <metrics statements="97" coveredstatements="89" conditionals="34" coveredconditionals="23" methods="23" coveredmethods="21"/>
        <file name="EVM.ts" path="/home/nando/ethereum/ethereum-graph-debugger-ts/egd-ts/src/api/symbolic/evm/EVM.ts">
          <metrics statements="7" coveredstatements="7" conditionals="0" coveredconditionals="0" methods="1" coveredmethods="1"/>
          <line num="1" count="17" type="stmt"/>
          <line num="2" count="17" type="stmt"/>
          <line num="3" count="17" type="stmt"/>
          <line num="6" count="17" type="stmt"/>
          <line num="13" count="60" type="stmt"/>
          <line num="14" count="60" type="stmt"/>
          <line num="15" count="60" type="stmt"/>
        </file>
        <file name="EVMExecutor.ts" path="/home/nando/ethereum/ethereum-graph-debugger-ts/egd-ts/src/api/symbolic/evm/EVMExecutor.ts">
          <metrics statements="39" coveredstatements="37" conditionals="24" coveredconditionals="19" methods="4" coveredmethods="4"/>
          <line num="1" count="17" type="stmt"/>
          <line num="4" count="17" type="stmt"/>
          <line num="9" count="17" type="stmt"/>
          <line num="10" count="60" type="stmt"/>
          <line num="16" count="60" type="stmt"/>
          <line num="17" count="60" type="stmt"/>
          <line num="18" count="60" type="stmt"/>
          <line num="22" count="65" type="stmt"/>
          <line num="23" count="65" type="cond" truecount="1" falsecount="1"/>
          <line num="24" count="0" type="stmt"/>
          <line num="26" count="65" type="stmt"/>
          <line num="27" count="65" type="stmt"/>
          <line num="28" count="65" type="stmt"/>
          <line num="29" count="5" type="cond" truecount="3" falsecount="1"/>
          <line num="30" count="5" type="cond" truecount="2" falsecount="0"/>
          <line num="31" count="3" type="stmt"/>
          <line num="32" count="2" type="cond" truecount="1" falsecount="1"/>
          <line num="33" count="2" type="stmt"/>
          <line num="36" count="5" type="stmt"/>
          <line num="41" count="65" type="stmt"/>
          <line num="42" count="214" type="stmt"/>
          <line num="43" count="214" type="cond" truecount="1" falsecount="1"/>
          <line num="44" count="0" type="stmt"/>
          <line num="46" count="214" type="stmt"/>
          <line num="51" count="65" type="stmt"/>
          <line num="52" count="65" type="stmt"/>
          <line num="53" count="65" type="stmt"/>
          <line num="54" count="65" type="cond" truecount="2" falsecount="0"/>
          <line num="55" count="5" type="stmt"/>
          <line num="56" count="5" type="stmt"/>
          <line num="57" count="5" type="cond" truecount="3" falsecount="1"/>
          <line num="58" count="5" type="stmt"/>
          <line num="59" count="5" type="cond" truecount="2" falsecount="0"/>
          <line num="60" count="3" type="stmt"/>
          <line num="64" count="65" type="cond" truecount="2" falsecount="0"/>
          <line num="65" count="58" type="stmt"/>
          <line num="66" count="58" type="cond" truecount="2" falsecount="0"/>
          <line num="67" count="2" type="stmt"/>
          <line num="70" count="65" type="stmt"/>
        </file>
        <file name="EVMMemory.ts" path="/home/nando/ethereum/ethereum-graph-debugger-ts/egd-ts/src/api/symbolic/evm/EVMMemory.ts">
          <metrics statements="20" coveredstatements="20" conditionals="4" coveredconditionals="2" methods="6" coveredmethods="6"/>
          <line num="1" count="18" type="stmt"/>
          <line num="2" count="18" type="stmt"/>
          <line num="4" count="18" type="stmt"/>
          <line num="8" count="67" type="stmt"/>
          <line num="12" count="4" type="stmt"/>
          <line num="16" count="9" type="stmt"/>
          <line num="17" count="4" type="stmt"/>
          <line num="19" count="9" type="cond" truecount="1" falsecount="1"/>
          <line num="20" count="9" type="stmt"/>
          <line num="21" count="9" type="stmt"/>
          <line num="27" count="6" type="stmt"/>
          <line num="28" count="3" type="stmt"/>
          <line num="30" count="6" type="cond" truecount="1" falsecount="1"/>
          <line num="31" count="6" type="stmt"/>
          <line num="32" count="6" type="stmt"/>
          <line num="33" count="6" type="stmt"/>
          <line num="34" count="6" type="stmt"/>
          <line num="40" count="1" type="stmt"/>
          <line num="41" count="1" type="stmt"/>
          <line num="48" count="7" type="stmt"/>
        </file>
        <file name="EVMStack.ts" path="/home/nando/ethereum/ethereum-graph-debugger-ts/egd-ts/src/api/symbolic/evm/EVMStack.ts">
          <metrics statements="7" coveredstatements="7" conditionals="0" coveredconditionals="0" methods="6" coveredmethods="6"/>
          <line num="3" count="18" type="stmt"/>
          <line num="4" count="64" type="stmt"/>
          <line num="7" count="200" type="stmt"/>
          <line num="11" count="88" type="stmt"/>
          <line num="15" count="1" type="stmt"/>
          <line num="19" count="67" type="stmt"/>
          <line num="23" count="61" type="stmt"/>
        </file>
        <file name="EVMStorage.ts" path="/home/nando/ethereum/ethereum-graph-debugger-ts/egd-ts/src/api/symbolic/evm/EVMStorage.ts">
          <metrics statements="8" coveredstatements="2" conditionals="4" coveredconditionals="0" methods="3" coveredmethods="1"/>
          <line num="3" count="17" type="stmt"/>
          <line num="4" count="60" type="stmt"/>
          <line num="8" count="0" type="cond" truecount="0" falsecount="2"/>
          <line num="9" count="0" type="stmt"/>
          <line num="11" count="0" type="stmt"/>
          <line num="16" count="0" type="cond" truecount="0" falsecount="2"/>
          <line num="17" count="0" type="stmt"/>
          <line num="19" count="0" type="stmt"/>
        </file>
        <file name="Symbols.ts" path="/home/nando/ethereum/ethereum-graph-debugger-ts/egd-ts/src/api/symbolic/evm/Symbols.ts">
          <metrics statements="6" coveredstatements="6" conditionals="2" coveredconditionals="2" methods="1" coveredmethods="1"/>
          <line num="1" count="17" type="cond" truecount="2" falsecount="0"/>
          <line num="3" count="17" type="stmt"/>
          <line num="4" count="17" type="stmt"/>
          <line num="5" count="17" type="stmt"/>
          <line num="6" count="17" type="stmt"/>
          <line num="7" count="17" type="stmt"/>
        </file>
        <file name="UintUtils.ts" path="/home/nando/ethereum/ethereum-graph-debugger-ts/egd-ts/src/api/symbolic/evm/UintUtils.ts">
          <metrics statements="5" coveredstatements="5" conditionals="0" coveredconditionals="0" methods="0" coveredmethods="0"/>
          <line num="1" count="17" type="stmt"/>
          <line num="3" count="17" type="stmt"/>
          <line num="4" count="17" type="stmt"/>
          <line num="5" count="17" type="stmt"/>
          <line num="6" count="17" type="stmt"/>
        </file>
        <file name="Word.ts" path="/home/nando/ethereum/ethereum-graph-debugger-ts/egd-ts/src/api/symbolic/evm/Word.ts">
          <metrics statements="5" coveredstatements="5" conditionals="0" coveredconditionals="0" methods="2" coveredmethods="2"/>
          <line num="1" count="19" type="stmt"/>
          <line num="4" count="19" type="stmt"/>
          <line num="5" count="19" type="stmt"/>
          <line num="12" count="108" type="stmt"/>
          <line num="16" count="25" type="stmt"/>
        </file>
      </package>
      <package name="api.symbolic.evm.exec">
        <metrics statements="206" coveredstatements="206" conditionals="34" coveredconditionals="32" methods="20" coveredmethods="20"/>
        <file name="Add.ts" path="/home/nando/ethereum/ethereum-graph-debugger-ts/egd-ts/src/api/symbolic/evm/exec/Add.ts">
          <metrics statements="12" coveredstatements="12" conditionals="4" coveredconditionals="4" methods="1" coveredmethods="1"/>
          <line num="4" count="17" type="stmt"/>
          <line num="5" count="17" type="stmt"/>
          <line num="6" count="17" type="stmt"/>
          <line num="8" count="17" type="stmt"/>
          <line num="10" count="6" type="stmt"/>
          <line num="11" count="6" type="stmt"/>
          <line num="12" count="6" type="cond" truecount="4" falsecount="0"/>
          <line num="13" count="5" type="stmt"/>
          <line num="14" count="5" type="stmt"/>
          <line num="15" count="5" type="stmt"/>
          <line num="16" count="5" type="stmt"/>
          <line num="18" count="1" type="stmt"/>
        </file>
        <file name="Calldataload.ts" path="/home/nando/ethereum/ethereum-graph-debugger-ts/egd-ts/src/api/symbolic/evm/exec/Calldataload.ts">
          <metrics statements="5" coveredstatements="5" conditionals="0" coveredconditionals="0" methods="1" coveredmethods="1"/>
          <line num="4" count="17" type="stmt"/>
          <line num="5" count="17" type="stmt"/>
          <line num="7" count="17" type="stmt"/>
          <line num="9" count="1" type="stmt"/>
          <line num="10" count="1" type="stmt"/>
        </file>
        <file name="Calldatasize.ts" path="/home/nando/ethereum/ethereum-graph-debugger-ts/egd-ts/src/api/symbolic/evm/exec/Calldatasize.ts">
          <metrics statements="4" coveredstatements="4" conditionals="0" coveredconditionals="0" methods="1" coveredmethods="1"/>
          <line num="4" count="17" type="stmt"/>
          <line num="5" count="17" type="stmt"/>
          <line num="7" count="17" type="stmt"/>
          <line num="9" count="1" type="stmt"/>
        </file>
        <file name="Callvalue.ts" path="/home/nando/ethereum/ethereum-graph-debugger-ts/egd-ts/src/api/symbolic/evm/exec/Callvalue.ts">
          <metrics statements="4" coveredstatements="4" conditionals="0" coveredconditionals="0" methods="1" coveredmethods="1"/>
          <line num="4" count="17" type="stmt"/>
          <line num="5" count="17" type="stmt"/>
          <line num="7" count="17" type="stmt"/>
          <line num="9" count="8" type="stmt"/>
        </file>
        <file name="Div.ts" path="/home/nando/ethereum/ethereum-graph-debugger-ts/egd-ts/src/api/symbolic/evm/exec/Div.ts">
          <metrics statements="14" coveredstatements="14" conditionals="6" coveredconditionals="6" methods="1" coveredmethods="1"/>
          <line num="4" count="17" type="stmt"/>
          <line num="5" count="17" type="stmt"/>
          <line num="6" count="17" type="stmt"/>
          <line num="8" count="17" type="stmt"/>
          <line num="10" count="5" type="stmt"/>
          <line num="11" count="5" type="stmt"/>
          <line num="12" count="5" type="cond" truecount="4" falsecount="0"/>
          <line num="13" count="4" type="stmt"/>
          <line num="14" count="4" type="stmt"/>
          <line num="15" count="4" type="stmt"/>
          <line num="16" count="4" type="cond" truecount="2" falsecount="0"/>
          <line num="17" count="3" type="stmt"/>
          <line num="19" count="4" type="stmt"/>
          <line num="21" count="1" type="stmt"/>
        </file>
        <file name="Dup.ts" path="/home/nando/ethereum/ethereum-graph-debugger-ts/egd-ts/src/api/symbolic/evm/exec/Dup.ts">
          <metrics statements="4" coveredstatements="4" conditionals="0" coveredconditionals="0" methods="1" coveredmethods="1"/>
          <line num="5" count="17" type="stmt"/>
          <line num="7" count="13" type="stmt"/>
          <line num="8" count="13" type="stmt"/>
          <line num="9" count="13" type="stmt"/>
        </file>
        <file name="IsZero.ts" path="/home/nando/ethereum/ethereum-graph-debugger-ts/egd-ts/src/api/symbolic/evm/exec/IsZero.ts">
          <metrics statements="9" coveredstatements="9" conditionals="4" coveredconditionals="4" methods="1" coveredmethods="1"/>
          <line num="4" count="17" type="stmt"/>
          <line num="5" count="17" type="stmt"/>
          <line num="7" count="17" type="stmt"/>
          <line num="9" count="4" type="stmt"/>
          <line num="10" count="4" type="cond" truecount="2" falsecount="0"/>
          <line num="11" count="2" type="cond" truecount="2" falsecount="0"/>
          <line num="12" count="1" type="stmt"/>
          <line num="14" count="1" type="stmt"/>
          <line num="17" count="2" type="stmt"/>
        </file>
        <file name="Jump.ts" path="/home/nando/ethereum/ethereum-graph-debugger-ts/egd-ts/src/api/symbolic/evm/exec/Jump.ts">
          <metrics statements="3" coveredstatements="3" conditionals="0" coveredconditionals="0" methods="1" coveredmethods="1"/>
          <line num="5" count="17" type="stmt"/>
          <line num="7" count="2" type="stmt"/>
          <line num="8" count="2" type="stmt"/>
        </file>
        <file name="Jumpi.ts" path="/home/nando/ethereum/ethereum-graph-debugger-ts/egd-ts/src/api/symbolic/evm/exec/Jumpi.ts">
          <metrics statements="4" coveredstatements="4" conditionals="0" coveredconditionals="0" methods="1" coveredmethods="1"/>
          <line num="5" count="17" type="stmt"/>
          <line num="7" count="3" type="stmt"/>
          <line num="8" count="3" type="stmt"/>
          <line num="9" count="3" type="stmt"/>
        </file>
        <file name="Lt.ts" path="/home/nando/ethereum/ethereum-graph-debugger-ts/egd-ts/src/api/symbolic/evm/exec/Lt.ts">
          <metrics statements="10" coveredstatements="10" conditionals="6" coveredconditionals="6" methods="1" coveredmethods="1"/>
          <line num="4" count="17" type="stmt"/>
          <line num="5" count="17" type="stmt"/>
          <line num="7" count="17" type="stmt"/>
          <line num="9" count="4" type="stmt"/>
          <line num="10" count="4" type="stmt"/>
          <line num="11" count="4" type="cond" truecount="4" falsecount="0"/>
          <line num="12" count="3" type="cond" truecount="2" falsecount="0"/>
          <line num="13" count="1" type="stmt"/>
          <line num="15" count="2" type="stmt"/>
          <line num="18" count="1" type="stmt"/>
        </file>
        <file name="MStore.ts" path="/home/nando/ethereum/ethereum-graph-debugger-ts/egd-ts/src/api/symbolic/evm/exec/MStore.ts">
          <metrics statements="5" coveredstatements="5" conditionals="2" coveredconditionals="1" methods="1" coveredmethods="1"/>
          <line num="5" count="17" type="stmt"/>
          <line num="7" count="3" type="stmt"/>
          <line num="8" count="3" type="stmt"/>
          <line num="9" count="3" type="cond" truecount="1" falsecount="1"/>
          <line num="10" count="3" type="stmt"/>
        </file>
        <file name="Mstore8.ts" path="/home/nando/ethereum/ethereum-graph-debugger-ts/egd-ts/src/api/symbolic/evm/exec/Mstore8.ts">
          <metrics statements="5" coveredstatements="5" conditionals="4" coveredconditionals="3" methods="1" coveredmethods="1"/>
          <line num="5" count="17" type="stmt"/>
          <line num="7" count="2" type="stmt"/>
          <line num="8" count="2" type="stmt"/>
          <line num="9" count="2" type="cond" truecount="3" falsecount="1"/>
          <line num="10" count="2" type="stmt"/>
        </file>
        <file name="Mul.ts" path="/home/nando/ethereum/ethereum-graph-debugger-ts/egd-ts/src/api/symbolic/evm/exec/Mul.ts">
          <metrics statements="12" coveredstatements="12" conditionals="4" coveredconditionals="4" methods="1" coveredmethods="1"/>
          <line num="4" count="17" type="stmt"/>
          <line num="5" count="17" type="stmt"/>
          <line num="6" count="17" type="stmt"/>
          <line num="8" count="17" type="stmt"/>
          <line num="10" count="7" type="stmt"/>
          <line num="11" count="7" type="stmt"/>
          <line num="12" count="7" type="cond" truecount="4" falsecount="0"/>
          <line num="13" count="6" type="stmt"/>
          <line num="14" count="6" type="stmt"/>
          <line num="15" count="6" type="stmt"/>
          <line num="16" count="6" type="stmt"/>
          <line num="18" count="1" type="stmt"/>
        </file>
        <file name="Nop.ts" path="/home/nando/ethereum/ethereum-graph-debugger-ts/egd-ts/src/api/symbolic/evm/exec/Nop.ts">
          <metrics statements="1" coveredstatements="1" conditionals="0" coveredconditionals="0" methods="1" coveredmethods="1"/>
          <line num="5" count="17" type="stmt"/>
        </file>
        <file name="OpcodeExecutor.ts" path="/home/nando/ethereum/ethereum-graph-debugger-ts/egd-ts/src/api/symbolic/evm/exec/OpcodeExecutor.ts">
          <metrics statements="89" coveredstatements="89" conditionals="0" coveredconditionals="0" methods="1" coveredmethods="1"/>
          <line num="1" count="17" type="stmt"/>
          <line num="2" count="17" type="stmt"/>
          <line num="3" count="17" type="stmt"/>
          <line num="4" count="17" type="stmt"/>
          <line num="5" count="17" type="stmt"/>
          <line num="6" count="17" type="stmt"/>
          <line num="7" count="17" type="stmt"/>
          <line num="8" count="17" type="stmt"/>
          <line num="9" count="17" type="stmt"/>
          <line num="10" count="17" type="stmt"/>
          <line num="11" count="17" type="stmt"/>
          <line num="12" count="17" type="stmt"/>
          <line num="13" count="17" type="stmt"/>
          <line num="14" count="17" type="stmt"/>
          <line num="15" count="17" type="stmt"/>
          <line num="16" count="17" type="stmt"/>
          <line num="17" count="17" type="stmt"/>
          <line num="18" count="17" type="stmt"/>
          <line num="19" count="17" type="stmt"/>
          <line num="22" count="17" type="stmt"/>
          <line num="23" count="17" type="stmt"/>
          <line num="26" count="17" type="stmt"/>
          <line num="27" count="17" type="stmt"/>
          <line num="28" count="17" type="stmt"/>
          <line num="29" count="17" type="stmt"/>
          <line num="30" count="17" type="stmt"/>
          <line num="31" count="17" type="stmt"/>
          <line num="32" count="17" type="stmt"/>
          <line num="33" count="17" type="stmt"/>
          <line num="34" count="17" type="stmt"/>
          <line num="35" count="17" type="stmt"/>
          <line num="36" count="17" type="stmt"/>
          <line num="37" count="17" type="stmt"/>
          <line num="38" count="17" type="stmt"/>
          <line num="39" count="17" type="stmt"/>
          <line num="40" count="17" type="stmt"/>
          <line num="41" count="17" type="stmt"/>
          <line num="42" count="17" type="stmt"/>
          <line num="43" count="17" type="stmt"/>
          <line num="44" count="17" type="stmt"/>
          <line num="45" count="17" type="stmt"/>
          <line num="46" count="17" type="stmt"/>
          <line num="47" count="17" type="stmt"/>
          <line num="48" count="17" type="stmt"/>
          <line num="49" count="17" type="stmt"/>
          <line num="50" count="17" type="stmt"/>
          <line num="51" count="17" type="stmt"/>
          <line num="52" count="17" type="stmt"/>
          <line num="53" count="17" type="stmt"/>
          <line num="54" count="17" type="stmt"/>
          <line num="55" count="17" type="stmt"/>
          <line num="56" count="17" type="stmt"/>
          <line num="57" count="17" type="stmt"/>
          <line num="59" count="17" type="stmt"/>
          <line num="60" count="17" type="stmt"/>
          <line num="61" count="17" type="stmt"/>
          <line num="62" count="17" type="stmt"/>
          <line num="63" count="17" type="stmt"/>
          <line num="64" count="17" type="stmt"/>
          <line num="65" count="17" type="stmt"/>
          <line num="66" count="17" type="stmt"/>
          <line num="67" count="17" type="stmt"/>
          <line num="68" count="17" type="stmt"/>
          <line num="69" count="17" type="stmt"/>
          <line num="70" count="17" type="stmt"/>
          <line num="71" count="17" type="stmt"/>
          <line num="72" count="17" type="stmt"/>
          <line num="73" count="17" type="stmt"/>
          <line num="74" count="17" type="stmt"/>
          <line num="76" count="17" type="stmt"/>
          <line num="77" count="17" type="stmt"/>
          <line num="79" count="17" type="stmt"/>
          <line num="81" count="17" type="stmt"/>
          <line num="82" count="17" type="stmt"/>
          <line num="83" count="17" type="stmt"/>
          <line num="84" count="17" type="stmt"/>
          <line num="85" count="17" type="stmt"/>
          <line num="86" count="17" type="stmt"/>
          <line num="87" count="17" type="stmt"/>
          <line num="88" count="17" type="stmt"/>
          <line num="89" count="17" type="stmt"/>
          <line num="92" count="17" type="stmt"/>
          <line num="93" count="17" type="stmt"/>
          <line num="94" count="17" type="stmt"/>
          <line num="97" count="17" type="stmt"/>
          <line num="98" count="17" type="stmt"/>
          <line num="99" count="17" type="stmt"/>
          <line num="100" count="17" type="stmt"/>
          <line num="101" count="17" type="stmt"/>
        </file>
        <file name="Pop.ts" path="/home/nando/ethereum/ethereum-graph-debugger-ts/egd-ts/src/api/symbolic/evm/exec/Pop.ts">
          <metrics statements="2" coveredstatements="2" conditionals="0" coveredconditionals="0" methods="1" coveredmethods="1"/>
          <line num="5" count="17" type="stmt"/>
          <line num="7" count="4" type="stmt"/>
        </file>
        <file name="Push.ts" path="/home/nando/ethereum/ethereum-graph-debugger-ts/egd-ts/src/api/symbolic/evm/exec/Push.ts">
          <metrics statements="4" coveredstatements="4" conditionals="0" coveredconditionals="0" methods="1" coveredmethods="1"/>
          <line num="1" count="17" type="stmt"/>
          <line num="8" count="17" type="stmt"/>
          <line num="10" count="137" type="stmt"/>
          <line num="14" count="137" type="stmt"/>
        </file>
        <file name="Return.ts" path="/home/nando/ethereum/ethereum-graph-debugger-ts/egd-ts/src/api/symbolic/evm/exec/Return.ts">
          <metrics statements="3" coveredstatements="3" conditionals="0" coveredconditionals="0" methods="1" coveredmethods="1"/>
          <line num="5" count="17" type="stmt"/>
          <line num="7" count="3" type="stmt"/>
          <line num="8" count="3" type="stmt"/>
        </file>
        <file name="Sub.ts" path="/home/nando/ethereum/ethereum-graph-debugger-ts/egd-ts/src/api/symbolic/evm/exec/Sub.ts">
          <metrics statements="11" coveredstatements="11" conditionals="4" coveredconditionals="4" methods="1" coveredmethods="1"/>
          <line num="4" count="17" type="stmt"/>
          <line num="5" count="17" type="stmt"/>
          <line num="7" count="17" type="stmt"/>
          <line num="9" count="5" type="stmt"/>
          <line num="10" count="5" type="stmt"/>
          <line num="11" count="5" type="cond" truecount="4" falsecount="0"/>
          <line num="12" count="4" type="stmt"/>
          <line num="13" count="4" type="stmt"/>
          <line num="14" count="4" type="stmt"/>
          <line num="15" count="4" type="stmt"/>
          <line num="17" count="1" type="stmt"/>
        </file>
        <file name="TestUtils.ts" path="/home/nando/ethereum/ethereum-graph-debugger-ts/egd-ts/src/api/symbolic/evm/exec/TestUtils.ts">
          <metrics statements="5" coveredstatements="5" conditionals="0" coveredconditionals="0" methods="1" coveredmethods="1"/>
          <line num="6" count="17" type="stmt"/>
          <line num="8" count="17" type="stmt"/>
          <line num="14" count="59" type="stmt"/>
          <line num="15" count="59" type="stmt"/>
          <line num="16" count="59" type="stmt"/>
        </file>
      </package>
      <package name="inversify">
        <metrics statements="25" coveredstatements="0" conditionals="0" coveredconditionals="0" methods="2" coveredmethods="0"/>
        <file name="ioc.ts" path="/home/nando/ethereum/ethereum-graph-debugger-ts/egd-ts/src/inversify/ioc.ts">
          <metrics statements="23" coveredstatements="0" conditionals="0" coveredconditionals="0" methods="2" coveredmethods="0"/>
          <line num="1" count="0" type="stmt"/>
          <line num="2" count="0" type="stmt"/>
          <line num="3" count="0" type="stmt"/>
          <line num="5" count="0" type="stmt"/>
          <line num="6" count="0" type="stmt"/>
          <line num="7" count="0" type="stmt"/>
          <line num="9" count="0" type="stmt"/>
          <line num="12" count="0" type="stmt"/>
          <line num="14" count="0" type="stmt"/>
          <line num="16" count="0" type="stmt"/>
          <line num="17" count="0" type="stmt"/>
          <line num="18" count="0" type="stmt"/>
          <line num="20" count="0" type="stmt"/>
          <line num="22" count="0" type="stmt"/>
          <line num="23" count="0" type="stmt"/>
          <line num="24" count="0" type="stmt"/>
          <line num="25" count="0" type="stmt"/>
          <line num="26" count="0" type="stmt"/>
          <line num="28" count="0" type="stmt"/>
          <line num="32" count="0" type="stmt"/>
          <line num="37" count="0" type="stmt"/>
          <line num="38" count="0" type="stmt"/>
          <line num="43" count="0" type="stmt"/>
        </file>
        <file name="types.ts" path="/home/nando/ethereum/ethereum-graph-debugger-ts/egd-ts/src/inversify/types.ts">
          <metrics statements="2" coveredstatements="0" conditionals="0" coveredconditionals="0" methods="0" coveredmethods="0"/>
          <line num="1" count="0" type="stmt"/>
          <line num="10" count="0" type="stmt"/>
        </file>
      </package>
    </metrics>
  </project>
</coverage>
