{"/home/nando/ethereum/ethereum-graph-debugger-ts/egd-ts/src/api/blockchain/Web3Instance.ts": {"path":"/home/nando/ethereum/ethereum-graph-debugger-ts/egd-ts/src/api/blockchain/Web3Instance.ts","statementMap":{"0":{"start":{"line":1,"column":0},"end":{"line":1,"column":37}},"1":{"start":{"line":3,"column":13},"end":{"line":3,"column":28}},"2":{"start":{"line":6,"column":0},"end":{"line":18,"column":1}},"3":{"start":{"line":11,"column":25},"end":{"line":11,"column":81}},"4":{"start":{"line":12,"column":4},"end":{"line":12,"column":46}},"5":{"start":{"line":16,"column":4},"end":{"line":16,"column":28}},"6":{"start":{"line":6,"column":13},"end":{"line":18,"column":1}},"7":{"start":{"line":6,"column":13},"end":{"line":6,"column":25}}},"fnMap":{"0":{"name":"(anonymous_2)","decl":{"start":{"line":9,"column":2},"end":{"line":null,"column":-1}},"loc":{"start":{"line":9,"column":2},"end":{"line":13,"column":3}}},"1":{"name":"(anonymous_3)","decl":{"start":{"line":15,"column":2},"end":{"line":15,"column":12}},"loc":{"start":{"line":15,"column":13},"end":{"line":17,"column":3}}}},"branchMap":{},"s":{"0":0,"1":0,"2":0,"3":0,"4":0,"5":0,"6":0,"7":0},"f":{"0":0,"1":0},"b":{}}
,"/home/nando/ethereum/ethereum-graph-debugger-ts/egd-ts/src/api/bytecode/EVMDisassembler.ts": {"path":"/home/nando/ethereum/ethereum-graph-debugger-ts/egd-ts/src/api/bytecode/EVMDisassembler.ts","statementMap":{"0":{"start":{"line":3,"column":0},"end":{"line":3,"column":34}},"1":{"start":{"line":4,"column":0},"end":{"line":4,"column":45}},"2":{"start":{"line":5,"column":0},"end":{"line":5,"column":25}},"3":{"start":{"line":8,"column":11},"end":{"line":8,"column":26}},"4":{"start":{"line":11,"column":0},"end":{"line":124,"column":1}},"5":{"start":{"line":12,"column":11},"end":{"line":12,"column":48}},"6":{"start":{"line":17,"column":24},"end":{"line":17,"column":72}},"7":{"start":{"line":18,"column":29},"end":{"line":18,"column":97}},"8":{"start":{"line":19,"column":21},"end":{"line":19,"column":95}},"9":{"start":{"line":20,"column":4},"end":{"line":20,"column":45}},"10":{"start":{"line":24,"column":15},"end":{"line":24,"column":23}},"11":{"start":{"line":26,"column":4},"end":{"line":28,"column":5}},"12":{"start":{"line":27,"column":6},"end":{"line":27,"column":30}},"13":{"start":{"line":30,"column":4},"end":{"line":32,"column":5}},"14":{"start":{"line":31,"column":6},"end":{"line":31,"column":69}},"15":{"start":{"line":34,"column":36},"end":{"line":34,"column":70}},"16":{"start":{"line":35,"column":27},"end":{"line":35,"column":92}},"17":{"start":{"line":35,"column":51},"end":{"line":35,"column":80}},"18":{"start":{"line":36,"column":22},"end":{"line":36,"column":24}},"19":{"start":{"line":37,"column":18},"end":{"line":37,"column":28}},"20":{"start":{"line":38,"column":4},"end":{"line":42,"column":5}},"21":{"start":{"line":39,"column":29},"end":{"line":39,"column":82}},"22":{"start":{"line":39,"column":56},"end":{"line":39,"column":81}},"23":{"start":{"line":40,"column":6},"end":{"line":40,"column":59}},"24":{"start":{"line":41,"column":6},"end":{"line":41,"column":97}},"25":{"start":{"line":43,"column":4},"end":{"line":48,"column":29}},"26":{"start":{"line":52,"column":15},"end":{"line":52,"column":23}},"27":{"start":{"line":54,"column":4},"end":{"line":56,"column":5}},"28":{"start":{"line":55,"column":6},"end":{"line":55,"column":30}},"29":{"start":{"line":58,"column":4},"end":{"line":60,"column":5}},"30":{"start":{"line":59,"column":6},"end":{"line":59,"column":47}},"31":{"start":{"line":62,"column":4},"end":{"line":64,"column":5}},"32":{"start":{"line":63,"column":6},"end":{"line":63,"column":69}},"33":{"start":{"line":65,"column":17},"end":{"line":65,"column":18}},"34":{"start":{"line":66,"column":23},"end":{"line":66,"column":44}},"35":{"start":{"line":67,"column":48},"end":{"line":67,"column":50}},"36":{"start":{"line":69,"column":4},"end":{"line":84,"column":5}},"37":{"start":{"line":70,"column":19},"end":{"line":70,"column":32}},"38":{"start":{"line":71,"column":29},"end":{"line":71,"column":87}},"39":{"start":{"line":72,"column":6},"end":{"line":83,"column":7}},"40":{"start":{"line":73,"column":27},"end":{"line":73,"column":44}},"41":{"start":{"line":74,"column":25},"end":{"line":74,"column":82}},"42":{"start":{"line":75,"column":26},"end":{"line":75,"column":72}},"43":{"start":{"line":76,"column":8},"end":{"line":76,"column":46}},"44":{"start":{"line":77,"column":8},"end":{"line":77,"column":40}},"45":{"start":{"line":78,"column":8},"end":{"line":78,"column":26}},"46":{"start":{"line":80,"column":26},"end":{"line":80,"column":67}},"47":{"start":{"line":81,"column":8},"end":{"line":81,"column":46}},"48":{"start":{"line":82,"column":8},"end":{"line":82,"column":16}},"49":{"start":{"line":85,"column":4},"end":{"line":85,"column":33}},"50":{"start":{"line":89,"column":24},"end":{"line":89,"column":44}},"51":{"start":{"line":90,"column":4},"end":{"line":90,"column":67}},"52":{"start":{"line":90,"column":30},"end":{"line":90,"column":65}},"53":{"start":{"line":91,"column":4},"end":{"line":91,"column":21}},"54":{"start":{"line":95,"column":4},"end":{"line":99,"column":18}},"55":{"start":{"line":103,"column":20},"end":{"line":103,"column":22}},"56":{"start":{"line":104,"column":4},"end":{"line":106,"column":5}},"57":{"start":{"line":107,"column":24},"end":{"line":117,"column":5}},"58":{"start":{"line":118,"column":4},"end":{"line":118,"column":22}},"59":{"start":{"line":122,"column":4},"end":{"line":122,"column":41}},"60":{"start":{"line":11,"column":13},"end":{"line":124,"column":1}},"61":{"start":{"line":11,"column":13},"end":{"line":11,"column":28}}},"fnMap":{"0":{"name":"(anonymous_2)","decl":{"start":{"line":14,"column":2},"end":{"line":null,"column":-1}},"loc":{"start":{"line":14,"column":2},"end":{"line":14,"column":18}}},"1":{"name":"(anonymous_3)","decl":{"start":{"line":16,"column":2},"end":{"line":16,"column":22}},"loc":{"start":{"line":16,"column":60},"end":{"line":21,"column":3}}},"2":{"name":"(anonymous_4)","decl":{"start":{"line":23,"column":2},"end":{"line":23,"column":20}},"loc":{"start":{"line":23,"column":38},"end":{"line":49,"column":3}}},"3":{"name":"(anonymous_5)","decl":{"start":{"line":35,"column":45},"end":{"line":35,"column":46}},"loc":{"start":{"line":35,"column":51},"end":{"line":35,"column":80}}},"4":{"name":"(anonymous_6)","decl":{"start":{"line":39,"column":50},"end":{"line":39,"column":51}},"loc":{"start":{"line":39,"column":56},"end":{"line":39,"column":81}}},"5":{"name":"(anonymous_7)","decl":{"start":{"line":51,"column":2},"end":{"line":51,"column":20}},"loc":{"start":{"line":51,"column":38},"end":{"line":86,"column":3}}},"6":{"name":"(anonymous_8)","decl":{"start":{"line":88,"column":10},"end":{"line":88,"column":28}},"loc":{"start":{"line":88,"column":53},"end":{"line":92,"column":3}}},"7":{"name":"(anonymous_9)","decl":{"start":{"line":90,"column":23},"end":{"line":90,"column":24}},"loc":{"start":{"line":90,"column":30},"end":{"line":90,"column":65}}},"8":{"name":"(anonymous_10)","decl":{"start":{"line":94,"column":10},"end":{"line":94,"column":24}},"loc":{"start":{"line":94,"column":74},"end":{"line":100,"column":3}}},"9":{"name":"(anonymous_11)","decl":{"start":{"line":102,"column":10},"end":{"line":102,"column":30}},"loc":{"start":{"line":102,"column":68},"end":{"line":119,"column":3}}},"10":{"name":"(anonymous_12)","decl":{"start":{"line":121,"column":10},"end":{"line":121,"column":15}},"loc":{"start":{"line":121,"column":31},"end":{"line":123,"column":3}}}},"branchMap":{"0":{"loc":{"start":{"line":26,"column":4},"end":{"line":28,"column":5}},"type":"if","locations":[{"start":{"line":26,"column":4},"end":{"line":28,"column":5}},{"start":{"line":26,"column":4},"end":{"line":28,"column":5}}]},"1":{"loc":{"start":{"line":30,"column":4},"end":{"line":32,"column":5}},"type":"if","locations":[{"start":{"line":30,"column":4},"end":{"line":32,"column":5}},{"start":{"line":30,"column":4},"end":{"line":32,"column":5}}]},"2":{"loc":{"start":{"line":38,"column":4},"end":{"line":42,"column":5}},"type":"if","locations":[{"start":{"line":38,"column":4},"end":{"line":42,"column":5}},{"start":{"line":38,"column":4},"end":{"line":42,"column":5}}]},"3":{"loc":{"start":{"line":54,"column":4},"end":{"line":56,"column":5}},"type":"if","locations":[{"start":{"line":54,"column":4},"end":{"line":56,"column":5}},{"start":{"line":54,"column":4},"end":{"line":56,"column":5}}]},"4":{"loc":{"start":{"line":58,"column":4},"end":{"line":60,"column":5}},"type":"if","locations":[{"start":{"line":58,"column":4},"end":{"line":60,"column":5}},{"start":{"line":58,"column":4},"end":{"line":60,"column":5}}]},"5":{"loc":{"start":{"line":62,"column":4},"end":{"line":64,"column":5}},"type":"if","locations":[{"start":{"line":62,"column":4},"end":{"line":64,"column":5}},{"start":{"line":62,"column":4},"end":{"line":64,"column":5}}]},"6":{"loc":{"start":{"line":71,"column":29},"end":{"line":71,"column":64}},"type":"binary-expr","locations":[{"start":{"line":71,"column":29},"end":{"line":71,"column":64}},{"start":{"line":71,"column":68},"end":{"line":71,"column":87}}]},"7":{"loc":{"start":{"line":72,"column":6},"end":{"line":83,"column":7}},"type":"if","locations":[{"start":{"line":72,"column":6},"end":{"line":83,"column":7}},{"start":{"line":72,"column":6},"end":{"line":83,"column":7}}]}},"s":{"0":12,"1":12,"2":12,"3":12,"4":12,"5":45,"6":1,"7":1,"8":1,"9":1,"10":3,"11":3,"12":0,"13":3,"14":0,"15":3,"16":3,"17":233,"18":3,"19":3,"20":3,"21":2,"22":42,"23":2,"24":2,"25":3,"26":45,"27":45,"28":4,"29":45,"30":2,"31":45,"32":1,"33":44,"34":44,"35":44,"36":44,"37":373,"38":373,"39":373,"40":161,"41":161,"42":161,"43":161,"44":161,"45":161,"46":212,"47":212,"48":212,"49":44,"50":2,"51":2,"52":189,"53":2,"54":373,"55":1,"56":1,"57":1,"58":1,"59":373,"60":12,"61":12},"f":{"0":45,"1":1,"2":3,"3":233,"4":42,"5":45,"6":2,"7":189,"8":373,"9":1,"10":373},"b":{"0":[0,3],"1":[0,3],"2":[2,1],"3":[4,41],"4":[2,43],"5":[1,44],"6":[373,0],"7":[161,212]}}
,"/home/nando/ethereum/ethereum-graph-debugger-ts/egd-ts/src/api/bytecode/Opcodes.ts": {"path":"/home/nando/ethereum/ethereum-graph-debugger-ts/egd-ts/src/api/bytecode/Opcodes.ts","statementMap":{"0":{"start":{"line":7,"column":4},"end":{"line":7,"column":81}},"1":{"start":{"line":9,"column":4},"end":{"line":9,"column":80}},"2":{"start":{"line":10,"column":4},"end":{"line":10,"column":79}},"3":{"start":{"line":11,"column":4},"end":{"line":11,"column":79}},"4":{"start":{"line":12,"column":4},"end":{"line":12,"column":79}},"5":{"start":{"line":13,"column":4},"end":{"line":13,"column":79}},"6":{"start":{"line":14,"column":4},"end":{"line":14,"column":80}},"7":{"start":{"line":15,"column":4},"end":{"line":15,"column":79}},"8":{"start":{"line":16,"column":4},"end":{"line":16,"column":80}},"9":{"start":{"line":17,"column":4},"end":{"line":17,"column":82}},"10":{"start":{"line":18,"column":4},"end":{"line":18,"column":82}},"11":{"start":{"line":19,"column":4},"end":{"line":19,"column":79}},"12":{"start":{"line":20,"column":4},"end":{"line":20,"column":86}},"13":{"start":{"line":21,"column":4},"end":{"line":21,"column":78}},"14":{"start":{"line":22,"column":4},"end":{"line":22,"column":78}},"15":{"start":{"line":23,"column":4},"end":{"line":23,"column":79}},"16":{"start":{"line":24,"column":4},"end":{"line":24,"column":79}},"17":{"start":{"line":25,"column":4},"end":{"line":25,"column":78}},"18":{"start":{"line":26,"column":4},"end":{"line":26,"column":82}},"19":{"start":{"line":27,"column":4},"end":{"line":27,"column":79}},"20":{"start":{"line":28,"column":4},"end":{"line":28,"column":78}},"21":{"start":{"line":29,"column":4},"end":{"line":29,"column":79}},"22":{"start":{"line":30,"column":4},"end":{"line":30,"column":79}},"23":{"start":{"line":31,"column":4},"end":{"line":31,"column":80}},"24":{"start":{"line":32,"column":4},"end":{"line":32,"column":80}},"25":{"start":{"line":33,"column":4},"end":{"line":33,"column":83}},"26":{"start":{"line":34,"column":4},"end":{"line":34,"column":83}},"27":{"start":{"line":35,"column":4},"end":{"line":35,"column":82}},"28":{"start":{"line":36,"column":4},"end":{"line":36,"column":82}},"29":{"start":{"line":37,"column":4},"end":{"line":37,"column":85}},"30":{"start":{"line":38,"column":4},"end":{"line":38,"column":88}},"31":{"start":{"line":39,"column":4},"end":{"line":39,"column":88}},"32":{"start":{"line":40,"column":4},"end":{"line":40,"column":88}},"33":{"start":{"line":41,"column":4},"end":{"line":41,"column":84}},"34":{"start":{"line":42,"column":4},"end":{"line":42,"column":84}},"35":{"start":{"line":43,"column":4},"end":{"line":43,"column":84}},"36":{"start":{"line":44,"column":4},"end":{"line":44,"column":87}},"37":{"start":{"line":45,"column":4},"end":{"line":45,"column":87}},"38":{"start":{"line":46,"column":4},"end":{"line":46,"column":90}},"39":{"start":{"line":47,"column":4},"end":{"line":47,"column":90}},"40":{"start":{"line":48,"column":4},"end":{"line":48,"column":85}},"41":{"start":{"line":49,"column":4},"end":{"line":49,"column":84}},"42":{"start":{"line":50,"column":4},"end":{"line":50,"column":85}},"43":{"start":{"line":51,"column":4},"end":{"line":51,"column":82}},"44":{"start":{"line":52,"column":4},"end":{"line":52,"column":86}},"45":{"start":{"line":53,"column":4},"end":{"line":53,"column":84}},"46":{"start":{"line":54,"column":4},"end":{"line":54,"column":79}},"47":{"start":{"line":55,"column":4},"end":{"line":55,"column":81}},"48":{"start":{"line":56,"column":4},"end":{"line":56,"column":82}},"49":{"start":{"line":57,"column":4},"end":{"line":57,"column":83}},"50":{"start":{"line":58,"column":4},"end":{"line":58,"column":81}},"51":{"start":{"line":59,"column":4},"end":{"line":59,"column":82}},"52":{"start":{"line":60,"column":4},"end":{"line":60,"column":80}},"53":{"start":{"line":61,"column":4},"end":{"line":61,"column":81}},"54":{"start":{"line":62,"column":4},"end":{"line":62,"column":78}},"55":{"start":{"line":63,"column":4},"end":{"line":63,"column":81}},"56":{"start":{"line":64,"column":4},"end":{"line":64,"column":79}},"57":{"start":{"line":65,"column":4},"end":{"line":65,"column":84}},"58":{"start":{"line":66,"column":4},"end":{"line":66,"column":81}},"59":{"start":{"line":67,"column":4},"end":{"line":67,"column":81}},"60":{"start":{"line":68,"column":4},"end":{"line":68,"column":81}},"61":{"start":{"line":69,"column":4},"end":{"line":69,"column":81}},"62":{"start":{"line":70,"column":4},"end":{"line":70,"column":81}},"63":{"start":{"line":71,"column":4},"end":{"line":71,"column":81}},"64":{"start":{"line":72,"column":4},"end":{"line":72,"column":81}},"65":{"start":{"line":73,"column":4},"end":{"line":73,"column":81}},"66":{"start":{"line":74,"column":4},"end":{"line":74,"column":81}},"67":{"start":{"line":75,"column":4},"end":{"line":75,"column":83}},"68":{"start":{"line":76,"column":4},"end":{"line":76,"column":83}},"69":{"start":{"line":77,"column":4},"end":{"line":77,"column":83}},"70":{"start":{"line":78,"column":4},"end":{"line":78,"column":83}},"71":{"start":{"line":79,"column":4},"end":{"line":79,"column":83}},"72":{"start":{"line":80,"column":4},"end":{"line":80,"column":83}},"73":{"start":{"line":81,"column":4},"end":{"line":81,"column":83}},"74":{"start":{"line":82,"column":4},"end":{"line":82,"column":83}},"75":{"start":{"line":83,"column":4},"end":{"line":83,"column":83}},"76":{"start":{"line":84,"column":4},"end":{"line":84,"column":83}},"77":{"start":{"line":85,"column":4},"end":{"line":85,"column":83}},"78":{"start":{"line":86,"column":4},"end":{"line":86,"column":83}},"79":{"start":{"line":87,"column":4},"end":{"line":87,"column":83}},"80":{"start":{"line":88,"column":4},"end":{"line":88,"column":83}},"81":{"start":{"line":89,"column":4},"end":{"line":89,"column":83}},"82":{"start":{"line":90,"column":4},"end":{"line":90,"column":83}},"83":{"start":{"line":91,"column":4},"end":{"line":91,"column":83}},"84":{"start":{"line":92,"column":4},"end":{"line":92,"column":83}},"85":{"start":{"line":93,"column":4},"end":{"line":93,"column":83}},"86":{"start":{"line":94,"column":4},"end":{"line":94,"column":83}},"87":{"start":{"line":95,"column":4},"end":{"line":95,"column":83}},"88":{"start":{"line":96,"column":4},"end":{"line":96,"column":83}},"89":{"start":{"line":97,"column":4},"end":{"line":97,"column":83}},"90":{"start":{"line":98,"column":4},"end":{"line":98,"column":80}},"91":{"start":{"line":99,"column":4},"end":{"line":99,"column":80}},"92":{"start":{"line":100,"column":4},"end":{"line":100,"column":80}},"93":{"start":{"line":101,"column":4},"end":{"line":101,"column":80}},"94":{"start":{"line":102,"column":4},"end":{"line":102,"column":80}},"95":{"start":{"line":103,"column":4},"end":{"line":103,"column":80}},"96":{"start":{"line":104,"column":4},"end":{"line":104,"column":80}},"97":{"start":{"line":105,"column":4},"end":{"line":105,"column":80}},"98":{"start":{"line":106,"column":4},"end":{"line":106,"column":80}},"99":{"start":{"line":107,"column":4},"end":{"line":107,"column":81}},"100":{"start":{"line":108,"column":4},"end":{"line":108,"column":81}},"101":{"start":{"line":109,"column":4},"end":{"line":109,"column":81}},"102":{"start":{"line":110,"column":4},"end":{"line":110,"column":81}},"103":{"start":{"line":111,"column":4},"end":{"line":111,"column":81}},"104":{"start":{"line":112,"column":4},"end":{"line":112,"column":81}},"105":{"start":{"line":113,"column":4},"end":{"line":113,"column":81}},"106":{"start":{"line":114,"column":4},"end":{"line":114,"column":81}},"107":{"start":{"line":115,"column":4},"end":{"line":115,"column":81}},"108":{"start":{"line":116,"column":4},"end":{"line":116,"column":81}},"109":{"start":{"line":117,"column":4},"end":{"line":117,"column":81}},"110":{"start":{"line":118,"column":4},"end":{"line":118,"column":81}},"111":{"start":{"line":119,"column":4},"end":{"line":119,"column":81}},"112":{"start":{"line":120,"column":4},"end":{"line":120,"column":81}},"113":{"start":{"line":121,"column":4},"end":{"line":121,"column":81}},"114":{"start":{"line":122,"column":4},"end":{"line":122,"column":81}},"115":{"start":{"line":123,"column":4},"end":{"line":123,"column":82}},"116":{"start":{"line":124,"column":4},"end":{"line":124,"column":82}},"117":{"start":{"line":125,"column":4},"end":{"line":125,"column":82}},"118":{"start":{"line":126,"column":4},"end":{"line":126,"column":82}},"119":{"start":{"line":127,"column":4},"end":{"line":127,"column":82}},"120":{"start":{"line":128,"column":4},"end":{"line":128,"column":82}},"121":{"start":{"line":129,"column":4},"end":{"line":129,"column":82}},"122":{"start":{"line":130,"column":4},"end":{"line":130,"column":80}},"123":{"start":{"line":131,"column":4},"end":{"line":131,"column":80}},"124":{"start":{"line":132,"column":4},"end":{"line":132,"column":80}},"125":{"start":{"line":133,"column":4},"end":{"line":133,"column":80}},"126":{"start":{"line":134,"column":4},"end":{"line":134,"column":80}},"127":{"start":{"line":135,"column":4},"end":{"line":135,"column":82}},"128":{"start":{"line":136,"column":4},"end":{"line":136,"column":80}},"129":{"start":{"line":137,"column":4},"end":{"line":137,"column":84}},"130":{"start":{"line":138,"column":4},"end":{"line":138,"column":82}},"131":{"start":{"line":139,"column":4},"end":{"line":139,"column":88}},"132":{"start":{"line":140,"column":4},"end":{"line":140,"column":86}},"133":{"start":{"line":141,"column":4},"end":{"line":141,"column":82}},"134":{"start":{"line":142,"column":4},"end":{"line":142,"column":83}},"135":{"start":{"line":143,"column":4},"end":{"line":143,"column":88}},"136":{"start":{"line":145,"column":4},"end":{"line":150,"column":5}},"137":{"start":{"line":146,"column":21},"end":{"line":146,"column":36}},"138":{"start":{"line":147,"column":6},"end":{"line":149,"column":7}},"139":{"start":{"line":148,"column":8},"end":{"line":148,"column":42}},"140":{"start":{"line":154,"column":4},"end":{"line":154,"column":37}},"141":{"start":{"line":4,"column":9},"end":{"line":4,"column":21}},"142":{"start":{"line":3,"column":0},"end":{"line":156,"column":1}},"143":{"start":{"line":158,"column":0},"end":{"line":158,"column":18}}},"fnMap":{"0":{"name":"(anonymous_0)","decl":{"start":{"line":6,"column":2},"end":{"line":6,"column":7}},"loc":{"start":{"line":6,"column":17},"end":{"line":151,"column":3}}},"1":{"name":"(anonymous_1)","decl":{"start":{"line":153,"column":2},"end":{"line":153,"column":7}},"loc":{"start":{"line":153,"column":26},"end":{"line":155,"column":3}}}},"branchMap":{"0":{"loc":{"start":{"line":147,"column":6},"end":{"line":149,"column":7}},"type":"if","locations":[{"start":{"line":147,"column":6},"end":{"line":149,"column":7}},{"start":{"line":147,"column":6},"end":{"line":149,"column":7}}]}},"s":{"0":12,"1":12,"2":12,"3":12,"4":12,"5":12,"6":12,"7":12,"8":12,"9":12,"10":12,"11":12,"12":12,"13":12,"14":12,"15":12,"16":12,"17":12,"18":12,"19":12,"20":12,"21":12,"22":12,"23":12,"24":12,"25":12,"26":12,"27":12,"28":12,"29":12,"30":12,"31":12,"32":12,"33":12,"34":12,"35":12,"36":12,"37":12,"38":12,"39":12,"40":12,"41":12,"42":12,"43":12,"44":12,"45":12,"46":12,"47":12,"48":12,"49":12,"50":12,"51":12,"52":12,"53":12,"54":12,"55":12,"56":12,"57":12,"58":12,"59":12,"60":12,"61":12,"62":12,"63":12,"64":12,"65":12,"66":12,"67":12,"68":12,"69":12,"70":12,"71":12,"72":12,"73":12,"74":12,"75":12,"76":12,"77":12,"78":12,"79":12,"80":12,"81":12,"82":12,"83":12,"84":12,"85":12,"86":12,"87":12,"88":12,"89":12,"90":12,"91":12,"92":12,"93":12,"94":12,"95":12,"96":12,"97":12,"98":12,"99":12,"100":12,"101":12,"102":12,"103":12,"104":12,"105":12,"106":12,"107":12,"108":12,"109":12,"110":12,"111":12,"112":12,"113":12,"114":12,"115":12,"116":12,"117":12,"118":12,"119":12,"120":12,"121":12,"122":12,"123":12,"124":12,"125":12,"126":12,"127":12,"128":12,"129":12,"130":12,"131":12,"132":12,"133":12,"134":12,"135":12,"136":12,"137":3072,"138":3072,"139":1620,"140":30,"141":12,"142":12,"143":12},"f":{"0":12,"1":30},"b":{"0":[1620,1452]}}
,"/home/nando/ethereum/ethereum-graph-debugger-ts/egd-ts/src/api/cfg/CFGBlocks.ts": {"path":"/home/nando/ethereum/ethereum-graph-debugger-ts/egd-ts/src/api/cfg/CFGBlocks.ts","statementMap":{"0":{"start":{"line":4,"column":2},"end":{"line":4,"column":13}},"1":{"start":{"line":7,"column":4},"end":{"line":7,"column":31}},"2":{"start":{"line":11,"column":4},"end":{"line":11,"column":30}},"3":{"start":{"line":15,"column":4},"end":{"line":15,"column":57}},"4":{"start":{"line":15,"column":45},"end":{"line":15,"column":56}},"5":{"start":{"line":19,"column":4},"end":{"line":19,"column":37}},"6":{"start":{"line":23,"column":4},"end":{"line":23,"column":29}},"7":{"start":{"line":3,"column":0},"end":{"line":25,"column":1}}},"fnMap":{"0":{"name":"(anonymous_0)","decl":{"start":{"line":3,"column":0},"end":{"line":null,"column":-1}},"loc":{"start":{"line":3,"column":0},"end":{"line":25,"column":1}}},"1":{"name":"(anonymous_1)","decl":{"start":{"line":6,"column":2},"end":{"line":6,"column":5}},"loc":{"start":{"line":6,"column":44},"end":{"line":8,"column":3}}},"2":{"name":"(anonymous_2)","decl":{"start":{"line":10,"column":2},"end":{"line":10,"column":4}},"loc":{"start":{"line":10,"column":20},"end":{"line":12,"column":3}}},"3":{"name":"(anonymous_3)","decl":{"start":{"line":14,"column":2},"end":{"line":14,"column":5}},"loc":{"start":{"line":14,"column":6},"end":{"line":16,"column":3}}},"4":{"name":"(anonymous_4)","decl":{"start":{"line":15,"column":40},"end":{"line":15,"column":41}},"loc":{"start":{"line":15,"column":45},"end":{"line":15,"column":56}}},"5":{"name":"(anonymous_5)","decl":{"start":{"line":18,"column":2},"end":{"line":18,"column":7}},"loc":{"start":{"line":18,"column":8},"end":{"line":20,"column":3}}},"6":{"name":"(anonymous_6)","decl":{"start":{"line":22,"column":2},"end":{"line":22,"column":7}},"loc":{"start":{"line":22,"column":8},"end":{"line":24,"column":3}}}},"branchMap":{},"s":{"0":44,"1":56,"2":61,"3":11,"4":17,"5":0,"6":9,"7":11},"f":{"0":44,"1":56,"2":61,"3":11,"4":17,"5":0,"6":9},"b":{}}
,"/home/nando/ethereum/ethereum-graph-debugger-ts/egd-ts/src/api/cfg/EthereumCFGCreator.ts": {"path":"/home/nando/ethereum/ethereum-graph-debugger-ts/egd-ts/src/api/cfg/EthereumCFGCreator.ts","statementMap":{"0":{"start":{"line":1,"column":0},"end":{"line":1,"column":25}},"1":{"start":{"line":3,"column":0},"end":{"line":3,"column":37}},"2":{"start":{"line":6,"column":0},"end":{"line":6,"column":38}},"3":{"start":{"line":9,"column":0},"end":{"line":34,"column":1}},"4":{"start":{"line":10,"column":19},"end":{"line":10,"column":86}},"5":{"start":{"line":13,"column":30},"end":{"line":13,"column":45}},"6":{"start":{"line":14,"column":21},"end":{"line":14,"column":22}},"7":{"start":{"line":15,"column":4},"end":{"line":21,"column":5}},"8":{"start":{"line":16,"column":28},"end":{"line":16,"column":34}},"9":{"start":{"line":17,"column":6},"end":{"line":20,"column":7}},"10":{"start":{"line":18,"column":8},"end":{"line":18,"column":52}},"11":{"start":{"line":19,"column":8},"end":{"line":19,"column":26}},"12":{"start":{"line":22,"column":4},"end":{"line":22,"column":17}},"13":{"start":{"line":26,"column":24},"end":{"line":26,"column":52}},"14":{"start":{"line":27,"column":25},"end":{"line":27,"column":39}},"15":{"start":{"line":28,"column":37},"end":{"line":31,"column":5}},"16":{"start":{"line":32,"column":4},"end":{"line":32,"column":46}},"17":{"start":{"line":9,"column":13},"end":{"line":34,"column":1}},"18":{"start":{"line":9,"column":13},"end":{"line":9,"column":31}}},"fnMap":{"0":{"name":"(anonymous_1)","decl":{"start":{"line":8,"column":0},"end":{"line":null,"column":-1}},"loc":{"start":{"line":8,"column":0},"end":{"line":34,"column":1}}},"1":{"name":"(anonymous_2)","decl":{"start":{"line":12,"column":2},"end":{"line":12,"column":13}},"loc":{"start":{"line":12,"column":31},"end":{"line":23,"column":3}}},"2":{"name":"(anonymous_3)","decl":{"start":{"line":25,"column":10},"end":{"line":25,"column":20}},"loc":{"start":{"line":25,"column":88},"end":{"line":33,"column":3}}}},"branchMap":{"0":{"loc":{"start":{"line":17,"column":6},"end":{"line":20,"column":7}},"type":"if","locations":[{"start":{"line":17,"column":6},"end":{"line":20,"column":7}},{"start":{"line":17,"column":6},"end":{"line":20,"column":7}}]},"1":{"loc":{"start":{"line":17,"column":10},"end":{"line":17,"column":48}},"type":"binary-expr","locations":[{"start":{"line":17,"column":10},"end":{"line":17,"column":48}},{"start":{"line":17,"column":52},"end":{"line":17,"column":72}}]}},"s":{"0":11,"1":11,"2":11,"3":11,"4":37,"5":37,"6":37,"7":37,"8":121,"9":121,"10":43,"11":43,"12":37,"13":43,"14":43,"15":43,"16":43,"17":11,"18":11},"f":{"0":37,"1":37,"2":43},"b":{"0":[43,78],"1":[121,114]}}
,"/home/nando/ethereum/ethereum-graph-debugger-ts/egd-ts/src/api/service/controller/DebuggerController.ts": {"path":"/home/nando/ethereum/ethereum-graph-debugger-ts/egd-ts/src/api/service/controller/DebuggerController.ts","statementMap":{"0":{"start":{"line":1,"column":0},"end":{"line":1,"column":56}},"1":{"start":{"line":2,"column":0},"end":{"line":2,"column":64}},"2":{"start":{"line":3,"column":0},"end":{"line":3,"column":47}},"3":{"start":{"line":4,"column":0},"end":{"line":4,"column":65}},"4":{"start":{"line":9,"column":31},"end":{"line":18,"column":1}},"5":{"start":{"line":11,"column":4},"end":{"line":11,"column":11}},"6":{"start":{"line":10,"column":56},"end":{"line":10,"column":94}},"7":{"start":{"line":16,"column":4},"end":{"line":16,"column":61}},"8":{"start":{"line":15,"column":2},"end":{"line":17,"column":3}},"9":{"start":{"line":9,"column":13},"end":{"line":18,"column":1}},"10":{"start":{"line":9,"column":13},"end":{"line":9,"column":31}}},"fnMap":{"0":{"name":"(anonymous_10)","decl":{"start":{"line":10,"column":2},"end":{"line":10,"column":55}},"loc":{"start":{"line":10,"column":94},"end":{"line":12,"column":3}}},"1":{"name":"(anonymous_11)","decl":{"start":{"line":15,"column":8},"end":{"line":15,"column":23}},"loc":{"start":{"line":15,"column":43},"end":{"line":17,"column":3}}}},"branchMap":{"0":{"loc":{"start":{"line":15,"column":53},"end":{"line":null,"column":-1}},"type":"cond-expr","locations":[{"start":{"line":15,"column":53},"end":{"line":null,"column":-1}},{"start":{"line":15,"column":53},"end":{"line":null,"column":-1}}]},"1":{"loc":{"start":{"line":15,"column":46},"end":{"line":15,"column":53}},"type":"binary-expr","locations":[{"start":{"line":15,"column":46},"end":{"line":15,"column":53}}]},"2":{"loc":{"start":{"line":10,"column":94},"end":{"line":null,"column":-1}},"type":"cond-expr","locations":[{"start":{"line":10,"column":94},"end":{"line":null,"column":-1}},{"start":{"line":10,"column":94},"end":{"line":null,"column":-1}}]},"3":{"loc":{"start":{"line":10,"column":76},"end":{"line":10,"column":94}},"type":"binary-expr","locations":[{"start":{"line":10,"column":76},"end":{"line":10,"column":94}}]}},"s":{"0":0,"1":0,"2":0,"3":0,"4":0,"5":0,"6":0,"7":0,"8":0,"9":0,"10":0},"f":{"0":0,"1":0},"b":{"0":[0,0],"1":[0],"2":[0,0],"3":[0]}}
,"/home/nando/ethereum/ethereum-graph-debugger-ts/egd-ts/src/api/service/controller/DisassembleController.ts": {"path":"/home/nando/ethereum/ethereum-graph-debugger-ts/egd-ts/src/api/service/controller/DisassembleController.ts","statementMap":{"0":{"start":{"line":1,"column":0},"end":{"line":1,"column":51}},"1":{"start":{"line":2,"column":0},"end":{"line":2,"column":64}},"2":{"start":{"line":3,"column":0},"end":{"line":3,"column":47}},"3":{"start":{"line":4,"column":0},"end":{"line":4,"column":57}},"4":{"start":{"line":10,"column":34},"end":{"line":44,"column":1}},"5":{"start":{"line":12,"column":4},"end":{"line":12,"column":11}},"6":{"start":{"line":11,"column":50},"end":{"line":11,"column":76}},"7":{"start":{"line":20,"column":47},"end":{"line":20,"column":106}},"8":{"start":{"line":21,"column":4},"end":{"line":21,"column":48}},"9":{"start":{"line":25,"column":4},"end":{"line":42,"column":37}},"10":{"start":{"line":29,"column":8},"end":{"line":33,"column":9}},"11":{"start":{"line":36,"column":8},"end":{"line":40,"column":9}},"12":{"start":{"line":16,"column":2},"end":{"line":22,"column":3}},"13":{"start":{"line":10,"column":13},"end":{"line":44,"column":1}},"14":{"start":{"line":10,"column":13},"end":{"line":10,"column":34}}},"fnMap":{"0":{"name":"(anonymous_10)","decl":{"start":{"line":11,"column":2},"end":{"line":11,"column":49}},"loc":{"start":{"line":11,"column":76},"end":{"line":13,"column":3}}},"1":{"name":"(anonymous_11)","decl":{"start":{"line":16,"column":8},"end":{"line":16,"column":28}},"loc":{"start":{"line":18,"column":47},"end":{"line":22,"column":3}}},"2":{"name":"(anonymous_13)","decl":{"start":{"line":24,"column":10},"end":{"line":24,"column":27}},"loc":{"start":{"line":24,"column":63},"end":{"line":43,"column":3}}},"3":{"name":"(anonymous_14)","decl":{"start":{"line":28,"column":58},"end":{"line":28,"column":59}},"loc":{"start":{"line":28,"column":63},"end":{"line":34,"column":7}}},"4":{"name":"(anonymous_15)","decl":{"start":{"line":35,"column":50},"end":{"line":35,"column":51}},"loc":{"start":{"line":35,"column":55},"end":{"line":41,"column":7}}}},"branchMap":{"0":{"loc":{"start":{"line":19,"column":12},"end":{"line":null,"column":-1}},"type":"cond-expr","locations":[{"start":{"line":19,"column":12},"end":{"line":null,"column":-1}},{"start":{"line":19,"column":12},"end":{"line":null,"column":-1}}]},"1":{"loc":{"start":{"line":19,"column":5},"end":{"line":19,"column":12}},"type":"binary-expr","locations":[{"start":{"line":19,"column":5},"end":{"line":19,"column":12}}]},"2":{"loc":{"start":{"line":11,"column":76},"end":{"line":null,"column":-1}},"type":"cond-expr","locations":[{"start":{"line":11,"column":76},"end":{"line":null,"column":-1}},{"start":{"line":11,"column":76},"end":{"line":null,"column":-1}}]},"3":{"loc":{"start":{"line":11,"column":64},"end":{"line":11,"column":76}},"type":"binary-expr","locations":[{"start":{"line":11,"column":64},"end":{"line":11,"column":76}}]}},"s":{"0":0,"1":0,"2":0,"3":0,"4":0,"5":0,"6":0,"7":0,"8":0,"9":0,"10":0,"11":0,"12":0,"13":0,"14":0},"f":{"0":0,"1":0,"2":0,"3":0,"4":0},"b":{"0":[0,0],"1":[0],"2":[0,0],"3":[0]}}
,"/home/nando/ethereum/ethereum-graph-debugger-ts/egd-ts/src/api/service/controller/Errors.ts": {"path":"/home/nando/ethereum/ethereum-graph-debugger-ts/egd-ts/src/api/service/controller/Errors.ts","statementMap":{"0":{"start":{"line":3,"column":4},"end":{"line":7,"column":5}},"1":{"start":{"line":1,"column":0},"end":{"line":9,"column":1}}},"fnMap":{"0":{"name":"(anonymous_0)","decl":{"start":{"line":2,"column":9},"end":{"line":2,"column":14}},"loc":{"start":{"line":2,"column":57},"end":{"line":8,"column":3}}}},"branchMap":{},"s":{"0":0,"1":0},"f":{"0":0},"b":{}}
,"/home/nando/ethereum/ethereum-graph-debugger-ts/egd-ts/src/api/service/controller/FileController.ts": {"path":"/home/nando/ethereum/ethereum-graph-debugger-ts/egd-ts/src/api/service/controller/FileController.ts","statementMap":{"0":{"start":{"line":1,"column":0},"end":{"line":1,"column":57}},"1":{"start":{"line":2,"column":0},"end":{"line":2,"column":64}},"2":{"start":{"line":4,"column":0},"end":{"line":4,"column":47}},"3":{"start":{"line":5,"column":0},"end":{"line":5,"column":51}},"4":{"start":{"line":6,"column":0},"end":{"line":6,"column":28}},"5":{"start":{"line":10,"column":27},"end":{"line":23,"column":1}},"6":{"start":{"line":12,"column":4},"end":{"line":12,"column":11}},"7":{"start":{"line":11,"column":49},"end":{"line":11,"column":73}},"8":{"start":{"line":17,"column":22},"end":{"line":17,"column":88}},"9":{"start":{"line":18,"column":4},"end":{"line":20,"column":5}},"10":{"start":{"line":19,"column":6},"end":{"line":19,"column":95}},"11":{"start":{"line":21,"column":4},"end":{"line":21,"column":20}},"12":{"start":{"line":16,"column":2},"end":{"line":22,"column":3}},"13":{"start":{"line":10,"column":13},"end":{"line":23,"column":1}},"14":{"start":{"line":10,"column":13},"end":{"line":10,"column":27}}},"fnMap":{"0":{"name":"(anonymous_10)","decl":{"start":{"line":11,"column":2},"end":{"line":11,"column":48}},"loc":{"start":{"line":11,"column":73},"end":{"line":13,"column":3}}},"1":{"name":"(anonymous_11)","decl":{"start":{"line":16,"column":8},"end":{"line":16,"column":25}},"loc":{"start":{"line":16,"column":85},"end":{"line":22,"column":3}}}},"branchMap":{"0":{"loc":{"start":{"line":18,"column":4},"end":{"line":20,"column":5}},"type":"if","locations":[{"start":{"line":18,"column":4},"end":{"line":20,"column":5}},{"start":{"line":18,"column":4},"end":{"line":20,"column":5}}]},"1":{"loc":{"start":{"line":16,"column":95},"end":{"line":null,"column":-1}},"type":"cond-expr","locations":[{"start":{"line":16,"column":95},"end":{"line":null,"column":-1}},{"start":{"line":16,"column":95},"end":{"line":null,"column":-1}}]},"2":{"loc":{"start":{"line":16,"column":88},"end":{"line":16,"column":95}},"type":"binary-expr","locations":[{"start":{"line":16,"column":88},"end":{"line":16,"column":95}}]},"3":{"loc":{"start":{"line":11,"column":73},"end":{"line":null,"column":-1}},"type":"cond-expr","locations":[{"start":{"line":11,"column":73},"end":{"line":null,"column":-1}},{"start":{"line":11,"column":73},"end":{"line":null,"column":-1}}]},"4":{"loc":{"start":{"line":11,"column":62},"end":{"line":11,"column":73}},"type":"binary-expr","locations":[{"start":{"line":11,"column":62},"end":{"line":11,"column":73}}]}},"s":{"0":0,"1":0,"2":0,"3":0,"4":0,"5":0,"6":0,"7":0,"8":0,"9":0,"10":0,"11":0,"12":0,"13":0,"14":0},"f":{"0":0,"1":0},"b":{"0":[0,0],"1":[0,0],"2":[0],"3":[0,0],"4":[0]}}
,"/home/nando/ethereum/ethereum-graph-debugger-ts/egd-ts/src/api/service/service/FileServiceDefault.ts": {"path":"/home/nando/ethereum/ethereum-graph-debugger-ts/egd-ts/src/api/service/service/FileServiceDefault.ts","statementMap":{"0":{"start":{"line":3,"column":0},"end":{"line":3,"column":37}},"1":{"start":{"line":4,"column":16},"end":{"line":4,"column":44}},"2":{"start":{"line":5,"column":11},"end":{"line":5,"column":26}},"3":{"start":{"line":6,"column":9},"end":{"line":6,"column":22}},"4":{"start":{"line":9,"column":0},"end":{"line":21,"column":1}},"5":{"start":{"line":11,"column":18},"end":{"line":11,"column":59}},"6":{"start":{"line":13,"column":4},"end":{"line":19,"column":6}},"7":{"start":{"line":14,"column":26},"end":{"line":14,"column":55}},"8":{"start":{"line":15,"column":6},"end":{"line":18,"column":23}},"9":{"start":{"line":9,"column":13},"end":{"line":21,"column":1}},"10":{"start":{"line":9,"column":13},"end":{"line":9,"column":31}}},"fnMap":{"0":{"name":"(anonymous_7)","decl":{"start":{"line":10,"column":8},"end":{"line":10,"column":34}},"loc":{"start":{"line":10,"column":66},"end":{"line":20,"column":3}}},"1":{"name":"(anonymous_9)","decl":{"start":{"line":13,"column":27},"end":{"line":13,"column":30}},"loc":{"start":{"line":13,"column":34},"end":{"line":19,"column":5}}}},"branchMap":{},"s":{"0":0,"1":0,"2":0,"3":0,"4":0,"5":0,"6":0,"7":0,"8":0,"9":0,"10":0},"f":{"0":0,"1":0},"b":{}}
,"/home/nando/ethereum/ethereum-graph-debugger-ts/egd-ts/src/api/service/service/TransactionServiceImpl.ts": {"path":"/home/nando/ethereum/ethereum-graph-debugger-ts/egd-ts/src/api/service/service/TransactionServiceImpl.ts","statementMap":{"0":{"start":{"line":2,"column":0},"end":{"line":2,"column":45}},"1":{"start":{"line":3,"column":0},"end":{"line":3,"column":47}},"2":{"start":{"line":4,"column":0},"end":{"line":4,"column":45}},"3":{"start":{"line":6,"column":0},"end":{"line":6,"column":47}},"4":{"start":{"line":9,"column":0},"end":{"line":20,"column":1}},"5":{"start":{"line":12,"column":50},"end":{"line":12,"column":69}},"6":{"start":{"line":12,"column":102},"end":{"line":12,"column":115}},"7":{"start":{"line":13,"column":4},"end":{"line":13,"column":47}},"8":{"start":{"line":17,"column":40},"end":{"line":17,"column":98}},"9":{"start":{"line":18,"column":4},"end":{"line":18,"column":18}},"10":{"start":{"line":9,"column":13},"end":{"line":20,"column":1}},"11":{"start":{"line":9,"column":13},"end":{"line":9,"column":35}}},"fnMap":{"0":{"name":"(anonymous_10)","decl":{"start":{"line":12,"column":2},"end":{"line":12,"column":49}},"loc":{"start":{"line":12,"column":115},"end":{"line":14,"column":3}}},"1":{"name":"(anonymous_11)","decl":{"start":{"line":16,"column":8},"end":{"line":16,"column":29}},"loc":{"start":{"line":16,"column":54},"end":{"line":19,"column":3}}}},"branchMap":{"0":{"loc":{"start":{"line":12,"column":69},"end":{"line":12,"column":107}},"type":"cond-expr","locations":[{"start":{"line":12,"column":69},"end":{"line":12,"column":107}},{"start":{"line":12,"column":69},"end":{"line":12,"column":107}}]},"1":{"loc":{"start":{"line":12,"column":64},"end":{"line":12,"column":69}},"type":"binary-expr","locations":[{"start":{"line":12,"column":64},"end":{"line":12,"column":69}}]},"2":{"loc":{"start":{"line":12,"column":115},"end":{"line":null,"column":-1}},"type":"cond-expr","locations":[{"start":{"line":12,"column":115},"end":{"line":null,"column":-1}},{"start":{"line":12,"column":115},"end":{"line":null,"column":-1}}]},"3":{"loc":{"start":{"line":12,"column":69},"end":{"line":12,"column":115}},"type":"binary-expr","locations":[{"start":{"line":12,"column":69},"end":{"line":12,"column":115}},{"start":{"line":12,"column":108},"end":{"line":12,"column":115}}]}},"s":{"0":0,"1":0,"2":0,"3":0,"4":0,"5":0,"6":0,"7":0,"8":0,"9":0,"10":0,"11":0},"f":{"0":0,"1":0},"b":{"0":[0,0],"1":[0],"2":[0,0],"3":[0,0]}}
,"/home/nando/ethereum/ethereum-graph-debugger-ts/egd-ts/src/api/symbolic/evm/EVM.ts": {"path":"/home/nando/ethereum/ethereum-graph-debugger-ts/egd-ts/src/api/symbolic/evm/EVM.ts","statementMap":{"0":{"start":{"line":1,"column":0},"end":{"line":1,"column":36}},"1":{"start":{"line":2,"column":0},"end":{"line":2,"column":40}},"2":{"start":{"line":3,"column":0},"end":{"line":3,"column":39}},"3":{"start":{"line":13,"column":4},"end":{"line":13,"column":31}},"4":{"start":{"line":14,"column":4},"end":{"line":14,"column":35}},"5":{"start":{"line":15,"column":4},"end":{"line":15,"column":35}},"6":{"start":{"line":6,"column":0},"end":{"line":17,"column":1}}},"fnMap":{"0":{"name":"(anonymous_0)","decl":{"start":{"line":12,"column":2},"end":{"line":null,"column":-1}},"loc":{"start":{"line":12,"column":2},"end":{"line":16,"column":3}}}},"branchMap":{},"s":{"0":10,"1":10,"2":10,"3":30,"4":30,"5":30,"6":10},"f":{"0":30},"b":{}}
,"/home/nando/ethereum/ethereum-graph-debugger-ts/egd-ts/src/api/symbolic/evm/EVMExecutor.ts": {"path":"/home/nando/ethereum/ethereum-graph-debugger-ts/egd-ts/src/api/symbolic/evm/EVMExecutor.ts","statementMap":{"0":{"start":{"line":1,"column":0},"end":{"line":1,"column":26}},"1":{"start":{"line":4,"column":0},"end":{"line":4,"column":47}},"2":{"start":{"line":15,"column":4},"end":{"line":15,"column":24}},"3":{"start":{"line":16,"column":4},"end":{"line":16,"column":24}},"4":{"start":{"line":17,"column":4},"end":{"line":17,"column":28}},"5":{"start":{"line":21,"column":34},"end":{"line":21,"column":57}},"6":{"start":{"line":22,"column":4},"end":{"line":24,"column":5}},"7":{"start":{"line":23,"column":6},"end":{"line":23,"column":67}},"8":{"start":{"line":25,"column":4},"end":{"line":25,"column":24}},"9":{"start":{"line":26,"column":41},"end":{"line":26,"column":67}},"10":{"start":{"line":27,"column":4},"end":{"line":36,"column":5}},"11":{"start":{"line":28,"column":6},"end":{"line":34,"column":7}},"12":{"start":{"line":29,"column":8},"end":{"line":33,"column":9}},"13":{"start":{"line":30,"column":10},"end":{"line":30,"column":41}},"14":{"start":{"line":31,"column":15},"end":{"line":33,"column":9}},"15":{"start":{"line":32,"column":10},"end":{"line":32,"column":41}},"16":{"start":{"line":35,"column":6},"end":{"line":35,"column":32}},"17":{"start":{"line":40,"column":4},"end":{"line":46,"column":5}},"18":{"start":{"line":41,"column":33},"end":{"line":41,"column":66}},"19":{"start":{"line":42,"column":6},"end":{"line":44,"column":7}},"20":{"start":{"line":43,"column":8},"end":{"line":43,"column":71}},"21":{"start":{"line":45,"column":6},"end":{"line":45,"column":36}},"22":{"start":{"line":50,"column":41},"end":{"line":50,"column":43}},"23":{"start":{"line":51,"column":16},"end":{"line":51,"column":32}},"24":{"start":{"line":52,"column":30},"end":{"line":52,"column":49}},"25":{"start":{"line":53,"column":4},"end":{"line":61,"column":5}},"26":{"start":{"line":54,"column":27},"end":{"line":54,"column":52}},"27":{"start":{"line":55,"column":6},"end":{"line":60,"column":7}},"28":{"start":{"line":56,"column":46},"end":{"line":56,"column":92}},"29":{"start":{"line":57,"column":8},"end":{"line":59,"column":9}},"30":{"start":{"line":58,"column":10},"end":{"line":58,"column":40}},"31":{"start":{"line":62,"column":22},"end":{"line":62,"column":56}},"32":{"start":{"line":63,"column":4},"end":{"line":65,"column":5}},"33":{"start":{"line":64,"column":6},"end":{"line":64,"column":32}},"34":{"start":{"line":66,"column":4},"end":{"line":66,"column":21}},"35":{"start":{"line":9,"column":0},"end":{"line":68,"column":1}}},"fnMap":{"0":{"name":"(anonymous_0)","decl":{"start":{"line":14,"column":2},"end":{"line":14,"column":13}},"loc":{"start":{"line":14,"column":57},"end":{"line":18,"column":3}}},"1":{"name":"(anonymous_1)","decl":{"start":{"line":20,"column":2},"end":{"line":20,"column":4}},"loc":{"start":{"line":20,"column":20},"end":{"line":37,"column":3}}},"2":{"name":"(anonymous_2)","decl":{"start":{"line":39,"column":10},"end":{"line":39,"column":17}},"loc":{"start":{"line":39,"column":40},"end":{"line":47,"column":3}}},"3":{"name":"(anonymous_3)","decl":{"start":{"line":49,"column":10},"end":{"line":49,"column":23}},"loc":{"start":{"line":49,"column":46},"end":{"line":67,"column":3}}}},"branchMap":{"0":{"loc":{"start":{"line":22,"column":4},"end":{"line":24,"column":5}},"type":"if","locations":[{"start":{"line":22,"column":4},"end":{"line":24,"column":5}},{"start":{"line":22,"column":4},"end":{"line":24,"column":5}}]},"1":{"loc":{"start":{"line":28,"column":6},"end":{"line":34,"column":7}},"type":"if","locations":[{"start":{"line":28,"column":6},"end":{"line":34,"column":7}},{"start":{"line":28,"column":6},"end":{"line":34,"column":7}}]},"2":{"loc":{"start":{"line":28,"column":10},"end":{"line":28,"column":43}},"type":"binary-expr","locations":[{"start":{"line":28,"column":10},"end":{"line":28,"column":43}},{"start":{"line":28,"column":47},"end":{"line":28,"column":80}}]},"3":{"loc":{"start":{"line":29,"column":8},"end":{"line":33,"column":9}},"type":"if","locations":[{"start":{"line":29,"column":8},"end":{"line":33,"column":9}},{"start":{"line":29,"column":8},"end":{"line":33,"column":9}}]},"4":{"loc":{"start":{"line":31,"column":15},"end":{"line":33,"column":9}},"type":"if","locations":[{"start":{"line":31,"column":15},"end":{"line":33,"column":9}},{"start":{"line":31,"column":15},"end":{"line":33,"column":9}}]},"5":{"loc":{"start":{"line":42,"column":6},"end":{"line":44,"column":7}},"type":"if","locations":[{"start":{"line":42,"column":6},"end":{"line":44,"column":7}},{"start":{"line":42,"column":6},"end":{"line":44,"column":7}}]},"6":{"loc":{"start":{"line":53,"column":4},"end":{"line":61,"column":5}},"type":"if","locations":[{"start":{"line":53,"column":4},"end":{"line":61,"column":5}},{"start":{"line":53,"column":4},"end":{"line":61,"column":5}}]},"7":{"loc":{"start":{"line":55,"column":6},"end":{"line":60,"column":7}},"type":"if","locations":[{"start":{"line":55,"column":6},"end":{"line":60,"column":7}},{"start":{"line":55,"column":6},"end":{"line":60,"column":7}}]},"8":{"loc":{"start":{"line":55,"column":10},"end":{"line":55,"column":22}},"type":"binary-expr","locations":[{"start":{"line":55,"column":10},"end":{"line":55,"column":22}},{"start":{"line":55,"column":26},"end":{"line":55,"column":50}}]},"9":{"loc":{"start":{"line":57,"column":8},"end":{"line":59,"column":9}},"type":"if","locations":[{"start":{"line":57,"column":8},"end":{"line":59,"column":9}},{"start":{"line":57,"column":8},"end":{"line":59,"column":9}}]},"10":{"loc":{"start":{"line":63,"column":4},"end":{"line":65,"column":5}},"type":"if","locations":[{"start":{"line":63,"column":4},"end":{"line":65,"column":5}},{"start":{"line":63,"column":4},"end":{"line":65,"column":5}}]}},"s":{"0":10,"1":10,"2":30,"3":30,"4":30,"5":30,"6":30,"7":0,"8":30,"9":30,"10":30,"11":0,"12":0,"13":0,"14":0,"15":0,"16":0,"17":30,"18":87,"19":87,"20":0,"21":87,"22":30,"23":30,"24":30,"25":30,"26":1,"27":1,"28":1,"29":1,"30":0,"31":30,"32":30,"33":0,"34":30,"35":10},"f":{"0":30,"1":30,"2":30,"3":30},"b":{"0":[0,30],"1":[0,0],"2":[0,0],"3":[0,0],"4":[0,0],"5":[0,87],"6":[1,29],"7":[1,0],"8":[1,1],"9":[0,1],"10":[0,30]}}
,"/home/nando/ethereum/ethereum-graph-debugger-ts/egd-ts/src/api/symbolic/evm/EVMMemory.ts": {"path":"/home/nando/ethereum/ethereum-graph-debugger-ts/egd-ts/src/api/symbolic/evm/EVMMemory.ts","statementMap":{"0":{"start":{"line":1,"column":0},"end":{"line":1,"column":28}},"1":{"start":{"line":2,"column":0},"end":{"line":2,"column":25}},"2":{"start":{"line":8,"column":4},"end":{"line":8,"column":45}},"3":{"start":{"line":12,"column":4},"end":{"line":12,"column":29}},"4":{"start":{"line":16,"column":4},"end":{"line":18,"column":5}},"5":{"start":{"line":17,"column":6},"end":{"line":17,"column":39}},"6":{"start":{"line":19,"column":4},"end":{"line":22,"column":5}},"7":{"start":{"line":20,"column":26},"end":{"line":20,"column":78}},"8":{"start":{"line":21,"column":6},"end":{"line":21,"column":72}},"9":{"start":{"line":27,"column":4},"end":{"line":29,"column":5}},"10":{"start":{"line":28,"column":6},"end":{"line":28,"column":39}},"11":{"start":{"line":30,"column":4},"end":{"line":35,"column":5}},"12":{"start":{"line":31,"column":19},"end":{"line":31,"column":35}},"13":{"start":{"line":32,"column":28},"end":{"line":32,"column":48}},"14":{"start":{"line":33,"column":26},"end":{"line":33,"column":57}},"15":{"start":{"line":34,"column":6},"end":{"line":34,"column":72}},"16":{"start":{"line":40,"column":18},"end":{"line":40,"column":70}},"17":{"start":{"line":41,"column":4},"end":{"line":44,"column":5}},"18":{"start":{"line":48,"column":6},"end":{"line":48,"column":82}},"19":{"start":{"line":4,"column":0},"end":{"line":50,"column":1}}},"fnMap":{"0":{"name":"(anonymous_0)","decl":{"start":{"line":7,"column":2},"end":{"line":7,"column":13}},"loc":{"start":{"line":7,"column":35},"end":{"line":9,"column":3}}},"1":{"name":"(anonymous_1)","decl":{"start":{"line":11,"column":2},"end":{"line":11,"column":13}},"loc":{"start":{"line":11,"column":14},"end":{"line":13,"column":3}}},"2":{"name":"(anonymous_2)","decl":{"start":{"line":15,"column":2},"end":{"line":15,"column":10}},"loc":{"start":{"line":15,"column":38},"end":{"line":24,"column":3}}},"3":{"name":"(anonymous_3)","decl":{"start":{"line":26,"column":2},"end":{"line":26,"column":10}},"loc":{"start":{"line":26,"column":38},"end":{"line":37,"column":3}}},"4":{"name":"(anonymous_4)","decl":{"start":{"line":39,"column":2},"end":{"line":39,"column":9}},"loc":{"start":{"line":39,"column":25},"end":{"line":45,"column":3}}},"5":{"name":"(anonymous_5)","decl":{"start":{"line":47,"column":10},"end":{"line":47,"column":29}},"loc":{"start":{"line":47,"column":45},"end":{"line":49,"column":3}}}},"branchMap":{"0":{"loc":{"start":{"line":19,"column":4},"end":{"line":22,"column":5}},"type":"if","locations":[{"start":{"line":19,"column":4},"end":{"line":22,"column":5}},{"start":{"line":19,"column":4},"end":{"line":22,"column":5}}]},"1":{"loc":{"start":{"line":30,"column":4},"end":{"line":35,"column":5}},"type":"if","locations":[{"start":{"line":30,"column":4},"end":{"line":35,"column":5}},{"start":{"line":30,"column":4},"end":{"line":35,"column":5}}]}},"s":{"0":11,"1":11,"2":37,"3":4,"4":7,"5":2,"6":7,"7":7,"8":7,"9":6,"10":3,"11":6,"12":6,"13":6,"14":6,"15":6,"16":1,"17":1,"18":5,"19":11},"f":{"0":37,"1":4,"2":7,"3":6,"4":1,"5":5},"b":{"0":[7,0],"1":[6,0]}}
,"/home/nando/ethereum/ethereum-graph-debugger-ts/egd-ts/src/api/symbolic/evm/EVMStack.ts": {"path":"/home/nando/ethereum/ethereum-graph-debugger-ts/egd-ts/src/api/symbolic/evm/EVMStack.ts","statementMap":{"0":{"start":{"line":4,"column":2},"end":{"line":4,"column":20}},"1":{"start":{"line":7,"column":4},"end":{"line":7,"column":25}},"2":{"start":{"line":11,"column":4},"end":{"line":11,"column":27}},"3":{"start":{"line":15,"column":4},"end":{"line":15,"column":44}},"4":{"start":{"line":19,"column":4},"end":{"line":19,"column":51}},"5":{"start":{"line":23,"column":4},"end":{"line":23,"column":28}},"6":{"start":{"line":3,"column":0},"end":{"line":25,"column":1}}},"fnMap":{"0":{"name":"(anonymous_0)","decl":{"start":{"line":3,"column":0},"end":{"line":null,"column":-1}},"loc":{"start":{"line":3,"column":0},"end":{"line":25,"column":1}}},"1":{"name":"(anonymous_1)","decl":{"start":{"line":6,"column":2},"end":{"line":6,"column":5}},"loc":{"start":{"line":6,"column":17},"end":{"line":8,"column":3}}},"2":{"name":"(anonymous_2)","decl":{"start":{"line":10,"column":2},"end":{"line":10,"column":4}},"loc":{"start":{"line":10,"column":5},"end":{"line":12,"column":3}}},"3":{"name":"(anonymous_3)","decl":{"start":{"line":14,"column":2},"end":{"line":14,"column":5}},"loc":{"start":{"line":14,"column":6},"end":{"line":16,"column":3}}},"4":{"name":"(anonymous_4)","decl":{"start":{"line":18,"column":2},"end":{"line":18,"column":4}},"loc":{"start":{"line":18,"column":19},"end":{"line":20,"column":3}}},"5":{"name":"(anonymous_5)","decl":{"start":{"line":22,"column":2},"end":{"line":22,"column":7}},"loc":{"start":{"line":22,"column":8},"end":{"line":24,"column":3}}}},"branchMap":{},"s":{"0":34,"1":89,"2":14,"3":1,"4":32,"5":34,"6":11},"f":{"0":34,"1":89,"2":14,"3":1,"4":32,"5":34},"b":{}}
,"/home/nando/ethereum/ethereum-graph-debugger-ts/egd-ts/src/api/symbolic/evm/EVMStorage.ts": {"path":"/home/nando/ethereum/ethereum-graph-debugger-ts/egd-ts/src/api/symbolic/evm/EVMStorage.ts","statementMap":{"0":{"start":{"line":4,"column":2},"end":{"line":4,"column":14}},"1":{"start":{"line":8,"column":4},"end":{"line":12,"column":5}},"2":{"start":{"line":9,"column":6},"end":{"line":9,"column":39}},"3":{"start":{"line":11,"column":6},"end":{"line":11,"column":38}},"4":{"start":{"line":16,"column":4},"end":{"line":20,"column":5}},"5":{"start":{"line":17,"column":6},"end":{"line":17,"column":38}},"6":{"start":{"line":19,"column":6},"end":{"line":19,"column":37}},"7":{"start":{"line":3,"column":0},"end":{"line":22,"column":1}}},"fnMap":{"0":{"name":"(anonymous_0)","decl":{"start":{"line":3,"column":0},"end":{"line":null,"column":-1}},"loc":{"start":{"line":3,"column":0},"end":{"line":22,"column":1}}},"1":{"name":"(anonymous_1)","decl":{"start":{"line":7,"column":2},"end":{"line":7,"column":6}},"loc":{"start":{"line":7,"column":31},"end":{"line":13,"column":3}}},"2":{"name":"(anonymous_2)","decl":{"start":{"line":15,"column":2},"end":{"line":15,"column":5}},"loc":{"start":{"line":15,"column":17},"end":{"line":21,"column":3}}}},"branchMap":{"0":{"loc":{"start":{"line":8,"column":4},"end":{"line":12,"column":5}},"type":"if","locations":[{"start":{"line":8,"column":4},"end":{"line":12,"column":5}},{"start":{"line":8,"column":4},"end":{"line":12,"column":5}}]},"1":{"loc":{"start":{"line":16,"column":4},"end":{"line":20,"column":5}},"type":"if","locations":[{"start":{"line":16,"column":4},"end":{"line":20,"column":5}},{"start":{"line":16,"column":4},"end":{"line":20,"column":5}}]}},"s":{"0":30,"1":0,"2":0,"3":0,"4":0,"5":0,"6":0,"7":10},"f":{"0":30,"1":0,"2":0},"b":{"0":[0,0],"1":[0,0]}}
,"/home/nando/ethereum/ethereum-graph-debugger-ts/egd-ts/src/api/symbolic/evm/Symbols.ts": {"path":"/home/nando/ethereum/ethereum-graph-debugger-ts/egd-ts/src/api/symbolic/evm/Symbols.ts","statementMap":{"0":{"start":{"line":1,"column":0},"end":{"line":7,"column":1}},"1":{"start":{"line":3,"column":2},"end":{"line":3,"column":9}},"2":{"start":{"line":4,"column":2},"end":{"line":4,"column":11}},"3":{"start":{"line":5,"column":2},"end":{"line":5,"column":14}},"4":{"start":{"line":6,"column":2},"end":{"line":6,"column":5}}},"fnMap":{"0":{"name":"(anonymous_0)","decl":{"start":{"line":1,"column":0},"end":{"line":1,"column":11}},"loc":{"start":{"line":1,"column":19},"end":{"line":7,"column":1}}}},"branchMap":{"0":{"loc":{"start":{"line":1,"column":12},"end":{"line":1,"column":19}},"type":"binary-expr","locations":[{"start":{"line":1,"column":12},"end":{"line":1,"column":19}},{"start":{"line":1,"column":12},"end":{"line":1,"column":19}}]}},"s":{"0":10,"1":10,"2":10,"3":10,"4":10},"f":{"0":10},"b":{"0":[10,10]}}
,"/home/nando/ethereum/ethereum-graph-debugger-ts/egd-ts/src/api/symbolic/evm/Word.ts": {"path":"/home/nando/ethereum/ethereum-graph-debugger-ts/egd-ts/src/api/symbolic/evm/Word.ts","statementMap":{"0":{"start":{"line":1,"column":0},"end":{"line":1,"column":25}},"1":{"start":{"line":12,"column":4},"end":{"line":12,"column":69}},"2":{"start":{"line":16,"column":4},"end":{"line":16,"column":55}},"3":{"start":{"line":5,"column":9},"end":{"line":5,"column":34}},"4":{"start":{"line":4,"column":0},"end":{"line":18,"column":1}}},"fnMap":{"0":{"name":"(anonymous_0)","decl":{"start":{"line":11,"column":2},"end":{"line":11,"column":7}},"loc":{"start":{"line":11,"column":39},"end":{"line":13,"column":3}}},"1":{"name":"(anonymous_1)","decl":{"start":{"line":15,"column":2},"end":{"line":15,"column":7}},"loc":{"start":{"line":15,"column":39},"end":{"line":17,"column":3}}}},"branchMap":{},"s":{"0":12,"1":67,"2":4,"3":12,"4":12},"f":{"0":67,"1":4},"b":{}}
,"/home/nando/ethereum/ethereum-graph-debugger-ts/egd-ts/src/api/symbolic/evm/exec/Calldatasize.ts": {"path":"/home/nando/ethereum/ethereum-graph-debugger-ts/egd-ts/src/api/symbolic/evm/exec/Calldatasize.ts","statementMap":{"0":{"start":{"line":4,"column":0},"end":{"line":4,"column":30}},"1":{"start":{"line":5,"column":0},"end":{"line":5,"column":36}},"2":{"start":{"line":10,"column":4},"end":{"line":10,"column":61}},"3":{"start":{"line":7,"column":0},"end":{"line":12,"column":1}}},"fnMap":{"0":{"name":"(anonymous_0)","decl":{"start":{"line":9,"column":2},"end":{"line":9,"column":8}},"loc":{"start":{"line":9,"column":33},"end":{"line":11,"column":3}}}},"branchMap":{},"s":{"0":10,"1":10,"2":1,"3":10},"f":{"0":1},"b":{}}
,"/home/nando/ethereum/ethereum-graph-debugger-ts/egd-ts/src/api/symbolic/evm/exec/Callvalue.ts": {"path":"/home/nando/ethereum/ethereum-graph-debugger-ts/egd-ts/src/api/symbolic/evm/exec/Callvalue.ts","statementMap":{"0":{"start":{"line":4,"column":0},"end":{"line":4,"column":30}},"1":{"start":{"line":5,"column":0},"end":{"line":5,"column":36}},"2":{"start":{"line":10,"column":4},"end":{"line":10,"column":58}},"3":{"start":{"line":7,"column":0},"end":{"line":12,"column":1}}},"fnMap":{"0":{"name":"(anonymous_0)","decl":{"start":{"line":9,"column":2},"end":{"line":9,"column":8}},"loc":{"start":{"line":9,"column":33},"end":{"line":11,"column":3}}}},"branchMap":{},"s":{"0":10,"1":10,"2":1,"3":10},"f":{"0":1},"b":{}}
,"/home/nando/ethereum/ethereum-graph-debugger-ts/egd-ts/src/api/symbolic/evm/exec/Dup.ts": {"path":"/home/nando/ethereum/ethereum-graph-debugger-ts/egd-ts/src/api/symbolic/evm/exec/Dup.ts","statementMap":{"0":{"start":{"line":7,"column":18},"end":{"line":7,"column":51}},"1":{"start":{"line":8,"column":28},"end":{"line":8,"column":50}},"2":{"start":{"line":9,"column":4},"end":{"line":9,"column":35}},"3":{"start":{"line":5,"column":0},"end":{"line":11,"column":1}}},"fnMap":{"0":{"name":"(anonymous_0)","decl":{"start":{"line":6,"column":2},"end":{"line":6,"column":8}},"loc":{"start":{"line":6,"column":33},"end":{"line":10,"column":3}}}},"branchMap":{},"s":{"0":5,"1":5,"2":5,"3":10},"f":{"0":5},"b":{}}
,"/home/nando/ethereum/ethereum-graph-debugger-ts/egd-ts/src/api/symbolic/evm/exec/IsZero.ts": {"path":"/home/nando/ethereum/ethereum-graph-debugger-ts/egd-ts/src/api/symbolic/evm/exec/IsZero.ts","statementMap":{"0":{"start":{"line":4,"column":0},"end":{"line":4,"column":30}},"1":{"start":{"line":5,"column":0},"end":{"line":5,"column":36}},"2":{"start":{"line":10,"column":18},"end":{"line":10,"column":33}},"3":{"start":{"line":11,"column":4},"end":{"line":19,"column":5}},"4":{"start":{"line":12,"column":6},"end":{"line":16,"column":7}},"5":{"start":{"line":13,"column":8},"end":{"line":13,"column":48}},"6":{"start":{"line":15,"column":8},"end":{"line":15,"column":48}},"7":{"start":{"line":18,"column":6},"end":{"line":18,"column":58}},"8":{"start":{"line":7,"column":0},"end":{"line":21,"column":1}}},"fnMap":{"0":{"name":"(anonymous_0)","decl":{"start":{"line":9,"column":2},"end":{"line":9,"column":8}},"loc":{"start":{"line":9,"column":33},"end":{"line":20,"column":3}}}},"branchMap":{"0":{"loc":{"start":{"line":11,"column":4},"end":{"line":19,"column":5}},"type":"if","locations":[{"start":{"line":11,"column":4},"end":{"line":19,"column":5}},{"start":{"line":11,"column":4},"end":{"line":19,"column":5}}]},"1":{"loc":{"start":{"line":12,"column":6},"end":{"line":16,"column":7}},"type":"if","locations":[{"start":{"line":12,"column":6},"end":{"line":16,"column":7}},{"start":{"line":12,"column":6},"end":{"line":16,"column":7}}]}},"s":{"0":10,"1":10,"2":2,"3":2,"4":2,"5":1,"6":1,"7":0,"8":10},"f":{"0":2},"b":{"0":[2,0],"1":[1,1]}}
,"/home/nando/ethereum/ethereum-graph-debugger-ts/egd-ts/src/api/symbolic/evm/exec/Jumpi.ts": {"path":"/home/nando/ethereum/ethereum-graph-debugger-ts/egd-ts/src/api/symbolic/evm/exec/Jumpi.ts","statementMap":{"0":{"start":{"line":8,"column":25},"end":{"line":8,"column":40}},"1":{"start":{"line":9,"column":4},"end":{"line":9,"column":19}},"2":{"start":{"line":10,"column":4},"end":{"line":10,"column":39}},"3":{"start":{"line":5,"column":0},"end":{"line":12,"column":1}}},"fnMap":{"0":{"name":"(anonymous_0)","decl":{"start":{"line":7,"column":2},"end":{"line":7,"column":8}},"loc":{"start":{"line":7,"column":33},"end":{"line":11,"column":3}}}},"branchMap":{},"s":{"0":1,"1":1,"2":1,"3":10},"f":{"0":1},"b":{}}
,"/home/nando/ethereum/ethereum-graph-debugger-ts/egd-ts/src/api/symbolic/evm/exec/MStore.ts": {"path":"/home/nando/ethereum/ethereum-graph-debugger-ts/egd-ts/src/api/symbolic/evm/exec/MStore.ts","statementMap":{"0":{"start":{"line":8,"column":21},"end":{"line":8,"column":36}},"1":{"start":{"line":9,"column":18},"end":{"line":9,"column":33}},"2":{"start":{"line":10,"column":4},"end":{"line":12,"column":5}},"3":{"start":{"line":11,"column":6},"end":{"line":11,"column":60}},"4":{"start":{"line":5,"column":0},"end":{"line":14,"column":1}}},"fnMap":{"0":{"name":"(anonymous_0)","decl":{"start":{"line":7,"column":2},"end":{"line":7,"column":8}},"loc":{"start":{"line":7,"column":33},"end":{"line":13,"column":3}}}},"branchMap":{"0":{"loc":{"start":{"line":10,"column":4},"end":{"line":12,"column":5}},"type":"if","locations":[{"start":{"line":10,"column":4},"end":{"line":12,"column":5}},{"start":{"line":10,"column":4},"end":{"line":12,"column":5}}]}},"s":{"0":1,"1":1,"2":1,"3":1,"4":10},"f":{"0":1},"b":{"0":[1,0]}}
,"/home/nando/ethereum/ethereum-graph-debugger-ts/egd-ts/src/api/symbolic/evm/exec/Mstore8.ts": {"path":"/home/nando/ethereum/ethereum-graph-debugger-ts/egd-ts/src/api/symbolic/evm/exec/Mstore8.ts","statementMap":{"0":{"start":{"line":8,"column":21},"end":{"line":8,"column":36}},"1":{"start":{"line":9,"column":18},"end":{"line":9,"column":33}},"2":{"start":{"line":10,"column":4},"end":{"line":12,"column":5}},"3":{"start":{"line":11,"column":6},"end":{"line":11,"column":60}},"4":{"start":{"line":5,"column":0},"end":{"line":14,"column":1}}},"fnMap":{"0":{"name":"(anonymous_0)","decl":{"start":{"line":7,"column":2},"end":{"line":7,"column":8}},"loc":{"start":{"line":7,"column":33},"end":{"line":13,"column":3}}}},"branchMap":{"0":{"loc":{"start":{"line":10,"column":4},"end":{"line":12,"column":5}},"type":"if","locations":[{"start":{"line":10,"column":4},"end":{"line":12,"column":5}},{"start":{"line":10,"column":4},"end":{"line":12,"column":5}}]},"1":{"loc":{"start":{"line":10,"column":7},"end":{"line":10,"column":27}},"type":"binary-expr","locations":[{"start":{"line":10,"column":7},"end":{"line":10,"column":27}},{"start":{"line":10,"column":31},"end":{"line":10,"column":48}}]}},"s":{"0":2,"1":2,"2":2,"3":2,"4":10},"f":{"0":2},"b":{"0":[2,0],"1":[2,2]}}
,"/home/nando/ethereum/ethereum-graph-debugger-ts/egd-ts/src/api/symbolic/evm/exec/Nop.ts": {"path":"/home/nando/ethereum/ethereum-graph-debugger-ts/egd-ts/src/api/symbolic/evm/exec/Nop.ts","statementMap":{"0":{"start":{"line":5,"column":0},"end":{"line":8,"column":1}}},"fnMap":{"0":{"name":"(anonymous_0)","decl":{"start":{"line":7,"column":2},"end":{"line":7,"column":8}},"loc":{"start":{"line":7,"column":33},"end":{"line":7,"column":37}}}},"branchMap":{},"s":{"0":10},"f":{"0":0},"b":{}}
,"/home/nando/ethereum/ethereum-graph-debugger-ts/egd-ts/src/api/symbolic/evm/exec/OpcodeExecutor.ts": {"path":"/home/nando/ethereum/ethereum-graph-debugger-ts/egd-ts/src/api/symbolic/evm/exec/OpcodeExecutor.ts","statementMap":{"0":{"start":{"line":1,"column":0},"end":{"line":1,"column":28}},"1":{"start":{"line":2,"column":0},"end":{"line":2,"column":26}},"2":{"start":{"line":3,"column":0},"end":{"line":3,"column":37}},"3":{"start":{"line":4,"column":0},"end":{"line":4,"column":27}},"4":{"start":{"line":5,"column":0},"end":{"line":5,"column":33}},"5":{"start":{"line":6,"column":0},"end":{"line":6,"column":35}},"6":{"start":{"line":7,"column":0},"end":{"line":7,"column":33}},"7":{"start":{"line":8,"column":0},"end":{"line":8,"column":39}},"8":{"start":{"line":9,"column":0},"end":{"line":9,"column":27}},"9":{"start":{"line":10,"column":0},"end":{"line":10,"column":45}},"10":{"start":{"line":11,"column":0},"end":{"line":11,"column":31}},"11":{"start":{"line":14,"column":0},"end":{"line":88,"column":1}},"12":{"start":{"line":15,"column":2},"end":{"line":15,"column":10}},"13":{"start":{"line":18,"column":4},"end":{"line":18,"column":34}},"14":{"start":{"line":19,"column":4},"end":{"line":19,"column":34}},"15":{"start":{"line":20,"column":4},"end":{"line":20,"column":34}},"16":{"start":{"line":21,"column":4},"end":{"line":21,"column":34}},"17":{"start":{"line":22,"column":4},"end":{"line":22,"column":34}},"18":{"start":{"line":23,"column":4},"end":{"line":23,"column":34}},"19":{"start":{"line":24,"column":4},"end":{"line":24,"column":34}},"20":{"start":{"line":25,"column":4},"end":{"line":25,"column":34}},"21":{"start":{"line":26,"column":4},"end":{"line":26,"column":34}},"22":{"start":{"line":27,"column":4},"end":{"line":27,"column":35}},"23":{"start":{"line":28,"column":4},"end":{"line":28,"column":35}},"24":{"start":{"line":29,"column":4},"end":{"line":29,"column":35}},"25":{"start":{"line":30,"column":4},"end":{"line":30,"column":35}},"26":{"start":{"line":31,"column":4},"end":{"line":31,"column":35}},"27":{"start":{"line":32,"column":4},"end":{"line":32,"column":35}},"28":{"start":{"line":33,"column":4},"end":{"line":33,"column":35}},"29":{"start":{"line":34,"column":4},"end":{"line":34,"column":35}},"30":{"start":{"line":35,"column":4},"end":{"line":35,"column":35}},"31":{"start":{"line":36,"column":4},"end":{"line":36,"column":35}},"32":{"start":{"line":37,"column":4},"end":{"line":37,"column":35}},"33":{"start":{"line":38,"column":4},"end":{"line":38,"column":35}},"34":{"start":{"line":39,"column":4},"end":{"line":39,"column":35}},"35":{"start":{"line":40,"column":4},"end":{"line":40,"column":35}},"36":{"start":{"line":41,"column":4},"end":{"line":41,"column":35}},"37":{"start":{"line":42,"column":4},"end":{"line":42,"column":35}},"38":{"start":{"line":43,"column":4},"end":{"line":43,"column":35}},"39":{"start":{"line":44,"column":4},"end":{"line":44,"column":35}},"40":{"start":{"line":45,"column":4},"end":{"line":45,"column":35}},"41":{"start":{"line":46,"column":4},"end":{"line":46,"column":35}},"42":{"start":{"line":47,"column":4},"end":{"line":47,"column":35}},"43":{"start":{"line":48,"column":4},"end":{"line":48,"column":35}},"44":{"start":{"line":49,"column":4},"end":{"line":49,"column":35}},"45":{"start":{"line":51,"column":4},"end":{"line":51,"column":32}},"46":{"start":{"line":52,"column":4},"end":{"line":52,"column":32}},"47":{"start":{"line":53,"column":4},"end":{"line":53,"column":32}},"48":{"start":{"line":54,"column":4},"end":{"line":54,"column":32}},"49":{"start":{"line":55,"column":4},"end":{"line":55,"column":32}},"50":{"start":{"line":56,"column":4},"end":{"line":56,"column":32}},"51":{"start":{"line":57,"column":4},"end":{"line":57,"column":32}},"52":{"start":{"line":58,"column":4},"end":{"line":58,"column":32}},"53":{"start":{"line":59,"column":4},"end":{"line":59,"column":32}},"54":{"start":{"line":60,"column":4},"end":{"line":60,"column":33}},"55":{"start":{"line":61,"column":4},"end":{"line":61,"column":33}},"56":{"start":{"line":62,"column":4},"end":{"line":62,"column":33}},"57":{"start":{"line":63,"column":4},"end":{"line":63,"column":33}},"58":{"start":{"line":64,"column":4},"end":{"line":64,"column":33}},"59":{"start":{"line":65,"column":4},"end":{"line":65,"column":33}},"60":{"start":{"line":66,"column":4},"end":{"line":66,"column":33}},"61":{"start":{"line":68,"column":4},"end":{"line":68,"column":35}},"62":{"start":{"line":70,"column":4},"end":{"line":70,"column":31}},"63":{"start":{"line":71,"column":4},"end":{"line":71,"column":37}},"64":{"start":{"line":72,"column":4},"end":{"line":72,"column":37}},"65":{"start":{"line":73,"column":4},"end":{"line":73,"column":39}},"66":{"start":{"line":76,"column":4},"end":{"line":76,"column":43}},"67":{"start":{"line":77,"column":4},"end":{"line":77,"column":49}},"68":{"start":{"line":80,"column":4},"end":{"line":80,"column":34}},"69":{"start":{"line":81,"column":4},"end":{"line":81,"column":36}},"70":{"start":{"line":82,"column":4},"end":{"line":82,"column":34}},"71":{"start":{"line":83,"column":4},"end":{"line":83,"column":36}},"72":{"start":{"line":84,"column":4},"end":{"line":84,"column":32}},"73":{"start":{"line":85,"column":4},"end":{"line":85,"column":35}},"74":{"start":{"line":14,"column":13},"end":{"line":88,"column":1}},"75":{"start":{"line":14,"column":13},"end":{"line":14,"column":27}}},"fnMap":{"0":{"name":"(anonymous_2)","decl":{"start":{"line":17,"column":2},"end":{"line":null,"column":-1}},"loc":{"start":{"line":17,"column":2},"end":{"line":87,"column":3}}}},"branchMap":{},"s":{"0":10,"1":10,"2":10,"3":10,"4":10,"5":10,"6":10,"7":10,"8":10,"9":10,"10":10,"11":10,"12":10,"13":10,"14":10,"15":10,"16":10,"17":10,"18":10,"19":10,"20":10,"21":10,"22":10,"23":10,"24":10,"25":10,"26":10,"27":10,"28":10,"29":10,"30":10,"31":10,"32":10,"33":10,"34":10,"35":10,"36":10,"37":10,"38":10,"39":10,"40":10,"41":10,"42":10,"43":10,"44":10,"45":10,"46":10,"47":10,"48":10,"49":10,"50":10,"51":10,"52":10,"53":10,"54":10,"55":10,"56":10,"57":10,"58":10,"59":10,"60":10,"61":10,"62":10,"63":10,"64":10,"65":10,"66":10,"67":10,"68":10,"69":10,"70":10,"71":10,"72":10,"73":10,"74":10,"75":10},"f":{"0":10},"b":{}}
,"/home/nando/ethereum/ethereum-graph-debugger-ts/egd-ts/src/api/symbolic/evm/exec/Pop.ts": {"path":"/home/nando/ethereum/ethereum-graph-debugger-ts/egd-ts/src/api/symbolic/evm/exec/Pop.ts","statementMap":{"0":{"start":{"line":7,"column":4},"end":{"line":7,"column":19}},"1":{"start":{"line":5,"column":0},"end":{"line":9,"column":1}}},"fnMap":{"0":{"name":"(anonymous_0)","decl":{"start":{"line":6,"column":2},"end":{"line":6,"column":8}},"loc":{"start":{"line":6,"column":33},"end":{"line":8,"column":3}}}},"branchMap":{},"s":{"0":3,"1":10},"f":{"0":3},"b":{}}
,"/home/nando/ethereum/ethereum-graph-debugger-ts/egd-ts/src/api/symbolic/evm/exec/Push.ts": {"path":"/home/nando/ethereum/ethereum-graph-debugger-ts/egd-ts/src/api/symbolic/evm/exec/Push.ts","statementMap":{"0":{"start":{"line":1,"column":0},"end":{"line":1,"column":25}},"1":{"start":{"line":11,"column":23},"end":{"line":14,"column":5}},"2":{"start":{"line":15,"column":4},"end":{"line":15,"column":24}},"3":{"start":{"line":8,"column":0},"end":{"line":17,"column":1}}},"fnMap":{"0":{"name":"(anonymous_0)","decl":{"start":{"line":10,"column":2},"end":{"line":10,"column":8}},"loc":{"start":{"line":10,"column":33},"end":{"line":16,"column":3}}}},"branchMap":{},"s":{"0":10,"1":71,"2":71,"3":10},"f":{"0":71},"b":{}}
,"/home/nando/ethereum/ethereum-graph-debugger-ts/egd-ts/src/api/symbolic/evm/exec/TestUtils.ts": {"path":"/home/nando/ethereum/ethereum-graph-debugger-ts/egd-ts/src/api/symbolic/evm/exec/TestUtils.ts","statementMap":{"0":{"start":{"line":6,"column":0},"end":{"line":6,"column":44}},"1":{"start":{"line":14,"column":27},"end":{"line":14,"column":69}},"2":{"start":{"line":15,"column":28},"end":{"line":15,"column":56}},"3":{"start":{"line":16,"column":2},"end":{"line":16,"column":48}},"4":{"start":{"line":8,"column":0},"end":{"line":17,"column":1}}},"fnMap":{"0":{"name":"createExecutor","decl":{"start":{"line":8,"column":16},"end":{"line":8,"column":30}},"loc":{"start":{"line":12,"column":32},"end":{"line":17,"column":1}}}},"branchMap":{},"s":{"0":10,"1":30,"2":30,"3":30,"4":10},"f":{"0":30},"b":{}}
,"/home/nando/ethereum/ethereum-graph-debugger-ts/egd-ts/src/inversify/ioc.ts": {"path":"/home/nando/ethereum/ethereum-graph-debugger-ts/egd-ts/src/inversify/ioc.ts","statementMap":{"0":{"start":{"line":1,"column":0},"end":{"line":1,"column":78}},"1":{"start":{"line":43,"column":45},"end":{"line":43,"column":51}},"2":{"start":{"line":2,"column":0},"end":{"line":2,"column":107}},"3":{"start":{"line":43,"column":23},"end":{"line":43,"column":34}},"4":{"start":{"line":3,"column":0},"end":{"line":3,"column":32}},"5":{"start":{"line":5,"column":0},"end":{"line":5,"column":30}},"6":{"start":{"line":6,"column":0},"end":{"line":6,"column":60}},"7":{"start":{"line":7,"column":0},"end":{"line":7,"column":77}},"8":{"start":{"line":9,"column":0},"end":{"line":9,"column":85}},"9":{"start":{"line":12,"column":0},"end":{"line":12,"column":64}},"10":{"start":{"line":14,"column":0},"end":{"line":14,"column":65}},"11":{"start":{"line":16,"column":21},"end":{"line":16,"column":36}},"12":{"start":{"line":43,"column":9},"end":{"line":43,"column":21}},"13":{"start":{"line":17,"column":16},"end":{"line":17,"column":50}},"14":{"start":{"line":43,"column":36},"end":{"line":43,"column":43}},"15":{"start":{"line":18,"column":23},"end":{"line":18,"column":63}},"16":{"start":{"line":20,"column":0},"end":{"line":20,"column":34}},"17":{"start":{"line":22,"column":0},"end":{"line":22,"column":61}},"18":{"start":{"line":23,"column":0},"end":{"line":23,"column":72}},"19":{"start":{"line":24,"column":0},"end":{"line":24,"column":90}},"20":{"start":{"line":25,"column":0},"end":{"line":25,"column":71}},"21":{"start":{"line":26,"column":0},"end":{"line":26,"column":70}},"22":{"start":{"line":28,"column":21},"end":{"line":35,"column":1}},"23":{"start":{"line":32,"column":2},"end":{"line":34,"column":11}},"24":{"start":{"line":43,"column":71},"end":{"line":43,"column":83}},"25":{"start":{"line":37,"column":25},"end":{"line":41,"column":1}},"26":{"start":{"line":38,"column":2},"end":{"line":40,"column":11}},"27":{"start":{"line":43,"column":53},"end":{"line":43,"column":69}}},"fnMap":{"0":{"name":"(anonymous_0)","decl":{"start":{"line":28,"column":21},"end":{"line":29,"column":2}},"loc":{"start":{"line":31,"column":4},"end":{"line":35,"column":1}}},"1":{"name":"(anonymous_1)","decl":{"start":{"line":37,"column":25},"end":{"line":37,"column":26}},"loc":{"start":{"line":37,"column":110},"end":{"line":41,"column":1}}}},"branchMap":{},"s":{"0":0,"1":0,"2":0,"3":0,"4":0,"5":0,"6":0,"7":0,"8":0,"9":0,"10":0,"11":0,"12":0,"13":0,"14":0,"15":0,"16":0,"17":0,"18":0,"19":0,"20":0,"21":0,"22":0,"23":0,"24":0,"25":0,"26":0,"27":0},"f":{"0":0,"1":0},"b":{}}
,"/home/nando/ethereum/ethereum-graph-debugger-ts/egd-ts/src/inversify/types.ts": {"path":"/home/nando/ethereum/ethereum-graph-debugger-ts/egd-ts/src/inversify/types.ts","statementMap":{"0":{"start":{"line":1,"column":14},"end":{"line":8,"column":1}},"1":{"start":{"line":10,"column":9},"end":{"line":10,"column":14}}},"fnMap":{},"branchMap":{},"s":{"0":0,"1":0},"f":{},"b":{}}
}
