{"/home/nando/ethereum/ethereum-graph-debugger-ts/egd-ts/src/api/blockchain/Web3Instance.ts": {"path":"/home/nando/ethereum/ethereum-graph-debugger-ts/egd-ts/src/api/blockchain/Web3Instance.ts","statementMap":{"0":{"start":{"line":1,"column":0},"end":{"line":1,"column":37}},"1":{"start":{"line":3,"column":13},"end":{"line":3,"column":28}},"2":{"start":{"line":6,"column":0},"end":{"line":18,"column":1}},"3":{"start":{"line":11,"column":25},"end":{"line":11,"column":81}},"4":{"start":{"line":12,"column":4},"end":{"line":12,"column":46}},"5":{"start":{"line":16,"column":4},"end":{"line":16,"column":28}},"6":{"start":{"line":6,"column":13},"end":{"line":18,"column":1}},"7":{"start":{"line":6,"column":13},"end":{"line":6,"column":25}}},"fnMap":{"0":{"name":"(anonymous_2)","decl":{"start":{"line":9,"column":2},"end":{"line":null,"column":-1}},"loc":{"start":{"line":9,"column":2},"end":{"line":13,"column":3}}},"1":{"name":"(anonymous_3)","decl":{"start":{"line":15,"column":2},"end":{"line":15,"column":12}},"loc":{"start":{"line":15,"column":13},"end":{"line":17,"column":3}}}},"branchMap":{},"s":{"0":0,"1":0,"2":0,"3":0,"4":0,"5":0,"6":0,"7":0},"f":{"0":0,"1":0},"b":{}}
,"/home/nando/ethereum/ethereum-graph-debugger-ts/egd-ts/src/api/bytecode/EVMDisassembler.ts": {"path":"/home/nando/ethereum/ethereum-graph-debugger-ts/egd-ts/src/api/bytecode/EVMDisassembler.ts","statementMap":{"0":{"start":{"line":3,"column":0},"end":{"line":3,"column":34}},"1":{"start":{"line":4,"column":0},"end":{"line":4,"column":45}},"2":{"start":{"line":5,"column":0},"end":{"line":5,"column":25}},"3":{"start":{"line":8,"column":11},"end":{"line":8,"column":26}},"4":{"start":{"line":11,"column":0},"end":{"line":124,"column":1}},"5":{"start":{"line":12,"column":11},"end":{"line":12,"column":48}},"6":{"start":{"line":17,"column":24},"end":{"line":17,"column":72}},"7":{"start":{"line":18,"column":29},"end":{"line":18,"column":97}},"8":{"start":{"line":19,"column":21},"end":{"line":19,"column":95}},"9":{"start":{"line":20,"column":4},"end":{"line":20,"column":45}},"10":{"start":{"line":24,"column":15},"end":{"line":24,"column":23}},"11":{"start":{"line":26,"column":4},"end":{"line":28,"column":5}},"12":{"start":{"line":27,"column":6},"end":{"line":27,"column":30}},"13":{"start":{"line":30,"column":4},"end":{"line":32,"column":5}},"14":{"start":{"line":31,"column":6},"end":{"line":31,"column":69}},"15":{"start":{"line":34,"column":36},"end":{"line":34,"column":70}},"16":{"start":{"line":35,"column":27},"end":{"line":35,"column":92}},"17":{"start":{"line":35,"column":51},"end":{"line":35,"column":80}},"18":{"start":{"line":36,"column":22},"end":{"line":36,"column":24}},"19":{"start":{"line":37,"column":18},"end":{"line":37,"column":28}},"20":{"start":{"line":38,"column":4},"end":{"line":42,"column":5}},"21":{"start":{"line":39,"column":29},"end":{"line":39,"column":82}},"22":{"start":{"line":39,"column":56},"end":{"line":39,"column":81}},"23":{"start":{"line":40,"column":6},"end":{"line":40,"column":59}},"24":{"start":{"line":41,"column":6},"end":{"line":41,"column":97}},"25":{"start":{"line":43,"column":4},"end":{"line":48,"column":29}},"26":{"start":{"line":52,"column":15},"end":{"line":52,"column":23}},"27":{"start":{"line":54,"column":4},"end":{"line":56,"column":5}},"28":{"start":{"line":55,"column":6},"end":{"line":55,"column":30}},"29":{"start":{"line":58,"column":4},"end":{"line":60,"column":5}},"30":{"start":{"line":59,"column":6},"end":{"line":59,"column":47}},"31":{"start":{"line":62,"column":4},"end":{"line":64,"column":5}},"32":{"start":{"line":63,"column":6},"end":{"line":63,"column":69}},"33":{"start":{"line":65,"column":17},"end":{"line":65,"column":18}},"34":{"start":{"line":66,"column":23},"end":{"line":66,"column":44}},"35":{"start":{"line":67,"column":48},"end":{"line":67,"column":50}},"36":{"start":{"line":69,"column":4},"end":{"line":84,"column":5}},"37":{"start":{"line":70,"column":19},"end":{"line":70,"column":32}},"38":{"start":{"line":71,"column":29},"end":{"line":71,"column":87}},"39":{"start":{"line":72,"column":6},"end":{"line":83,"column":7}},"40":{"start":{"line":73,"column":27},"end":{"line":73,"column":44}},"41":{"start":{"line":74,"column":25},"end":{"line":74,"column":82}},"42":{"start":{"line":75,"column":26},"end":{"line":75,"column":72}},"43":{"start":{"line":76,"column":8},"end":{"line":76,"column":46}},"44":{"start":{"line":77,"column":8},"end":{"line":77,"column":40}},"45":{"start":{"line":78,"column":8},"end":{"line":78,"column":26}},"46":{"start":{"line":80,"column":26},"end":{"line":80,"column":67}},"47":{"start":{"line":81,"column":8},"end":{"line":81,"column":46}},"48":{"start":{"line":82,"column":8},"end":{"line":82,"column":16}},"49":{"start":{"line":85,"column":4},"end":{"line":85,"column":33}},"50":{"start":{"line":89,"column":24},"end":{"line":89,"column":44}},"51":{"start":{"line":90,"column":4},"end":{"line":90,"column":67}},"52":{"start":{"line":90,"column":30},"end":{"line":90,"column":65}},"53":{"start":{"line":91,"column":4},"end":{"line":91,"column":21}},"54":{"start":{"line":95,"column":4},"end":{"line":99,"column":18}},"55":{"start":{"line":103,"column":20},"end":{"line":103,"column":22}},"56":{"start":{"line":104,"column":4},"end":{"line":106,"column":5}},"57":{"start":{"line":107,"column":24},"end":{"line":117,"column":5}},"58":{"start":{"line":118,"column":4},"end":{"line":118,"column":22}},"59":{"start":{"line":122,"column":4},"end":{"line":122,"column":41}},"60":{"start":{"line":11,"column":13},"end":{"line":124,"column":1}},"61":{"start":{"line":11,"column":13},"end":{"line":11,"column":28}}},"fnMap":{"0":{"name":"(anonymous_2)","decl":{"start":{"line":14,"column":2},"end":{"line":null,"column":-1}},"loc":{"start":{"line":14,"column":2},"end":{"line":14,"column":18}}},"1":{"name":"(anonymous_3)","decl":{"start":{"line":16,"column":2},"end":{"line":16,"column":22}},"loc":{"start":{"line":16,"column":60},"end":{"line":21,"column":3}}},"2":{"name":"(anonymous_4)","decl":{"start":{"line":23,"column":2},"end":{"line":23,"column":20}},"loc":{"start":{"line":23,"column":38},"end":{"line":49,"column":3}}},"3":{"name":"(anonymous_5)","decl":{"start":{"line":35,"column":45},"end":{"line":35,"column":46}},"loc":{"start":{"line":35,"column":51},"end":{"line":35,"column":80}}},"4":{"name":"(anonymous_6)","decl":{"start":{"line":39,"column":50},"end":{"line":39,"column":51}},"loc":{"start":{"line":39,"column":56},"end":{"line":39,"column":81}}},"5":{"name":"(anonymous_7)","decl":{"start":{"line":51,"column":2},"end":{"line":51,"column":20}},"loc":{"start":{"line":51,"column":38},"end":{"line":86,"column":3}}},"6":{"name":"(anonymous_8)","decl":{"start":{"line":88,"column":10},"end":{"line":88,"column":28}},"loc":{"start":{"line":88,"column":53},"end":{"line":92,"column":3}}},"7":{"name":"(anonymous_9)","decl":{"start":{"line":90,"column":23},"end":{"line":90,"column":24}},"loc":{"start":{"line":90,"column":30},"end":{"line":90,"column":65}}},"8":{"name":"(anonymous_10)","decl":{"start":{"line":94,"column":10},"end":{"line":94,"column":24}},"loc":{"start":{"line":94,"column":74},"end":{"line":100,"column":3}}},"9":{"name":"(anonymous_11)","decl":{"start":{"line":102,"column":10},"end":{"line":102,"column":30}},"loc":{"start":{"line":102,"column":68},"end":{"line":119,"column":3}}},"10":{"name":"(anonymous_12)","decl":{"start":{"line":121,"column":10},"end":{"line":121,"column":15}},"loc":{"start":{"line":121,"column":31},"end":{"line":123,"column":3}}}},"branchMap":{"0":{"loc":{"start":{"line":26,"column":4},"end":{"line":28,"column":5}},"type":"if","locations":[{"start":{"line":26,"column":4},"end":{"line":28,"column":5}},{"start":{"line":26,"column":4},"end":{"line":28,"column":5}}]},"1":{"loc":{"start":{"line":30,"column":4},"end":{"line":32,"column":5}},"type":"if","locations":[{"start":{"line":30,"column":4},"end":{"line":32,"column":5}},{"start":{"line":30,"column":4},"end":{"line":32,"column":5}}]},"2":{"loc":{"start":{"line":38,"column":4},"end":{"line":42,"column":5}},"type":"if","locations":[{"start":{"line":38,"column":4},"end":{"line":42,"column":5}},{"start":{"line":38,"column":4},"end":{"line":42,"column":5}}]},"3":{"loc":{"start":{"line":54,"column":4},"end":{"line":56,"column":5}},"type":"if","locations":[{"start":{"line":54,"column":4},"end":{"line":56,"column":5}},{"start":{"line":54,"column":4},"end":{"line":56,"column":5}}]},"4":{"loc":{"start":{"line":58,"column":4},"end":{"line":60,"column":5}},"type":"if","locations":[{"start":{"line":58,"column":4},"end":{"line":60,"column":5}},{"start":{"line":58,"column":4},"end":{"line":60,"column":5}}]},"5":{"loc":{"start":{"line":62,"column":4},"end":{"line":64,"column":5}},"type":"if","locations":[{"start":{"line":62,"column":4},"end":{"line":64,"column":5}},{"start":{"line":62,"column":4},"end":{"line":64,"column":5}}]},"6":{"loc":{"start":{"line":71,"column":29},"end":{"line":71,"column":64}},"type":"binary-expr","locations":[{"start":{"line":71,"column":29},"end":{"line":71,"column":64}},{"start":{"line":71,"column":68},"end":{"line":71,"column":87}}]},"7":{"loc":{"start":{"line":72,"column":6},"end":{"line":83,"column":7}},"type":"if","locations":[{"start":{"line":72,"column":6},"end":{"line":83,"column":7}},{"start":{"line":72,"column":6},"end":{"line":83,"column":7}}]}},"s":{"0":19,"1":19,"2":19,"3":19,"4":19,"5":75,"6":1,"7":1,"8":1,"9":1,"10":4,"11":4,"12":0,"13":4,"14":0,"15":4,"16":4,"17":297,"18":4,"19":4,"20":4,"21":3,"22":63,"23":3,"24":3,"25":4,"26":75,"27":75,"28":4,"29":75,"30":3,"31":75,"32":1,"33":74,"34":74,"35":74,"36":74,"37":547,"38":547,"39":547,"40":243,"41":243,"42":243,"43":243,"44":243,"45":243,"46":304,"47":304,"48":304,"49":74,"50":3,"51":3,"52":232,"53":3,"54":547,"55":1,"56":1,"57":1,"58":1,"59":547,"60":19,"61":19},"f":{"0":75,"1":1,"2":4,"3":297,"4":63,"5":75,"6":3,"7":232,"8":547,"9":1,"10":547},"b":{"0":[0,4],"1":[0,4],"2":[3,1],"3":[4,71],"4":[3,72],"5":[1,74],"6":[547,0],"7":[243,304]}}
,"/home/nando/ethereum/ethereum-graph-debugger-ts/egd-ts/src/api/bytecode/Opcodes.ts": {"path":"/home/nando/ethereum/ethereum-graph-debugger-ts/egd-ts/src/api/bytecode/Opcodes.ts","statementMap":{"0":{"start":{"line":7,"column":4},"end":{"line":7,"column":81}},"1":{"start":{"line":9,"column":4},"end":{"line":9,"column":80}},"2":{"start":{"line":10,"column":4},"end":{"line":10,"column":79}},"3":{"start":{"line":11,"column":4},"end":{"line":11,"column":79}},"4":{"start":{"line":12,"column":4},"end":{"line":12,"column":79}},"5":{"start":{"line":13,"column":4},"end":{"line":13,"column":79}},"6":{"start":{"line":14,"column":4},"end":{"line":14,"column":80}},"7":{"start":{"line":15,"column":4},"end":{"line":15,"column":79}},"8":{"start":{"line":16,"column":4},"end":{"line":16,"column":80}},"9":{"start":{"line":17,"column":4},"end":{"line":17,"column":82}},"10":{"start":{"line":18,"column":4},"end":{"line":18,"column":82}},"11":{"start":{"line":19,"column":4},"end":{"line":19,"column":79}},"12":{"start":{"line":20,"column":4},"end":{"line":20,"column":86}},"13":{"start":{"line":21,"column":4},"end":{"line":21,"column":78}},"14":{"start":{"line":22,"column":4},"end":{"line":22,"column":78}},"15":{"start":{"line":23,"column":4},"end":{"line":23,"column":79}},"16":{"start":{"line":24,"column":4},"end":{"line":24,"column":79}},"17":{"start":{"line":25,"column":4},"end":{"line":25,"column":78}},"18":{"start":{"line":26,"column":4},"end":{"line":26,"column":82}},"19":{"start":{"line":27,"column":4},"end":{"line":27,"column":79}},"20":{"start":{"line":28,"column":4},"end":{"line":28,"column":78}},"21":{"start":{"line":29,"column":4},"end":{"line":29,"column":79}},"22":{"start":{"line":30,"column":4},"end":{"line":30,"column":79}},"23":{"start":{"line":31,"column":4},"end":{"line":31,"column":80}},"24":{"start":{"line":32,"column":4},"end":{"line":32,"column":80}},"25":{"start":{"line":33,"column":4},"end":{"line":33,"column":83}},"26":{"start":{"line":34,"column":4},"end":{"line":34,"column":83}},"27":{"start":{"line":35,"column":4},"end":{"line":35,"column":82}},"28":{"start":{"line":36,"column":4},"end":{"line":36,"column":82}},"29":{"start":{"line":37,"column":4},"end":{"line":37,"column":85}},"30":{"start":{"line":38,"column":4},"end":{"line":38,"column":88}},"31":{"start":{"line":39,"column":4},"end":{"line":39,"column":88}},"32":{"start":{"line":40,"column":4},"end":{"line":40,"column":88}},"33":{"start":{"line":41,"column":4},"end":{"line":41,"column":84}},"34":{"start":{"line":42,"column":4},"end":{"line":42,"column":84}},"35":{"start":{"line":43,"column":4},"end":{"line":43,"column":84}},"36":{"start":{"line":44,"column":4},"end":{"line":44,"column":84}},"37":{"start":{"line":45,"column":4},"end":{"line":45,"column":87}},"38":{"start":{"line":46,"column":4},"end":{"line":46,"column":87}},"39":{"start":{"line":47,"column":4},"end":{"line":47,"column":90}},"40":{"start":{"line":48,"column":4},"end":{"line":48,"column":90}},"41":{"start":{"line":49,"column":4},"end":{"line":49,"column":85}},"42":{"start":{"line":50,"column":4},"end":{"line":50,"column":84}},"43":{"start":{"line":51,"column":4},"end":{"line":51,"column":85}},"44":{"start":{"line":52,"column":4},"end":{"line":52,"column":82}},"45":{"start":{"line":53,"column":4},"end":{"line":53,"column":86}},"46":{"start":{"line":54,"column":4},"end":{"line":54,"column":84}},"47":{"start":{"line":55,"column":4},"end":{"line":55,"column":79}},"48":{"start":{"line":56,"column":4},"end":{"line":56,"column":81}},"49":{"start":{"line":57,"column":4},"end":{"line":57,"column":82}},"50":{"start":{"line":58,"column":4},"end":{"line":58,"column":83}},"51":{"start":{"line":59,"column":4},"end":{"line":59,"column":81}},"52":{"start":{"line":60,"column":4},"end":{"line":60,"column":82}},"53":{"start":{"line":61,"column":4},"end":{"line":61,"column":80}},"54":{"start":{"line":62,"column":4},"end":{"line":62,"column":81}},"55":{"start":{"line":63,"column":4},"end":{"line":63,"column":78}},"56":{"start":{"line":64,"column":4},"end":{"line":64,"column":81}},"57":{"start":{"line":65,"column":4},"end":{"line":65,"column":79}},"58":{"start":{"line":66,"column":4},"end":{"line":66,"column":84}},"59":{"start":{"line":67,"column":4},"end":{"line":67,"column":81}},"60":{"start":{"line":68,"column":4},"end":{"line":68,"column":81}},"61":{"start":{"line":69,"column":4},"end":{"line":69,"column":81}},"62":{"start":{"line":70,"column":4},"end":{"line":70,"column":81}},"63":{"start":{"line":71,"column":4},"end":{"line":71,"column":81}},"64":{"start":{"line":72,"column":4},"end":{"line":72,"column":81}},"65":{"start":{"line":73,"column":4},"end":{"line":73,"column":81}},"66":{"start":{"line":74,"column":4},"end":{"line":74,"column":81}},"67":{"start":{"line":75,"column":4},"end":{"line":75,"column":81}},"68":{"start":{"line":76,"column":4},"end":{"line":76,"column":83}},"69":{"start":{"line":77,"column":4},"end":{"line":77,"column":83}},"70":{"start":{"line":78,"column":4},"end":{"line":78,"column":83}},"71":{"start":{"line":79,"column":4},"end":{"line":79,"column":83}},"72":{"start":{"line":80,"column":4},"end":{"line":80,"column":83}},"73":{"start":{"line":81,"column":4},"end":{"line":81,"column":83}},"74":{"start":{"line":82,"column":4},"end":{"line":82,"column":83}},"75":{"start":{"line":83,"column":4},"end":{"line":83,"column":83}},"76":{"start":{"line":84,"column":4},"end":{"line":84,"column":83}},"77":{"start":{"line":85,"column":4},"end":{"line":85,"column":83}},"78":{"start":{"line":86,"column":4},"end":{"line":86,"column":83}},"79":{"start":{"line":87,"column":4},"end":{"line":87,"column":83}},"80":{"start":{"line":88,"column":4},"end":{"line":88,"column":83}},"81":{"start":{"line":89,"column":4},"end":{"line":89,"column":83}},"82":{"start":{"line":90,"column":4},"end":{"line":90,"column":83}},"83":{"start":{"line":91,"column":4},"end":{"line":91,"column":83}},"84":{"start":{"line":92,"column":4},"end":{"line":92,"column":83}},"85":{"start":{"line":93,"column":4},"end":{"line":93,"column":83}},"86":{"start":{"line":94,"column":4},"end":{"line":94,"column":83}},"87":{"start":{"line":95,"column":4},"end":{"line":95,"column":83}},"88":{"start":{"line":96,"column":4},"end":{"line":96,"column":83}},"89":{"start":{"line":97,"column":4},"end":{"line":97,"column":83}},"90":{"start":{"line":98,"column":4},"end":{"line":98,"column":83}},"91":{"start":{"line":99,"column":4},"end":{"line":99,"column":80}},"92":{"start":{"line":100,"column":4},"end":{"line":100,"column":80}},"93":{"start":{"line":101,"column":4},"end":{"line":101,"column":80}},"94":{"start":{"line":102,"column":4},"end":{"line":102,"column":80}},"95":{"start":{"line":103,"column":4},"end":{"line":103,"column":80}},"96":{"start":{"line":104,"column":4},"end":{"line":104,"column":80}},"97":{"start":{"line":105,"column":4},"end":{"line":105,"column":80}},"98":{"start":{"line":106,"column":4},"end":{"line":106,"column":80}},"99":{"start":{"line":107,"column":4},"end":{"line":107,"column":80}},"100":{"start":{"line":108,"column":4},"end":{"line":108,"column":81}},"101":{"start":{"line":109,"column":4},"end":{"line":109,"column":81}},"102":{"start":{"line":110,"column":4},"end":{"line":110,"column":81}},"103":{"start":{"line":111,"column":4},"end":{"line":111,"column":81}},"104":{"start":{"line":112,"column":4},"end":{"line":112,"column":81}},"105":{"start":{"line":113,"column":4},"end":{"line":113,"column":81}},"106":{"start":{"line":114,"column":4},"end":{"line":114,"column":81}},"107":{"start":{"line":115,"column":4},"end":{"line":115,"column":81}},"108":{"start":{"line":116,"column":4},"end":{"line":116,"column":81}},"109":{"start":{"line":117,"column":4},"end":{"line":117,"column":81}},"110":{"start":{"line":118,"column":4},"end":{"line":118,"column":81}},"111":{"start":{"line":119,"column":4},"end":{"line":119,"column":81}},"112":{"start":{"line":120,"column":4},"end":{"line":120,"column":81}},"113":{"start":{"line":121,"column":4},"end":{"line":121,"column":81}},"114":{"start":{"line":122,"column":4},"end":{"line":122,"column":81}},"115":{"start":{"line":123,"column":4},"end":{"line":123,"column":81}},"116":{"start":{"line":124,"column":4},"end":{"line":124,"column":82}},"117":{"start":{"line":125,"column":4},"end":{"line":125,"column":82}},"118":{"start":{"line":126,"column":4},"end":{"line":126,"column":82}},"119":{"start":{"line":127,"column":4},"end":{"line":127,"column":82}},"120":{"start":{"line":128,"column":4},"end":{"line":128,"column":82}},"121":{"start":{"line":129,"column":4},"end":{"line":129,"column":82}},"122":{"start":{"line":130,"column":4},"end":{"line":130,"column":82}},"123":{"start":{"line":131,"column":4},"end":{"line":131,"column":80}},"124":{"start":{"line":132,"column":4},"end":{"line":132,"column":80}},"125":{"start":{"line":133,"column":4},"end":{"line":133,"column":80}},"126":{"start":{"line":134,"column":4},"end":{"line":134,"column":80}},"127":{"start":{"line":135,"column":4},"end":{"line":135,"column":80}},"128":{"start":{"line":136,"column":4},"end":{"line":136,"column":82}},"129":{"start":{"line":137,"column":4},"end":{"line":137,"column":80}},"130":{"start":{"line":138,"column":4},"end":{"line":138,"column":84}},"131":{"start":{"line":139,"column":4},"end":{"line":139,"column":82}},"132":{"start":{"line":140,"column":4},"end":{"line":140,"column":88}},"133":{"start":{"line":141,"column":4},"end":{"line":141,"column":86}},"134":{"start":{"line":142,"column":4},"end":{"line":142,"column":82}},"135":{"start":{"line":143,"column":4},"end":{"line":143,"column":83}},"136":{"start":{"line":144,"column":4},"end":{"line":144,"column":88}},"137":{"start":{"line":146,"column":4},"end":{"line":151,"column":5}},"138":{"start":{"line":147,"column":21},"end":{"line":147,"column":36}},"139":{"start":{"line":148,"column":6},"end":{"line":150,"column":7}},"140":{"start":{"line":149,"column":8},"end":{"line":149,"column":42}},"141":{"start":{"line":155,"column":4},"end":{"line":155,"column":37}},"142":{"start":{"line":4,"column":9},"end":{"line":4,"column":21}},"143":{"start":{"line":3,"column":0},"end":{"line":157,"column":1}},"144":{"start":{"line":159,"column":0},"end":{"line":159,"column":18}}},"fnMap":{"0":{"name":"(anonymous_0)","decl":{"start":{"line":6,"column":2},"end":{"line":6,"column":7}},"loc":{"start":{"line":6,"column":17},"end":{"line":152,"column":3}}},"1":{"name":"(anonymous_1)","decl":{"start":{"line":154,"column":2},"end":{"line":154,"column":7}},"loc":{"start":{"line":154,"column":26},"end":{"line":156,"column":3}}}},"branchMap":{"0":{"loc":{"start":{"line":148,"column":6},"end":{"line":150,"column":7}},"type":"if","locations":[{"start":{"line":148,"column":6},"end":{"line":150,"column":7}},{"start":{"line":148,"column":6},"end":{"line":150,"column":7}}]}},"s":{"0":19,"1":19,"2":19,"3":19,"4":19,"5":19,"6":19,"7":19,"8":19,"9":19,"10":19,"11":19,"12":19,"13":19,"14":19,"15":19,"16":19,"17":19,"18":19,"19":19,"20":19,"21":19,"22":19,"23":19,"24":19,"25":19,"26":19,"27":19,"28":19,"29":19,"30":19,"31":19,"32":19,"33":19,"34":19,"35":19,"36":19,"37":19,"38":19,"39":19,"40":19,"41":19,"42":19,"43":19,"44":19,"45":19,"46":19,"47":19,"48":19,"49":19,"50":19,"51":19,"52":19,"53":19,"54":19,"55":19,"56":19,"57":19,"58":19,"59":19,"60":19,"61":19,"62":19,"63":19,"64":19,"65":19,"66":19,"67":19,"68":19,"69":19,"70":19,"71":19,"72":19,"73":19,"74":19,"75":19,"76":19,"77":19,"78":19,"79":19,"80":19,"81":19,"82":19,"83":19,"84":19,"85":19,"86":19,"87":19,"88":19,"89":19,"90":19,"91":19,"92":19,"93":19,"94":19,"95":19,"96":19,"97":19,"98":19,"99":19,"100":19,"101":19,"102":19,"103":19,"104":19,"105":19,"106":19,"107":19,"108":19,"109":19,"110":19,"111":19,"112":19,"113":19,"114":19,"115":19,"116":19,"117":19,"118":19,"119":19,"120":19,"121":19,"122":19,"123":19,"124":19,"125":19,"126":19,"127":19,"128":19,"129":19,"130":19,"131":19,"132":19,"133":19,"134":19,"135":19,"136":19,"137":19,"138":4864,"139":4864,"140":2565,"141":65,"142":19,"143":19,"144":19},"f":{"0":19,"1":65},"b":{"0":[2565,2299]}}
,"/home/nando/ethereum/ethereum-graph-debugger-ts/egd-ts/src/api/cfg/CFGBlocks.ts": {"path":"/home/nando/ethereum/ethereum-graph-debugger-ts/egd-ts/src/api/cfg/CFGBlocks.ts","statementMap":{"0":{"start":{"line":4,"column":2},"end":{"line":4,"column":13}},"1":{"start":{"line":7,"column":4},"end":{"line":7,"column":31}},"2":{"start":{"line":11,"column":4},"end":{"line":11,"column":30}},"3":{"start":{"line":15,"column":4},"end":{"line":15,"column":57}},"4":{"start":{"line":15,"column":45},"end":{"line":15,"column":56}},"5":{"start":{"line":19,"column":4},"end":{"line":19,"column":37}},"6":{"start":{"line":23,"column":4},"end":{"line":23,"column":29}},"7":{"start":{"line":3,"column":0},"end":{"line":25,"column":1}}},"fnMap":{"0":{"name":"(anonymous_0)","decl":{"start":{"line":3,"column":0},"end":{"line":null,"column":-1}},"loc":{"start":{"line":3,"column":0},"end":{"line":25,"column":1}}},"1":{"name":"(anonymous_1)","decl":{"start":{"line":6,"column":2},"end":{"line":6,"column":5}},"loc":{"start":{"line":6,"column":44},"end":{"line":8,"column":3}}},"2":{"name":"(anonymous_2)","decl":{"start":{"line":10,"column":2},"end":{"line":10,"column":4}},"loc":{"start":{"line":10,"column":20},"end":{"line":12,"column":3}}},"3":{"name":"(anonymous_3)","decl":{"start":{"line":14,"column":2},"end":{"line":14,"column":5}},"loc":{"start":{"line":14,"column":6},"end":{"line":16,"column":3}}},"4":{"name":"(anonymous_4)","decl":{"start":{"line":15,"column":40},"end":{"line":15,"column":41}},"loc":{"start":{"line":15,"column":45},"end":{"line":15,"column":56}}},"5":{"name":"(anonymous_5)","decl":{"start":{"line":18,"column":2},"end":{"line":18,"column":7}},"loc":{"start":{"line":18,"column":8},"end":{"line":20,"column":3}}},"6":{"name":"(anonymous_6)","decl":{"start":{"line":22,"column":2},"end":{"line":22,"column":7}},"loc":{"start":{"line":22,"column":8},"end":{"line":24,"column":3}}}},"branchMap":{},"s":{"0":74,"1":93,"2":140,"3":15,"4":35,"5":0,"6":11,"7":18},"f":{"0":74,"1":93,"2":140,"3":15,"4":35,"5":0,"6":11},"b":{}}
,"/home/nando/ethereum/ethereum-graph-debugger-ts/egd-ts/src/api/cfg/EthereumCFGCreator.ts": {"path":"/home/nando/ethereum/ethereum-graph-debugger-ts/egd-ts/src/api/cfg/EthereumCFGCreator.ts","statementMap":{"0":{"start":{"line":1,"column":0},"end":{"line":1,"column":25}},"1":{"start":{"line":3,"column":0},"end":{"line":3,"column":37}},"2":{"start":{"line":6,"column":0},"end":{"line":6,"column":38}},"3":{"start":{"line":9,"column":0},"end":{"line":34,"column":1}},"4":{"start":{"line":10,"column":19},"end":{"line":10,"column":86}},"5":{"start":{"line":13,"column":30},"end":{"line":13,"column":45}},"6":{"start":{"line":14,"column":21},"end":{"line":14,"column":22}},"7":{"start":{"line":15,"column":4},"end":{"line":21,"column":5}},"8":{"start":{"line":16,"column":28},"end":{"line":16,"column":34}},"9":{"start":{"line":17,"column":6},"end":{"line":20,"column":7}},"10":{"start":{"line":18,"column":8},"end":{"line":18,"column":52}},"11":{"start":{"line":19,"column":8},"end":{"line":19,"column":26}},"12":{"start":{"line":22,"column":4},"end":{"line":22,"column":17}},"13":{"start":{"line":26,"column":24},"end":{"line":26,"column":52}},"14":{"start":{"line":27,"column":25},"end":{"line":27,"column":39}},"15":{"start":{"line":28,"column":37},"end":{"line":31,"column":5}},"16":{"start":{"line":32,"column":4},"end":{"line":32,"column":46}},"17":{"start":{"line":9,"column":13},"end":{"line":34,"column":1}},"18":{"start":{"line":9,"column":13},"end":{"line":9,"column":31}}},"fnMap":{"0":{"name":"(anonymous_1)","decl":{"start":{"line":8,"column":0},"end":{"line":null,"column":-1}},"loc":{"start":{"line":8,"column":0},"end":{"line":34,"column":1}}},"1":{"name":"(anonymous_2)","decl":{"start":{"line":12,"column":2},"end":{"line":12,"column":13}},"loc":{"start":{"line":12,"column":31},"end":{"line":23,"column":3}}},"2":{"name":"(anonymous_3)","decl":{"start":{"line":25,"column":10},"end":{"line":25,"column":20}},"loc":{"start":{"line":25,"column":88},"end":{"line":33,"column":3}}}},"branchMap":{"0":{"loc":{"start":{"line":17,"column":6},"end":{"line":20,"column":7}},"type":"if","locations":[{"start":{"line":17,"column":6},"end":{"line":20,"column":7}},{"start":{"line":17,"column":6},"end":{"line":20,"column":7}}]},"1":{"loc":{"start":{"line":17,"column":10},"end":{"line":17,"column":48}},"type":"binary-expr","locations":[{"start":{"line":17,"column":10},"end":{"line":17,"column":48}},{"start":{"line":17,"column":52},"end":{"line":17,"column":72}}]}},"s":{"0":18,"1":18,"2":18,"3":18,"4":67,"5":67,"6":67,"7":67,"8":252,"9":252,"10":80,"11":80,"12":67,"13":80,"14":80,"15":80,"16":80,"17":18,"18":18},"f":{"0":67,"1":67,"2":80},"b":{"0":[80,172],"1":[252,234]}}
,"/home/nando/ethereum/ethereum-graph-debugger-ts/egd-ts/src/api/service/controller/DebuggerController.ts": {"path":"/home/nando/ethereum/ethereum-graph-debugger-ts/egd-ts/src/api/service/controller/DebuggerController.ts","statementMap":{"0":{"start":{"line":1,"column":0},"end":{"line":1,"column":56}},"1":{"start":{"line":2,"column":0},"end":{"line":2,"column":64}},"2":{"start":{"line":3,"column":0},"end":{"line":3,"column":47}},"3":{"start":{"line":4,"column":0},"end":{"line":4,"column":65}},"4":{"start":{"line":9,"column":31},"end":{"line":18,"column":1}},"5":{"start":{"line":11,"column":4},"end":{"line":11,"column":11}},"6":{"start":{"line":10,"column":56},"end":{"line":10,"column":94}},"7":{"start":{"line":16,"column":4},"end":{"line":16,"column":61}},"8":{"start":{"line":15,"column":2},"end":{"line":17,"column":3}},"9":{"start":{"line":9,"column":13},"end":{"line":18,"column":1}},"10":{"start":{"line":9,"column":13},"end":{"line":9,"column":31}}},"fnMap":{"0":{"name":"(anonymous_10)","decl":{"start":{"line":10,"column":2},"end":{"line":10,"column":55}},"loc":{"start":{"line":10,"column":94},"end":{"line":12,"column":3}}},"1":{"name":"(anonymous_11)","decl":{"start":{"line":15,"column":8},"end":{"line":15,"column":23}},"loc":{"start":{"line":15,"column":43},"end":{"line":17,"column":3}}}},"branchMap":{"0":{"loc":{"start":{"line":15,"column":53},"end":{"line":null,"column":-1}},"type":"cond-expr","locations":[{"start":{"line":15,"column":53},"end":{"line":null,"column":-1}},{"start":{"line":15,"column":53},"end":{"line":null,"column":-1}}]},"1":{"loc":{"start":{"line":15,"column":46},"end":{"line":15,"column":53}},"type":"binary-expr","locations":[{"start":{"line":15,"column":46},"end":{"line":15,"column":53}}]},"2":{"loc":{"start":{"line":10,"column":94},"end":{"line":null,"column":-1}},"type":"cond-expr","locations":[{"start":{"line":10,"column":94},"end":{"line":null,"column":-1}},{"start":{"line":10,"column":94},"end":{"line":null,"column":-1}}]},"3":{"loc":{"start":{"line":10,"column":76},"end":{"line":10,"column":94}},"type":"binary-expr","locations":[{"start":{"line":10,"column":76},"end":{"line":10,"column":94}}]}},"s":{"0":0,"1":0,"2":0,"3":0,"4":0,"5":0,"6":0,"7":0,"8":0,"9":0,"10":0},"f":{"0":0,"1":0},"b":{"0":[0,0],"1":[0],"2":[0,0],"3":[0]}}
,"/home/nando/ethereum/ethereum-graph-debugger-ts/egd-ts/src/api/service/controller/DisassembleController.ts": {"path":"/home/nando/ethereum/ethereum-graph-debugger-ts/egd-ts/src/api/service/controller/DisassembleController.ts","statementMap":{"0":{"start":{"line":1,"column":0},"end":{"line":1,"column":51}},"1":{"start":{"line":2,"column":0},"end":{"line":2,"column":64}},"2":{"start":{"line":3,"column":0},"end":{"line":3,"column":47}},"3":{"start":{"line":4,"column":0},"end":{"line":4,"column":57}},"4":{"start":{"line":10,"column":34},"end":{"line":44,"column":1}},"5":{"start":{"line":12,"column":4},"end":{"line":12,"column":11}},"6":{"start":{"line":11,"column":50},"end":{"line":11,"column":76}},"7":{"start":{"line":20,"column":47},"end":{"line":20,"column":106}},"8":{"start":{"line":21,"column":4},"end":{"line":21,"column":48}},"9":{"start":{"line":25,"column":4},"end":{"line":42,"column":37}},"10":{"start":{"line":29,"column":8},"end":{"line":33,"column":9}},"11":{"start":{"line":36,"column":8},"end":{"line":40,"column":9}},"12":{"start":{"line":16,"column":2},"end":{"line":22,"column":3}},"13":{"start":{"line":10,"column":13},"end":{"line":44,"column":1}},"14":{"start":{"line":10,"column":13},"end":{"line":10,"column":34}}},"fnMap":{"0":{"name":"(anonymous_10)","decl":{"start":{"line":11,"column":2},"end":{"line":11,"column":49}},"loc":{"start":{"line":11,"column":76},"end":{"line":13,"column":3}}},"1":{"name":"(anonymous_11)","decl":{"start":{"line":16,"column":8},"end":{"line":16,"column":28}},"loc":{"start":{"line":18,"column":47},"end":{"line":22,"column":3}}},"2":{"name":"(anonymous_13)","decl":{"start":{"line":24,"column":10},"end":{"line":24,"column":27}},"loc":{"start":{"line":24,"column":63},"end":{"line":43,"column":3}}},"3":{"name":"(anonymous_14)","decl":{"start":{"line":28,"column":58},"end":{"line":28,"column":59}},"loc":{"start":{"line":28,"column":63},"end":{"line":34,"column":7}}},"4":{"name":"(anonymous_15)","decl":{"start":{"line":35,"column":50},"end":{"line":35,"column":51}},"loc":{"start":{"line":35,"column":55},"end":{"line":41,"column":7}}}},"branchMap":{"0":{"loc":{"start":{"line":19,"column":12},"end":{"line":null,"column":-1}},"type":"cond-expr","locations":[{"start":{"line":19,"column":12},"end":{"line":null,"column":-1}},{"start":{"line":19,"column":12},"end":{"line":null,"column":-1}}]},"1":{"loc":{"start":{"line":19,"column":5},"end":{"line":19,"column":12}},"type":"binary-expr","locations":[{"start":{"line":19,"column":5},"end":{"line":19,"column":12}}]},"2":{"loc":{"start":{"line":11,"column":76},"end":{"line":null,"column":-1}},"type":"cond-expr","locations":[{"start":{"line":11,"column":76},"end":{"line":null,"column":-1}},{"start":{"line":11,"column":76},"end":{"line":null,"column":-1}}]},"3":{"loc":{"start":{"line":11,"column":64},"end":{"line":11,"column":76}},"type":"binary-expr","locations":[{"start":{"line":11,"column":64},"end":{"line":11,"column":76}}]}},"s":{"0":0,"1":0,"2":0,"3":0,"4":0,"5":0,"6":0,"7":0,"8":0,"9":0,"10":0,"11":0,"12":0,"13":0,"14":0},"f":{"0":0,"1":0,"2":0,"3":0,"4":0},"b":{"0":[0,0],"1":[0],"2":[0,0],"3":[0]}}
,"/home/nando/ethereum/ethereum-graph-debugger-ts/egd-ts/src/api/service/controller/Errors.ts": {"path":"/home/nando/ethereum/ethereum-graph-debugger-ts/egd-ts/src/api/service/controller/Errors.ts","statementMap":{"0":{"start":{"line":3,"column":4},"end":{"line":7,"column":5}},"1":{"start":{"line":1,"column":0},"end":{"line":9,"column":1}}},"fnMap":{"0":{"name":"(anonymous_0)","decl":{"start":{"line":2,"column":9},"end":{"line":2,"column":14}},"loc":{"start":{"line":2,"column":57},"end":{"line":8,"column":3}}}},"branchMap":{},"s":{"0":0,"1":0},"f":{"0":0},"b":{}}
,"/home/nando/ethereum/ethereum-graph-debugger-ts/egd-ts/src/api/service/controller/FileController.ts": {"path":"/home/nando/ethereum/ethereum-graph-debugger-ts/egd-ts/src/api/service/controller/FileController.ts","statementMap":{"0":{"start":{"line":1,"column":0},"end":{"line":1,"column":57}},"1":{"start":{"line":2,"column":0},"end":{"line":2,"column":64}},"2":{"start":{"line":4,"column":0},"end":{"line":4,"column":47}},"3":{"start":{"line":5,"column":0},"end":{"line":5,"column":51}},"4":{"start":{"line":6,"column":0},"end":{"line":6,"column":28}},"5":{"start":{"line":10,"column":27},"end":{"line":23,"column":1}},"6":{"start":{"line":12,"column":4},"end":{"line":12,"column":11}},"7":{"start":{"line":11,"column":49},"end":{"line":11,"column":73}},"8":{"start":{"line":17,"column":22},"end":{"line":17,"column":88}},"9":{"start":{"line":18,"column":4},"end":{"line":20,"column":5}},"10":{"start":{"line":19,"column":6},"end":{"line":19,"column":95}},"11":{"start":{"line":21,"column":4},"end":{"line":21,"column":20}},"12":{"start":{"line":16,"column":2},"end":{"line":22,"column":3}},"13":{"start":{"line":10,"column":13},"end":{"line":23,"column":1}},"14":{"start":{"line":10,"column":13},"end":{"line":10,"column":27}}},"fnMap":{"0":{"name":"(anonymous_10)","decl":{"start":{"line":11,"column":2},"end":{"line":11,"column":48}},"loc":{"start":{"line":11,"column":73},"end":{"line":13,"column":3}}},"1":{"name":"(anonymous_11)","decl":{"start":{"line":16,"column":8},"end":{"line":16,"column":25}},"loc":{"start":{"line":16,"column":85},"end":{"line":22,"column":3}}}},"branchMap":{"0":{"loc":{"start":{"line":18,"column":4},"end":{"line":20,"column":5}},"type":"if","locations":[{"start":{"line":18,"column":4},"end":{"line":20,"column":5}},{"start":{"line":18,"column":4},"end":{"line":20,"column":5}}]},"1":{"loc":{"start":{"line":16,"column":95},"end":{"line":null,"column":-1}},"type":"cond-expr","locations":[{"start":{"line":16,"column":95},"end":{"line":null,"column":-1}},{"start":{"line":16,"column":95},"end":{"line":null,"column":-1}}]},"2":{"loc":{"start":{"line":16,"column":88},"end":{"line":16,"column":95}},"type":"binary-expr","locations":[{"start":{"line":16,"column":88},"end":{"line":16,"column":95}}]},"3":{"loc":{"start":{"line":11,"column":73},"end":{"line":null,"column":-1}},"type":"cond-expr","locations":[{"start":{"line":11,"column":73},"end":{"line":null,"column":-1}},{"start":{"line":11,"column":73},"end":{"line":null,"column":-1}}]},"4":{"loc":{"start":{"line":11,"column":62},"end":{"line":11,"column":73}},"type":"binary-expr","locations":[{"start":{"line":11,"column":62},"end":{"line":11,"column":73}}]}},"s":{"0":0,"1":0,"2":0,"3":0,"4":0,"5":0,"6":0,"7":0,"8":0,"9":0,"10":0,"11":0,"12":0,"13":0,"14":0},"f":{"0":0,"1":0},"b":{"0":[0,0],"1":[0,0],"2":[0],"3":[0,0],"4":[0]}}
,"/home/nando/ethereum/ethereum-graph-debugger-ts/egd-ts/src/api/service/service/FileServiceDefault.ts": {"path":"/home/nando/ethereum/ethereum-graph-debugger-ts/egd-ts/src/api/service/service/FileServiceDefault.ts","statementMap":{"0":{"start":{"line":3,"column":0},"end":{"line":3,"column":37}},"1":{"start":{"line":4,"column":16},"end":{"line":4,"column":44}},"2":{"start":{"line":5,"column":11},"end":{"line":5,"column":26}},"3":{"start":{"line":6,"column":9},"end":{"line":6,"column":22}},"4":{"start":{"line":9,"column":0},"end":{"line":21,"column":1}},"5":{"start":{"line":11,"column":18},"end":{"line":11,"column":59}},"6":{"start":{"line":13,"column":4},"end":{"line":19,"column":6}},"7":{"start":{"line":14,"column":26},"end":{"line":14,"column":55}},"8":{"start":{"line":15,"column":6},"end":{"line":18,"column":23}},"9":{"start":{"line":9,"column":13},"end":{"line":21,"column":1}},"10":{"start":{"line":9,"column":13},"end":{"line":9,"column":31}}},"fnMap":{"0":{"name":"(anonymous_7)","decl":{"start":{"line":10,"column":8},"end":{"line":10,"column":34}},"loc":{"start":{"line":10,"column":66},"end":{"line":20,"column":3}}},"1":{"name":"(anonymous_9)","decl":{"start":{"line":13,"column":27},"end":{"line":13,"column":30}},"loc":{"start":{"line":13,"column":34},"end":{"line":19,"column":5}}}},"branchMap":{},"s":{"0":0,"1":0,"2":0,"3":0,"4":0,"5":0,"6":0,"7":0,"8":0,"9":0,"10":0},"f":{"0":0,"1":0},"b":{}}
,"/home/nando/ethereum/ethereum-graph-debugger-ts/egd-ts/src/api/service/service/TransactionServiceImpl.ts": {"path":"/home/nando/ethereum/ethereum-graph-debugger-ts/egd-ts/src/api/service/service/TransactionServiceImpl.ts","statementMap":{"0":{"start":{"line":2,"column":0},"end":{"line":2,"column":45}},"1":{"start":{"line":3,"column":0},"end":{"line":3,"column":47}},"2":{"start":{"line":4,"column":0},"end":{"line":4,"column":45}},"3":{"start":{"line":6,"column":0},"end":{"line":6,"column":47}},"4":{"start":{"line":9,"column":0},"end":{"line":20,"column":1}},"5":{"start":{"line":12,"column":50},"end":{"line":12,"column":69}},"6":{"start":{"line":12,"column":102},"end":{"line":12,"column":115}},"7":{"start":{"line":13,"column":4},"end":{"line":13,"column":47}},"8":{"start":{"line":17,"column":40},"end":{"line":17,"column":98}},"9":{"start":{"line":18,"column":4},"end":{"line":18,"column":18}},"10":{"start":{"line":9,"column":13},"end":{"line":20,"column":1}},"11":{"start":{"line":9,"column":13},"end":{"line":9,"column":35}}},"fnMap":{"0":{"name":"(anonymous_10)","decl":{"start":{"line":12,"column":2},"end":{"line":12,"column":49}},"loc":{"start":{"line":12,"column":115},"end":{"line":14,"column":3}}},"1":{"name":"(anonymous_11)","decl":{"start":{"line":16,"column":8},"end":{"line":16,"column":29}},"loc":{"start":{"line":16,"column":54},"end":{"line":19,"column":3}}}},"branchMap":{"0":{"loc":{"start":{"line":12,"column":69},"end":{"line":12,"column":107}},"type":"cond-expr","locations":[{"start":{"line":12,"column":69},"end":{"line":12,"column":107}},{"start":{"line":12,"column":69},"end":{"line":12,"column":107}}]},"1":{"loc":{"start":{"line":12,"column":64},"end":{"line":12,"column":69}},"type":"binary-expr","locations":[{"start":{"line":12,"column":64},"end":{"line":12,"column":69}}]},"2":{"loc":{"start":{"line":12,"column":115},"end":{"line":null,"column":-1}},"type":"cond-expr","locations":[{"start":{"line":12,"column":115},"end":{"line":null,"column":-1}},{"start":{"line":12,"column":115},"end":{"line":null,"column":-1}}]},"3":{"loc":{"start":{"line":12,"column":69},"end":{"line":12,"column":115}},"type":"binary-expr","locations":[{"start":{"line":12,"column":69},"end":{"line":12,"column":115}},{"start":{"line":12,"column":108},"end":{"line":12,"column":115}}]}},"s":{"0":0,"1":0,"2":0,"3":0,"4":0,"5":0,"6":0,"7":0,"8":0,"9":0,"10":0,"11":0},"f":{"0":0,"1":0},"b":{"0":[0,0],"1":[0],"2":[0,0],"3":[0,0]}}
,"/home/nando/ethereum/ethereum-graph-debugger-ts/egd-ts/src/api/symbolic/evm/EVM.ts": {"path":"/home/nando/ethereum/ethereum-graph-debugger-ts/egd-ts/src/api/symbolic/evm/EVM.ts","statementMap":{"0":{"start":{"line":1,"column":0},"end":{"line":1,"column":36}},"1":{"start":{"line":2,"column":0},"end":{"line":2,"column":40}},"2":{"start":{"line":3,"column":0},"end":{"line":3,"column":38}},"3":{"start":{"line":13,"column":4},"end":{"line":13,"column":31}},"4":{"start":{"line":14,"column":4},"end":{"line":14,"column":35}},"5":{"start":{"line":15,"column":4},"end":{"line":15,"column":35}},"6":{"start":{"line":6,"column":0},"end":{"line":17,"column":1}}},"fnMap":{"0":{"name":"(anonymous_0)","decl":{"start":{"line":12,"column":2},"end":{"line":null,"column":-1}},"loc":{"start":{"line":12,"column":2},"end":{"line":16,"column":3}}}},"branchMap":{},"s":{"0":17,"1":17,"2":17,"3":60,"4":60,"5":60,"6":17},"f":{"0":60},"b":{}}
,"/home/nando/ethereum/ethereum-graph-debugger-ts/egd-ts/src/api/symbolic/evm/EVMExecutor.ts": {"path":"/home/nando/ethereum/ethereum-graph-debugger-ts/egd-ts/src/api/symbolic/evm/EVMExecutor.ts","statementMap":{"0":{"start":{"line":1,"column":0},"end":{"line":1,"column":26}},"1":{"start":{"line":4,"column":0},"end":{"line":4,"column":47}},"2":{"start":{"line":10,"column":11},"end":{"line":10,"column":74}},"3":{"start":{"line":16,"column":4},"end":{"line":16,"column":24}},"4":{"start":{"line":17,"column":4},"end":{"line":17,"column":24}},"5":{"start":{"line":18,"column":4},"end":{"line":18,"column":28}},"6":{"start":{"line":22,"column":34},"end":{"line":22,"column":57}},"7":{"start":{"line":23,"column":4},"end":{"line":25,"column":5}},"8":{"start":{"line":24,"column":6},"end":{"line":24,"column":67}},"9":{"start":{"line":26,"column":4},"end":{"line":26,"column":24}},"10":{"start":{"line":27,"column":41},"end":{"line":27,"column":67}},"11":{"start":{"line":28,"column":4},"end":{"line":37,"column":5}},"12":{"start":{"line":29,"column":6},"end":{"line":35,"column":7}},"13":{"start":{"line":30,"column":8},"end":{"line":34,"column":9}},"14":{"start":{"line":31,"column":10},"end":{"line":31,"column":41}},"15":{"start":{"line":32,"column":15},"end":{"line":34,"column":9}},"16":{"start":{"line":33,"column":10},"end":{"line":33,"column":41}},"17":{"start":{"line":36,"column":6},"end":{"line":36,"column":32}},"18":{"start":{"line":41,"column":4},"end":{"line":47,"column":5}},"19":{"start":{"line":42,"column":33},"end":{"line":42,"column":66}},"20":{"start":{"line":43,"column":6},"end":{"line":45,"column":7}},"21":{"start":{"line":44,"column":8},"end":{"line":44,"column":71}},"22":{"start":{"line":46,"column":6},"end":{"line":46,"column":36}},"23":{"start":{"line":51,"column":41},"end":{"line":51,"column":43}},"24":{"start":{"line":52,"column":16},"end":{"line":52,"column":32}},"25":{"start":{"line":53,"column":30},"end":{"line":53,"column":49}},"26":{"start":{"line":54,"column":4},"end":{"line":63,"column":5}},"27":{"start":{"line":55,"column":27},"end":{"line":55,"column":52}},"28":{"start":{"line":56,"column":6},"end":{"line":56,"column":43}},"29":{"start":{"line":57,"column":6},"end":{"line":62,"column":7}},"30":{"start":{"line":58,"column":46},"end":{"line":58,"column":92}},"31":{"start":{"line":59,"column":8},"end":{"line":61,"column":9}},"32":{"start":{"line":60,"column":10},"end":{"line":60,"column":40}},"33":{"start":{"line":64,"column":4},"end":{"line":69,"column":5}},"34":{"start":{"line":65,"column":24},"end":{"line":65,"column":58}},"35":{"start":{"line":66,"column":6},"end":{"line":68,"column":7}},"36":{"start":{"line":67,"column":8},"end":{"line":67,"column":34}},"37":{"start":{"line":70,"column":4},"end":{"line":70,"column":21}},"38":{"start":{"line":9,"column":0},"end":{"line":72,"column":1}}},"fnMap":{"0":{"name":"(anonymous_0)","decl":{"start":{"line":15,"column":2},"end":{"line":15,"column":13}},"loc":{"start":{"line":15,"column":57},"end":{"line":19,"column":3}}},"1":{"name":"(anonymous_1)","decl":{"start":{"line":21,"column":2},"end":{"line":21,"column":4}},"loc":{"start":{"line":21,"column":20},"end":{"line":38,"column":3}}},"2":{"name":"(anonymous_2)","decl":{"start":{"line":40,"column":10},"end":{"line":40,"column":17}},"loc":{"start":{"line":40,"column":40},"end":{"line":48,"column":3}}},"3":{"name":"(anonymous_3)","decl":{"start":{"line":50,"column":10},"end":{"line":50,"column":23}},"loc":{"start":{"line":50,"column":46},"end":{"line":71,"column":3}}}},"branchMap":{"0":{"loc":{"start":{"line":23,"column":4},"end":{"line":25,"column":5}},"type":"if","locations":[{"start":{"line":23,"column":4},"end":{"line":25,"column":5}},{"start":{"line":23,"column":4},"end":{"line":25,"column":5}}]},"1":{"loc":{"start":{"line":29,"column":6},"end":{"line":35,"column":7}},"type":"if","locations":[{"start":{"line":29,"column":6},"end":{"line":35,"column":7}},{"start":{"line":29,"column":6},"end":{"line":35,"column":7}}]},"2":{"loc":{"start":{"line":29,"column":10},"end":{"line":29,"column":43}},"type":"binary-expr","locations":[{"start":{"line":29,"column":10},"end":{"line":29,"column":43}},{"start":{"line":29,"column":47},"end":{"line":29,"column":80}}]},"3":{"loc":{"start":{"line":30,"column":8},"end":{"line":34,"column":9}},"type":"if","locations":[{"start":{"line":30,"column":8},"end":{"line":34,"column":9}},{"start":{"line":30,"column":8},"end":{"line":34,"column":9}}]},"4":{"loc":{"start":{"line":32,"column":15},"end":{"line":34,"column":9}},"type":"if","locations":[{"start":{"line":32,"column":15},"end":{"line":34,"column":9}},{"start":{"line":32,"column":15},"end":{"line":34,"column":9}}]},"5":{"loc":{"start":{"line":43,"column":6},"end":{"line":45,"column":7}},"type":"if","locations":[{"start":{"line":43,"column":6},"end":{"line":45,"column":7}},{"start":{"line":43,"column":6},"end":{"line":45,"column":7}}]},"6":{"loc":{"start":{"line":54,"column":4},"end":{"line":63,"column":5}},"type":"if","locations":[{"start":{"line":54,"column":4},"end":{"line":63,"column":5}},{"start":{"line":54,"column":4},"end":{"line":63,"column":5}}]},"7":{"loc":{"start":{"line":57,"column":6},"end":{"line":62,"column":7}},"type":"if","locations":[{"start":{"line":57,"column":6},"end":{"line":62,"column":7}},{"start":{"line":57,"column":6},"end":{"line":62,"column":7}}]},"8":{"loc":{"start":{"line":57,"column":10},"end":{"line":57,"column":22}},"type":"binary-expr","locations":[{"start":{"line":57,"column":10},"end":{"line":57,"column":22}},{"start":{"line":57,"column":26},"end":{"line":57,"column":50}}]},"9":{"loc":{"start":{"line":59,"column":8},"end":{"line":61,"column":9}},"type":"if","locations":[{"start":{"line":59,"column":8},"end":{"line":61,"column":9}},{"start":{"line":59,"column":8},"end":{"line":61,"column":9}}]},"10":{"loc":{"start":{"line":64,"column":4},"end":{"line":69,"column":5}},"type":"if","locations":[{"start":{"line":64,"column":4},"end":{"line":69,"column":5}},{"start":{"line":64,"column":4},"end":{"line":69,"column":5}}]},"11":{"loc":{"start":{"line":66,"column":6},"end":{"line":68,"column":7}},"type":"if","locations":[{"start":{"line":66,"column":6},"end":{"line":68,"column":7}},{"start":{"line":66,"column":6},"end":{"line":68,"column":7}}]}},"s":{"0":17,"1":17,"2":60,"3":60,"4":60,"5":60,"6":65,"7":65,"8":0,"9":65,"10":65,"11":65,"12":5,"13":5,"14":3,"15":2,"16":2,"17":5,"18":65,"19":214,"20":214,"21":0,"22":214,"23":65,"24":65,"25":65,"26":65,"27":5,"28":5,"29":5,"30":5,"31":5,"32":3,"33":65,"34":58,"35":58,"36":2,"37":65,"38":17},"f":{"0":60,"1":65,"2":65,"3":65},"b":{"0":[0,65],"1":[5,0],"2":[5,5],"3":[3,2],"4":[2,0],"5":[0,214],"6":[5,60],"7":[5,0],"8":[5,5],"9":[3,2],"10":[58,7],"11":[2,56]}}
,"/home/nando/ethereum/ethereum-graph-debugger-ts/egd-ts/src/api/symbolic/evm/EVMMemory.ts": {"path":"/home/nando/ethereum/ethereum-graph-debugger-ts/egd-ts/src/api/symbolic/evm/EVMMemory.ts","statementMap":{"0":{"start":{"line":1,"column":0},"end":{"line":1,"column":28}},"1":{"start":{"line":2,"column":0},"end":{"line":2,"column":25}},"2":{"start":{"line":8,"column":4},"end":{"line":8,"column":45}},"3":{"start":{"line":12,"column":4},"end":{"line":12,"column":29}},"4":{"start":{"line":16,"column":4},"end":{"line":18,"column":5}},"5":{"start":{"line":17,"column":6},"end":{"line":17,"column":39}},"6":{"start":{"line":19,"column":4},"end":{"line":22,"column":5}},"7":{"start":{"line":20,"column":26},"end":{"line":20,"column":78}},"8":{"start":{"line":21,"column":6},"end":{"line":21,"column":72}},"9":{"start":{"line":27,"column":4},"end":{"line":29,"column":5}},"10":{"start":{"line":28,"column":6},"end":{"line":28,"column":39}},"11":{"start":{"line":30,"column":4},"end":{"line":35,"column":5}},"12":{"start":{"line":31,"column":19},"end":{"line":31,"column":35}},"13":{"start":{"line":32,"column":28},"end":{"line":32,"column":48}},"14":{"start":{"line":33,"column":26},"end":{"line":33,"column":57}},"15":{"start":{"line":34,"column":6},"end":{"line":34,"column":72}},"16":{"start":{"line":40,"column":18},"end":{"line":40,"column":70}},"17":{"start":{"line":41,"column":4},"end":{"line":44,"column":5}},"18":{"start":{"line":48,"column":4},"end":{"line":48,"column":80}},"19":{"start":{"line":4,"column":0},"end":{"line":50,"column":1}}},"fnMap":{"0":{"name":"(anonymous_0)","decl":{"start":{"line":7,"column":2},"end":{"line":7,"column":13}},"loc":{"start":{"line":7,"column":35},"end":{"line":9,"column":3}}},"1":{"name":"(anonymous_1)","decl":{"start":{"line":11,"column":2},"end":{"line":11,"column":13}},"loc":{"start":{"line":11,"column":14},"end":{"line":13,"column":3}}},"2":{"name":"(anonymous_2)","decl":{"start":{"line":15,"column":2},"end":{"line":15,"column":10}},"loc":{"start":{"line":15,"column":38},"end":{"line":24,"column":3}}},"3":{"name":"(anonymous_3)","decl":{"start":{"line":26,"column":2},"end":{"line":26,"column":10}},"loc":{"start":{"line":26,"column":38},"end":{"line":37,"column":3}}},"4":{"name":"(anonymous_4)","decl":{"start":{"line":39,"column":2},"end":{"line":39,"column":9}},"loc":{"start":{"line":39,"column":25},"end":{"line":45,"column":3}}},"5":{"name":"(anonymous_5)","decl":{"start":{"line":47,"column":10},"end":{"line":47,"column":29}},"loc":{"start":{"line":47,"column":45},"end":{"line":49,"column":3}}}},"branchMap":{"0":{"loc":{"start":{"line":19,"column":4},"end":{"line":22,"column":5}},"type":"if","locations":[{"start":{"line":19,"column":4},"end":{"line":22,"column":5}},{"start":{"line":19,"column":4},"end":{"line":22,"column":5}}]},"1":{"loc":{"start":{"line":30,"column":4},"end":{"line":35,"column":5}},"type":"if","locations":[{"start":{"line":30,"column":4},"end":{"line":35,"column":5}},{"start":{"line":30,"column":4},"end":{"line":35,"column":5}}]}},"s":{"0":18,"1":18,"2":67,"3":4,"4":9,"5":4,"6":9,"7":9,"8":9,"9":6,"10":3,"11":6,"12":6,"13":6,"14":6,"15":6,"16":1,"17":1,"18":7,"19":18},"f":{"0":67,"1":4,"2":9,"3":6,"4":1,"5":7},"b":{"0":[9,0],"1":[6,0]}}
,"/home/nando/ethereum/ethereum-graph-debugger-ts/egd-ts/src/api/symbolic/evm/EVMStack.ts": {"path":"/home/nando/ethereum/ethereum-graph-debugger-ts/egd-ts/src/api/symbolic/evm/EVMStack.ts","statementMap":{"0":{"start":{"line":4,"column":2},"end":{"line":4,"column":20}},"1":{"start":{"line":7,"column":4},"end":{"line":7,"column":25}},"2":{"start":{"line":11,"column":4},"end":{"line":11,"column":27}},"3":{"start":{"line":15,"column":4},"end":{"line":15,"column":44}},"4":{"start":{"line":19,"column":4},"end":{"line":19,"column":52}},"5":{"start":{"line":23,"column":4},"end":{"line":23,"column":28}},"6":{"start":{"line":3,"column":0},"end":{"line":25,"column":1}}},"fnMap":{"0":{"name":"(anonymous_0)","decl":{"start":{"line":3,"column":0},"end":{"line":null,"column":-1}},"loc":{"start":{"line":3,"column":0},"end":{"line":25,"column":1}}},"1":{"name":"(anonymous_1)","decl":{"start":{"line":6,"column":2},"end":{"line":6,"column":5}},"loc":{"start":{"line":6,"column":17},"end":{"line":8,"column":3}}},"2":{"name":"(anonymous_2)","decl":{"start":{"line":10,"column":2},"end":{"line":10,"column":4}},"loc":{"start":{"line":10,"column":5},"end":{"line":12,"column":3}}},"3":{"name":"(anonymous_3)","decl":{"start":{"line":14,"column":2},"end":{"line":14,"column":5}},"loc":{"start":{"line":14,"column":6},"end":{"line":16,"column":3}}},"4":{"name":"(anonymous_4)","decl":{"start":{"line":18,"column":2},"end":{"line":18,"column":4}},"loc":{"start":{"line":18,"column":19},"end":{"line":20,"column":3}}},"5":{"name":"(anonymous_5)","decl":{"start":{"line":22,"column":2},"end":{"line":22,"column":7}},"loc":{"start":{"line":22,"column":8},"end":{"line":24,"column":3}}}},"branchMap":{},"s":{"0":64,"1":200,"2":88,"3":1,"4":67,"5":61,"6":18},"f":{"0":64,"1":200,"2":88,"3":1,"4":67,"5":61},"b":{}}
,"/home/nando/ethereum/ethereum-graph-debugger-ts/egd-ts/src/api/symbolic/evm/EVMStorage.ts": {"path":"/home/nando/ethereum/ethereum-graph-debugger-ts/egd-ts/src/api/symbolic/evm/EVMStorage.ts","statementMap":{"0":{"start":{"line":4,"column":2},"end":{"line":4,"column":14}},"1":{"start":{"line":8,"column":4},"end":{"line":12,"column":5}},"2":{"start":{"line":9,"column":6},"end":{"line":9,"column":39}},"3":{"start":{"line":11,"column":6},"end":{"line":11,"column":38}},"4":{"start":{"line":16,"column":4},"end":{"line":20,"column":5}},"5":{"start":{"line":17,"column":6},"end":{"line":17,"column":38}},"6":{"start":{"line":19,"column":6},"end":{"line":19,"column":37}},"7":{"start":{"line":3,"column":0},"end":{"line":22,"column":1}}},"fnMap":{"0":{"name":"(anonymous_0)","decl":{"start":{"line":3,"column":0},"end":{"line":null,"column":-1}},"loc":{"start":{"line":3,"column":0},"end":{"line":22,"column":1}}},"1":{"name":"(anonymous_1)","decl":{"start":{"line":7,"column":2},"end":{"line":7,"column":6}},"loc":{"start":{"line":7,"column":31},"end":{"line":13,"column":3}}},"2":{"name":"(anonymous_2)","decl":{"start":{"line":15,"column":2},"end":{"line":15,"column":5}},"loc":{"start":{"line":15,"column":17},"end":{"line":21,"column":3}}}},"branchMap":{"0":{"loc":{"start":{"line":8,"column":4},"end":{"line":12,"column":5}},"type":"if","locations":[{"start":{"line":8,"column":4},"end":{"line":12,"column":5}},{"start":{"line":8,"column":4},"end":{"line":12,"column":5}}]},"1":{"loc":{"start":{"line":16,"column":4},"end":{"line":20,"column":5}},"type":"if","locations":[{"start":{"line":16,"column":4},"end":{"line":20,"column":5}},{"start":{"line":16,"column":4},"end":{"line":20,"column":5}}]}},"s":{"0":60,"1":0,"2":0,"3":0,"4":0,"5":0,"6":0,"7":17},"f":{"0":60,"1":0,"2":0},"b":{"0":[0,0],"1":[0,0]}}
,"/home/nando/ethereum/ethereum-graph-debugger-ts/egd-ts/src/api/symbolic/evm/Symbols.ts": {"path":"/home/nando/ethereum/ethereum-graph-debugger-ts/egd-ts/src/api/symbolic/evm/Symbols.ts","statementMap":{"0":{"start":{"line":1,"column":0},"end":{"line":8,"column":1}},"1":{"start":{"line":3,"column":2},"end":{"line":3,"column":9}},"2":{"start":{"line":4,"column":2},"end":{"line":4,"column":11}},"3":{"start":{"line":5,"column":2},"end":{"line":5,"column":14}},"4":{"start":{"line":6,"column":2},"end":{"line":6,"column":14}},"5":{"start":{"line":7,"column":2},"end":{"line":7,"column":5}}},"fnMap":{"0":{"name":"(anonymous_0)","decl":{"start":{"line":1,"column":0},"end":{"line":1,"column":11}},"loc":{"start":{"line":1,"column":19},"end":{"line":8,"column":1}}}},"branchMap":{"0":{"loc":{"start":{"line":1,"column":12},"end":{"line":1,"column":19}},"type":"binary-expr","locations":[{"start":{"line":1,"column":12},"end":{"line":1,"column":19}},{"start":{"line":1,"column":12},"end":{"line":1,"column":19}}]}},"s":{"0":17,"1":17,"2":17,"3":17,"4":17,"5":17},"f":{"0":17},"b":{"0":[17,17]}}
,"/home/nando/ethereum/ethereum-graph-debugger-ts/egd-ts/src/api/symbolic/evm/UintUtils.ts": {"path":"/home/nando/ethereum/ethereum-graph-debugger-ts/egd-ts/src/api/symbolic/evm/UintUtils.ts","statementMap":{"0":{"start":{"line":1,"column":0},"end":{"line":1,"column":25}},"1":{"start":{"line":4,"column":9},"end":{"line":4,"column":102}},"2":{"start":{"line":5,"column":9},"end":{"line":5,"column":32}},"3":{"start":{"line":6,"column":9},"end":{"line":6,"column":31}},"4":{"start":{"line":3,"column":0},"end":{"line":7,"column":1}}},"fnMap":{},"branchMap":{},"s":{"0":17,"1":17,"2":17,"3":17,"4":17},"f":{},"b":{}}
,"/home/nando/ethereum/ethereum-graph-debugger-ts/egd-ts/src/api/symbolic/evm/Word.ts": {"path":"/home/nando/ethereum/ethereum-graph-debugger-ts/egd-ts/src/api/symbolic/evm/Word.ts","statementMap":{"0":{"start":{"line":1,"column":0},"end":{"line":1,"column":25}},"1":{"start":{"line":12,"column":4},"end":{"line":12,"column":69}},"2":{"start":{"line":16,"column":4},"end":{"line":16,"column":55}},"3":{"start":{"line":5,"column":9},"end":{"line":5,"column":34}},"4":{"start":{"line":4,"column":0},"end":{"line":18,"column":1}}},"fnMap":{"0":{"name":"(anonymous_0)","decl":{"start":{"line":11,"column":2},"end":{"line":11,"column":7}},"loc":{"start":{"line":11,"column":39},"end":{"line":13,"column":3}}},"1":{"name":"(anonymous_1)","decl":{"start":{"line":15,"column":2},"end":{"line":15,"column":7}},"loc":{"start":{"line":15,"column":39},"end":{"line":17,"column":3}}}},"branchMap":{},"s":{"0":19,"1":108,"2":25,"3":19,"4":19},"f":{"0":108,"1":25},"b":{}}
,"/home/nando/ethereum/ethereum-graph-debugger-ts/egd-ts/src/api/symbolic/evm/exec/Add.ts": {"path":"/home/nando/ethereum/ethereum-graph-debugger-ts/egd-ts/src/api/symbolic/evm/exec/Add.ts","statementMap":{"0":{"start":{"line":4,"column":0},"end":{"line":4,"column":29}},"1":{"start":{"line":5,"column":0},"end":{"line":5,"column":35}},"2":{"start":{"line":6,"column":0},"end":{"line":6,"column":39}},"3":{"start":{"line":10,"column":21},"end":{"line":10,"column":36}},"4":{"start":{"line":11,"column":21},"end":{"line":11,"column":36}},"5":{"start":{"line":12,"column":4},"end":{"line":19,"column":5}},"6":{"start":{"line":13,"column":23},"end":{"line":13,"column":37}},"7":{"start":{"line":14,"column":23},"end":{"line":14,"column":37}},"8":{"start":{"line":15,"column":19},"end":{"line":15,"column":68}},"9":{"start":{"line":16,"column":6},"end":{"line":16,"column":61}},"10":{"start":{"line":18,"column":6},"end":{"line":18,"column":58}},"11":{"start":{"line":8,"column":0},"end":{"line":21,"column":1}}},"fnMap":{"0":{"name":"(anonymous_0)","decl":{"start":{"line":9,"column":2},"end":{"line":9,"column":8}},"loc":{"start":{"line":9,"column":33},"end":{"line":20,"column":3}}}},"branchMap":{"0":{"loc":{"start":{"line":12,"column":4},"end":{"line":19,"column":5}},"type":"if","locations":[{"start":{"line":12,"column":4},"end":{"line":19,"column":5}},{"start":{"line":12,"column":4},"end":{"line":19,"column":5}}]},"1":{"loc":{"start":{"line":12,"column":8},"end":{"line":12,"column":28}},"type":"binary-expr","locations":[{"start":{"line":12,"column":8},"end":{"line":12,"column":28}},{"start":{"line":12,"column":32},"end":{"line":12,"column":52}}]}},"s":{"0":17,"1":17,"2":17,"3":6,"4":6,"5":6,"6":5,"7":5,"8":5,"9":5,"10":1,"11":17},"f":{"0":6},"b":{"0":[5,1],"1":[6,5]}}
,"/home/nando/ethereum/ethereum-graph-debugger-ts/egd-ts/src/api/symbolic/evm/exec/Calldataload.ts": {"path":"/home/nando/ethereum/ethereum-graph-debugger-ts/egd-ts/src/api/symbolic/evm/exec/Calldataload.ts","statementMap":{"0":{"start":{"line":4,"column":0},"end":{"line":4,"column":29}},"1":{"start":{"line":5,"column":0},"end":{"line":5,"column":35}},"2":{"start":{"line":9,"column":4},"end":{"line":9,"column":19}},"3":{"start":{"line":10,"column":4},"end":{"line":10,"column":61}},"4":{"start":{"line":7,"column":0},"end":{"line":12,"column":1}}},"fnMap":{"0":{"name":"(anonymous_0)","decl":{"start":{"line":8,"column":2},"end":{"line":8,"column":8}},"loc":{"start":{"line":8,"column":33},"end":{"line":11,"column":3}}}},"branchMap":{},"s":{"0":17,"1":17,"2":1,"3":1,"4":17},"f":{"0":1},"b":{}}
,"/home/nando/ethereum/ethereum-graph-debugger-ts/egd-ts/src/api/symbolic/evm/exec/Calldatasize.ts": {"path":"/home/nando/ethereum/ethereum-graph-debugger-ts/egd-ts/src/api/symbolic/evm/exec/Calldatasize.ts","statementMap":{"0":{"start":{"line":4,"column":0},"end":{"line":4,"column":29}},"1":{"start":{"line":5,"column":0},"end":{"line":5,"column":35}},"2":{"start":{"line":9,"column":4},"end":{"line":9,"column":61}},"3":{"start":{"line":7,"column":0},"end":{"line":11,"column":1}}},"fnMap":{"0":{"name":"(anonymous_0)","decl":{"start":{"line":8,"column":2},"end":{"line":8,"column":8}},"loc":{"start":{"line":8,"column":33},"end":{"line":10,"column":3}}}},"branchMap":{},"s":{"0":17,"1":17,"2":1,"3":17},"f":{"0":1},"b":{}}
,"/home/nando/ethereum/ethereum-graph-debugger-ts/egd-ts/src/api/symbolic/evm/exec/Callvalue.ts": {"path":"/home/nando/ethereum/ethereum-graph-debugger-ts/egd-ts/src/api/symbolic/evm/exec/Callvalue.ts","statementMap":{"0":{"start":{"line":4,"column":0},"end":{"line":4,"column":29}},"1":{"start":{"line":5,"column":0},"end":{"line":5,"column":35}},"2":{"start":{"line":9,"column":4},"end":{"line":9,"column":58}},"3":{"start":{"line":7,"column":0},"end":{"line":11,"column":1}}},"fnMap":{"0":{"name":"(anonymous_0)","decl":{"start":{"line":8,"column":2},"end":{"line":8,"column":8}},"loc":{"start":{"line":8,"column":33},"end":{"line":10,"column":3}}}},"branchMap":{},"s":{"0":17,"1":17,"2":8,"3":17},"f":{"0":8},"b":{}}
,"/home/nando/ethereum/ethereum-graph-debugger-ts/egd-ts/src/api/symbolic/evm/exec/Div.ts": {"path":"/home/nando/ethereum/ethereum-graph-debugger-ts/egd-ts/src/api/symbolic/evm/exec/Div.ts","statementMap":{"0":{"start":{"line":4,"column":0},"end":{"line":4,"column":29}},"1":{"start":{"line":5,"column":0},"end":{"line":5,"column":35}},"2":{"start":{"line":6,"column":0},"end":{"line":6,"column":39}},"3":{"start":{"line":10,"column":21},"end":{"line":10,"column":36}},"4":{"start":{"line":11,"column":21},"end":{"line":11,"column":36}},"5":{"start":{"line":12,"column":4},"end":{"line":22,"column":5}},"6":{"start":{"line":13,"column":23},"end":{"line":13,"column":37}},"7":{"start":{"line":14,"column":23},"end":{"line":14,"column":37}},"8":{"start":{"line":15,"column":19},"end":{"line":15,"column":33}},"9":{"start":{"line":16,"column":6},"end":{"line":18,"column":7}},"10":{"start":{"line":17,"column":8},"end":{"line":17,"column":39}},"11":{"start":{"line":19,"column":6},"end":{"line":19,"column":61}},"12":{"start":{"line":21,"column":6},"end":{"line":21,"column":58}},"13":{"start":{"line":8,"column":0},"end":{"line":24,"column":1}}},"fnMap":{"0":{"name":"(anonymous_0)","decl":{"start":{"line":9,"column":2},"end":{"line":9,"column":8}},"loc":{"start":{"line":9,"column":33},"end":{"line":23,"column":3}}}},"branchMap":{"0":{"loc":{"start":{"line":12,"column":4},"end":{"line":22,"column":5}},"type":"if","locations":[{"start":{"line":12,"column":4},"end":{"line":22,"column":5}},{"start":{"line":12,"column":4},"end":{"line":22,"column":5}}]},"1":{"loc":{"start":{"line":12,"column":8},"end":{"line":12,"column":28}},"type":"binary-expr","locations":[{"start":{"line":12,"column":8},"end":{"line":12,"column":28}},{"start":{"line":12,"column":32},"end":{"line":12,"column":52}}]},"2":{"loc":{"start":{"line":16,"column":6},"end":{"line":18,"column":7}},"type":"if","locations":[{"start":{"line":16,"column":6},"end":{"line":18,"column":7}},{"start":{"line":16,"column":6},"end":{"line":18,"column":7}}]}},"s":{"0":17,"1":17,"2":17,"3":5,"4":5,"5":5,"6":4,"7":4,"8":4,"9":4,"10":3,"11":4,"12":1,"13":17},"f":{"0":5},"b":{"0":[4,1],"1":[5,4],"2":[3,1]}}
,"/home/nando/ethereum/ethereum-graph-debugger-ts/egd-ts/src/api/symbolic/evm/exec/Dup.ts": {"path":"/home/nando/ethereum/ethereum-graph-debugger-ts/egd-ts/src/api/symbolic/evm/exec/Dup.ts","statementMap":{"0":{"start":{"line":7,"column":18},"end":{"line":7,"column":51}},"1":{"start":{"line":8,"column":28},"end":{"line":8,"column":52}},"2":{"start":{"line":9,"column":4},"end":{"line":9,"column":35}},"3":{"start":{"line":5,"column":0},"end":{"line":11,"column":1}}},"fnMap":{"0":{"name":"(anonymous_0)","decl":{"start":{"line":6,"column":2},"end":{"line":6,"column":8}},"loc":{"start":{"line":6,"column":33},"end":{"line":10,"column":3}}}},"branchMap":{},"s":{"0":13,"1":13,"2":13,"3":17},"f":{"0":13},"b":{}}
,"/home/nando/ethereum/ethereum-graph-debugger-ts/egd-ts/src/api/symbolic/evm/exec/IsZero.ts": {"path":"/home/nando/ethereum/ethereum-graph-debugger-ts/egd-ts/src/api/symbolic/evm/exec/IsZero.ts","statementMap":{"0":{"start":{"line":4,"column":0},"end":{"line":4,"column":29}},"1":{"start":{"line":5,"column":0},"end":{"line":5,"column":35}},"2":{"start":{"line":9,"column":18},"end":{"line":9,"column":33}},"3":{"start":{"line":10,"column":4},"end":{"line":18,"column":5}},"4":{"start":{"line":11,"column":6},"end":{"line":15,"column":7}},"5":{"start":{"line":12,"column":8},"end":{"line":12,"column":48}},"6":{"start":{"line":14,"column":8},"end":{"line":14,"column":48}},"7":{"start":{"line":17,"column":6},"end":{"line":17,"column":58}},"8":{"start":{"line":7,"column":0},"end":{"line":20,"column":1}}},"fnMap":{"0":{"name":"(anonymous_0)","decl":{"start":{"line":8,"column":2},"end":{"line":8,"column":8}},"loc":{"start":{"line":8,"column":33},"end":{"line":19,"column":3}}}},"branchMap":{"0":{"loc":{"start":{"line":10,"column":4},"end":{"line":18,"column":5}},"type":"if","locations":[{"start":{"line":10,"column":4},"end":{"line":18,"column":5}},{"start":{"line":10,"column":4},"end":{"line":18,"column":5}}]},"1":{"loc":{"start":{"line":11,"column":6},"end":{"line":15,"column":7}},"type":"if","locations":[{"start":{"line":11,"column":6},"end":{"line":15,"column":7}},{"start":{"line":11,"column":6},"end":{"line":15,"column":7}}]}},"s":{"0":17,"1":17,"2":4,"3":4,"4":2,"5":1,"6":1,"7":2,"8":17},"f":{"0":4},"b":{"0":[2,2],"1":[1,1]}}
,"/home/nando/ethereum/ethereum-graph-debugger-ts/egd-ts/src/api/symbolic/evm/exec/Jump.ts": {"path":"/home/nando/ethereum/ethereum-graph-debugger-ts/egd-ts/src/api/symbolic/evm/exec/Jump.ts","statementMap":{"0":{"start":{"line":7,"column":25},"end":{"line":7,"column":40}},"1":{"start":{"line":8,"column":4},"end":{"line":8,"column":39}},"2":{"start":{"line":5,"column":0},"end":{"line":10,"column":1}}},"fnMap":{"0":{"name":"(anonymous_0)","decl":{"start":{"line":6,"column":2},"end":{"line":6,"column":8}},"loc":{"start":{"line":6,"column":33},"end":{"line":9,"column":3}}}},"branchMap":{},"s":{"0":2,"1":2,"2":17},"f":{"0":2},"b":{}}
,"/home/nando/ethereum/ethereum-graph-debugger-ts/egd-ts/src/api/symbolic/evm/exec/Jumpi.ts": {"path":"/home/nando/ethereum/ethereum-graph-debugger-ts/egd-ts/src/api/symbolic/evm/exec/Jumpi.ts","statementMap":{"0":{"start":{"line":7,"column":25},"end":{"line":7,"column":40}},"1":{"start":{"line":8,"column":4},"end":{"line":8,"column":19}},"2":{"start":{"line":9,"column":4},"end":{"line":9,"column":39}},"3":{"start":{"line":5,"column":0},"end":{"line":11,"column":1}}},"fnMap":{"0":{"name":"(anonymous_0)","decl":{"start":{"line":6,"column":2},"end":{"line":6,"column":8}},"loc":{"start":{"line":6,"column":33},"end":{"line":10,"column":3}}}},"branchMap":{},"s":{"0":3,"1":3,"2":3,"3":17},"f":{"0":3},"b":{}}
,"/home/nando/ethereum/ethereum-graph-debugger-ts/egd-ts/src/api/symbolic/evm/exec/Lt.ts": {"path":"/home/nando/ethereum/ethereum-graph-debugger-ts/egd-ts/src/api/symbolic/evm/exec/Lt.ts","statementMap":{"0":{"start":{"line":4,"column":0},"end":{"line":4,"column":29}},"1":{"start":{"line":5,"column":0},"end":{"line":5,"column":35}},"2":{"start":{"line":9,"column":21},"end":{"line":9,"column":36}},"3":{"start":{"line":10,"column":21},"end":{"line":10,"column":36}},"4":{"start":{"line":11,"column":4},"end":{"line":19,"column":5}},"5":{"start":{"line":12,"column":6},"end":{"line":16,"column":7}},"6":{"start":{"line":13,"column":8},"end":{"line":13,"column":48}},"7":{"start":{"line":15,"column":8},"end":{"line":15,"column":48}},"8":{"start":{"line":18,"column":6},"end":{"line":18,"column":58}},"9":{"start":{"line":7,"column":0},"end":{"line":21,"column":1}}},"fnMap":{"0":{"name":"(anonymous_0)","decl":{"start":{"line":8,"column":2},"end":{"line":8,"column":8}},"loc":{"start":{"line":8,"column":33},"end":{"line":20,"column":3}}}},"branchMap":{"0":{"loc":{"start":{"line":11,"column":4},"end":{"line":19,"column":5}},"type":"if","locations":[{"start":{"line":11,"column":4},"end":{"line":19,"column":5}},{"start":{"line":11,"column":4},"end":{"line":19,"column":5}}]},"1":{"loc":{"start":{"line":11,"column":8},"end":{"line":11,"column":28}},"type":"binary-expr","locations":[{"start":{"line":11,"column":8},"end":{"line":11,"column":28}},{"start":{"line":11,"column":32},"end":{"line":11,"column":52}}]},"2":{"loc":{"start":{"line":12,"column":6},"end":{"line":16,"column":7}},"type":"if","locations":[{"start":{"line":12,"column":6},"end":{"line":16,"column":7}},{"start":{"line":12,"column":6},"end":{"line":16,"column":7}}]}},"s":{"0":17,"1":17,"2":4,"3":4,"4":4,"5":3,"6":1,"7":2,"8":1,"9":17},"f":{"0":4},"b":{"0":[3,1],"1":[4,3],"2":[1,2]}}
,"/home/nando/ethereum/ethereum-graph-debugger-ts/egd-ts/src/api/symbolic/evm/exec/MStore.ts": {"path":"/home/nando/ethereum/ethereum-graph-debugger-ts/egd-ts/src/api/symbolic/evm/exec/MStore.ts","statementMap":{"0":{"start":{"line":7,"column":21},"end":{"line":7,"column":36}},"1":{"start":{"line":8,"column":18},"end":{"line":8,"column":33}},"2":{"start":{"line":9,"column":4},"end":{"line":11,"column":5}},"3":{"start":{"line":10,"column":6},"end":{"line":10,"column":60}},"4":{"start":{"line":5,"column":0},"end":{"line":13,"column":1}}},"fnMap":{"0":{"name":"(anonymous_0)","decl":{"start":{"line":6,"column":2},"end":{"line":6,"column":8}},"loc":{"start":{"line":6,"column":33},"end":{"line":12,"column":3}}}},"branchMap":{"0":{"loc":{"start":{"line":9,"column":4},"end":{"line":11,"column":5}},"type":"if","locations":[{"start":{"line":9,"column":4},"end":{"line":11,"column":5}},{"start":{"line":9,"column":4},"end":{"line":11,"column":5}}]}},"s":{"0":3,"1":3,"2":3,"3":3,"4":17},"f":{"0":3},"b":{"0":[3,0]}}
,"/home/nando/ethereum/ethereum-graph-debugger-ts/egd-ts/src/api/symbolic/evm/exec/Mstore8.ts": {"path":"/home/nando/ethereum/ethereum-graph-debugger-ts/egd-ts/src/api/symbolic/evm/exec/Mstore8.ts","statementMap":{"0":{"start":{"line":7,"column":21},"end":{"line":7,"column":36}},"1":{"start":{"line":8,"column":18},"end":{"line":8,"column":33}},"2":{"start":{"line":9,"column":4},"end":{"line":11,"column":5}},"3":{"start":{"line":10,"column":6},"end":{"line":10,"column":60}},"4":{"start":{"line":5,"column":0},"end":{"line":13,"column":1}}},"fnMap":{"0":{"name":"(anonymous_0)","decl":{"start":{"line":6,"column":2},"end":{"line":6,"column":8}},"loc":{"start":{"line":6,"column":33},"end":{"line":12,"column":3}}}},"branchMap":{"0":{"loc":{"start":{"line":9,"column":4},"end":{"line":11,"column":5}},"type":"if","locations":[{"start":{"line":9,"column":4},"end":{"line":11,"column":5}},{"start":{"line":9,"column":4},"end":{"line":11,"column":5}}]},"1":{"loc":{"start":{"line":9,"column":8},"end":{"line":9,"column":28}},"type":"binary-expr","locations":[{"start":{"line":9,"column":8},"end":{"line":9,"column":28}},{"start":{"line":9,"column":32},"end":{"line":9,"column":49}}]}},"s":{"0":2,"1":2,"2":2,"3":2,"4":17},"f":{"0":2},"b":{"0":[2,0],"1":[2,2]}}
,"/home/nando/ethereum/ethereum-graph-debugger-ts/egd-ts/src/api/symbolic/evm/exec/Mul.ts": {"path":"/home/nando/ethereum/ethereum-graph-debugger-ts/egd-ts/src/api/symbolic/evm/exec/Mul.ts","statementMap":{"0":{"start":{"line":4,"column":0},"end":{"line":4,"column":29}},"1":{"start":{"line":5,"column":0},"end":{"line":5,"column":35}},"2":{"start":{"line":6,"column":0},"end":{"line":6,"column":39}},"3":{"start":{"line":10,"column":21},"end":{"line":10,"column":36}},"4":{"start":{"line":11,"column":21},"end":{"line":11,"column":36}},"5":{"start":{"line":12,"column":4},"end":{"line":19,"column":5}},"6":{"start":{"line":13,"column":23},"end":{"line":13,"column":37}},"7":{"start":{"line":14,"column":23},"end":{"line":14,"column":37}},"8":{"start":{"line":15,"column":19},"end":{"line":15,"column":68}},"9":{"start":{"line":16,"column":6},"end":{"line":16,"column":61}},"10":{"start":{"line":18,"column":6},"end":{"line":18,"column":58}},"11":{"start":{"line":8,"column":0},"end":{"line":21,"column":1}}},"fnMap":{"0":{"name":"(anonymous_0)","decl":{"start":{"line":9,"column":2},"end":{"line":9,"column":8}},"loc":{"start":{"line":9,"column":33},"end":{"line":20,"column":3}}}},"branchMap":{"0":{"loc":{"start":{"line":12,"column":4},"end":{"line":19,"column":5}},"type":"if","locations":[{"start":{"line":12,"column":4},"end":{"line":19,"column":5}},{"start":{"line":12,"column":4},"end":{"line":19,"column":5}}]},"1":{"loc":{"start":{"line":12,"column":8},"end":{"line":12,"column":28}},"type":"binary-expr","locations":[{"start":{"line":12,"column":8},"end":{"line":12,"column":28}},{"start":{"line":12,"column":32},"end":{"line":12,"column":52}}]}},"s":{"0":17,"1":17,"2":17,"3":7,"4":7,"5":7,"6":6,"7":6,"8":6,"9":6,"10":1,"11":17},"f":{"0":7},"b":{"0":[6,1],"1":[7,6]}}
,"/home/nando/ethereum/ethereum-graph-debugger-ts/egd-ts/src/api/symbolic/evm/exec/Nop.ts": {"path":"/home/nando/ethereum/ethereum-graph-debugger-ts/egd-ts/src/api/symbolic/evm/exec/Nop.ts","statementMap":{"0":{"start":{"line":5,"column":0},"end":{"line":7,"column":1}}},"fnMap":{"0":{"name":"(anonymous_0)","decl":{"start":{"line":6,"column":2},"end":{"line":6,"column":8}},"loc":{"start":{"line":6,"column":33},"end":{"line":6,"column":37}}}},"branchMap":{},"s":{"0":17},"f":{"0":6},"b":{}}
,"/home/nando/ethereum/ethereum-graph-debugger-ts/egd-ts/src/api/symbolic/evm/exec/OpcodeExecutor.ts": {"path":"/home/nando/ethereum/ethereum-graph-debugger-ts/egd-ts/src/api/symbolic/evm/exec/OpcodeExecutor.ts","statementMap":{"0":{"start":{"line":1,"column":0},"end":{"line":1,"column":28}},"1":{"start":{"line":2,"column":0},"end":{"line":2,"column":26}},"2":{"start":{"line":3,"column":0},"end":{"line":3,"column":37}},"3":{"start":{"line":4,"column":0},"end":{"line":4,"column":26}},"4":{"start":{"line":5,"column":0},"end":{"line":5,"column":32}},"5":{"start":{"line":6,"column":0},"end":{"line":6,"column":34}},"6":{"start":{"line":7,"column":0},"end":{"line":7,"column":32}},"7":{"start":{"line":8,"column":0},"end":{"line":8,"column":38}},"8":{"start":{"line":9,"column":0},"end":{"line":9,"column":26}},"9":{"start":{"line":10,"column":0},"end":{"line":10,"column":44}},"10":{"start":{"line":11,"column":0},"end":{"line":11,"column":30}},"11":{"start":{"line":12,"column":0},"end":{"line":12,"column":28}},"12":{"start":{"line":13,"column":0},"end":{"line":13,"column":26}},"13":{"start":{"line":14,"column":0},"end":{"line":14,"column":26}},"14":{"start":{"line":15,"column":0},"end":{"line":15,"column":26}},"15":{"start":{"line":16,"column":0},"end":{"line":16,"column":26}},"16":{"start":{"line":17,"column":0},"end":{"line":17,"column":33}},"17":{"start":{"line":18,"column":0},"end":{"line":18,"column":25}},"18":{"start":{"line":19,"column":0},"end":{"line":19,"column":45}},"19":{"start":{"line":22,"column":0},"end":{"line":103,"column":1}},"20":{"start":{"line":23,"column":2},"end":{"line":23,"column":10}},"21":{"start":{"line":26,"column":4},"end":{"line":26,"column":34}},"22":{"start":{"line":27,"column":4},"end":{"line":27,"column":34}},"23":{"start":{"line":28,"column":4},"end":{"line":28,"column":34}},"24":{"start":{"line":29,"column":4},"end":{"line":29,"column":34}},"25":{"start":{"line":30,"column":4},"end":{"line":30,"column":34}},"26":{"start":{"line":31,"column":4},"end":{"line":31,"column":34}},"27":{"start":{"line":32,"column":4},"end":{"line":32,"column":34}},"28":{"start":{"line":33,"column":4},"end":{"line":33,"column":34}},"29":{"start":{"line":34,"column":4},"end":{"line":34,"column":34}},"30":{"start":{"line":35,"column":4},"end":{"line":35,"column":35}},"31":{"start":{"line":36,"column":4},"end":{"line":36,"column":35}},"32":{"start":{"line":37,"column":4},"end":{"line":37,"column":35}},"33":{"start":{"line":38,"column":4},"end":{"line":38,"column":35}},"34":{"start":{"line":39,"column":4},"end":{"line":39,"column":35}},"35":{"start":{"line":40,"column":4},"end":{"line":40,"column":35}},"36":{"start":{"line":41,"column":4},"end":{"line":41,"column":35}},"37":{"start":{"line":42,"column":4},"end":{"line":42,"column":35}},"38":{"start":{"line":43,"column":4},"end":{"line":43,"column":35}},"39":{"start":{"line":44,"column":4},"end":{"line":44,"column":35}},"40":{"start":{"line":45,"column":4},"end":{"line":45,"column":35}},"41":{"start":{"line":46,"column":4},"end":{"line":46,"column":35}},"42":{"start":{"line":47,"column":4},"end":{"line":47,"column":35}},"43":{"start":{"line":48,"column":4},"end":{"line":48,"column":35}},"44":{"start":{"line":49,"column":4},"end":{"line":49,"column":35}},"45":{"start":{"line":50,"column":4},"end":{"line":50,"column":35}},"46":{"start":{"line":51,"column":4},"end":{"line":51,"column":35}},"47":{"start":{"line":52,"column":4},"end":{"line":52,"column":35}},"48":{"start":{"line":53,"column":4},"end":{"line":53,"column":35}},"49":{"start":{"line":54,"column":4},"end":{"line":54,"column":35}},"50":{"start":{"line":55,"column":4},"end":{"line":55,"column":35}},"51":{"start":{"line":56,"column":4},"end":{"line":56,"column":35}},"52":{"start":{"line":57,"column":4},"end":{"line":57,"column":35}},"53":{"start":{"line":59,"column":4},"end":{"line":59,"column":32}},"54":{"start":{"line":60,"column":4},"end":{"line":60,"column":32}},"55":{"start":{"line":61,"column":4},"end":{"line":61,"column":32}},"56":{"start":{"line":62,"column":4},"end":{"line":62,"column":32}},"57":{"start":{"line":63,"column":4},"end":{"line":63,"column":32}},"58":{"start":{"line":64,"column":4},"end":{"line":64,"column":32}},"59":{"start":{"line":65,"column":4},"end":{"line":65,"column":32}},"60":{"start":{"line":66,"column":4},"end":{"line":66,"column":32}},"61":{"start":{"line":67,"column":4},"end":{"line":67,"column":32}},"62":{"start":{"line":68,"column":4},"end":{"line":68,"column":33}},"63":{"start":{"line":69,"column":4},"end":{"line":69,"column":33}},"64":{"start":{"line":70,"column":4},"end":{"line":70,"column":33}},"65":{"start":{"line":71,"column":4},"end":{"line":71,"column":33}},"66":{"start":{"line":72,"column":4},"end":{"line":72,"column":33}},"67":{"start":{"line":73,"column":4},"end":{"line":73,"column":33}},"68":{"start":{"line":74,"column":4},"end":{"line":74,"column":33}},"69":{"start":{"line":76,"column":4},"end":{"line":76,"column":35}},"70":{"start":{"line":77,"column":4},"end":{"line":77,"column":33}},"71":{"start":{"line":79,"column":4},"end":{"line":79,"column":37}},"72":{"start":{"line":81,"column":4},"end":{"line":81,"column":31}},"73":{"start":{"line":82,"column":4},"end":{"line":82,"column":37}},"74":{"start":{"line":83,"column":4},"end":{"line":83,"column":31}},"75":{"start":{"line":84,"column":4},"end":{"line":84,"column":31}},"76":{"start":{"line":85,"column":4},"end":{"line":85,"column":31}},"77":{"start":{"line":86,"column":4},"end":{"line":86,"column":31}},"78":{"start":{"line":87,"column":4},"end":{"line":87,"column":29}},"79":{"start":{"line":88,"column":4},"end":{"line":88,"column":37}},"80":{"start":{"line":89,"column":4},"end":{"line":89,"column":39}},"81":{"start":{"line":92,"column":4},"end":{"line":92,"column":43}},"82":{"start":{"line":93,"column":4},"end":{"line":93,"column":49}},"83":{"start":{"line":94,"column":4},"end":{"line":94,"column":49}},"84":{"start":{"line":97,"column":4},"end":{"line":97,"column":34}},"85":{"start":{"line":98,"column":4},"end":{"line":98,"column":36}},"86":{"start":{"line":99,"column":4},"end":{"line":99,"column":36}},"87":{"start":{"line":100,"column":4},"end":{"line":100,"column":32}},"88":{"start":{"line":101,"column":4},"end":{"line":101,"column":35}},"89":{"start":{"line":22,"column":13},"end":{"line":103,"column":1}},"90":{"start":{"line":22,"column":13},"end":{"line":22,"column":27}}},"fnMap":{"0":{"name":"(anonymous_2)","decl":{"start":{"line":25,"column":2},"end":{"line":null,"column":-1}},"loc":{"start":{"line":25,"column":2},"end":{"line":102,"column":3}}}},"branchMap":{},"s":{"0":17,"1":17,"2":17,"3":17,"4":17,"5":17,"6":17,"7":17,"8":17,"9":17,"10":17,"11":17,"12":17,"13":17,"14":17,"15":17,"16":17,"17":17,"18":17,"19":17,"20":17,"21":17,"22":17,"23":17,"24":17,"25":17,"26":17,"27":17,"28":17,"29":17,"30":17,"31":17,"32":17,"33":17,"34":17,"35":17,"36":17,"37":17,"38":17,"39":17,"40":17,"41":17,"42":17,"43":17,"44":17,"45":17,"46":17,"47":17,"48":17,"49":17,"50":17,"51":17,"52":17,"53":17,"54":17,"55":17,"56":17,"57":17,"58":17,"59":17,"60":17,"61":17,"62":17,"63":17,"64":17,"65":17,"66":17,"67":17,"68":17,"69":17,"70":17,"71":17,"72":17,"73":17,"74":17,"75":17,"76":17,"77":17,"78":17,"79":17,"80":17,"81":17,"82":17,"83":17,"84":17,"85":17,"86":17,"87":17,"88":17,"89":17,"90":17},"f":{"0":17},"b":{}}
,"/home/nando/ethereum/ethereum-graph-debugger-ts/egd-ts/src/api/symbolic/evm/exec/Pop.ts": {"path":"/home/nando/ethereum/ethereum-graph-debugger-ts/egd-ts/src/api/symbolic/evm/exec/Pop.ts","statementMap":{"0":{"start":{"line":7,"column":4},"end":{"line":7,"column":19}},"1":{"start":{"line":5,"column":0},"end":{"line":9,"column":1}}},"fnMap":{"0":{"name":"(anonymous_0)","decl":{"start":{"line":6,"column":2},"end":{"line":6,"column":8}},"loc":{"start":{"line":6,"column":33},"end":{"line":8,"column":3}}}},"branchMap":{},"s":{"0":4,"1":17},"f":{"0":4},"b":{}}
,"/home/nando/ethereum/ethereum-graph-debugger-ts/egd-ts/src/api/symbolic/evm/exec/Push.ts": {"path":"/home/nando/ethereum/ethereum-graph-debugger-ts/egd-ts/src/api/symbolic/evm/exec/Push.ts","statementMap":{"0":{"start":{"line":1,"column":0},"end":{"line":1,"column":25}},"1":{"start":{"line":10,"column":23},"end":{"line":13,"column":5}},"2":{"start":{"line":14,"column":4},"end":{"line":14,"column":24}},"3":{"start":{"line":8,"column":0},"end":{"line":16,"column":1}}},"fnMap":{"0":{"name":"(anonymous_0)","decl":{"start":{"line":9,"column":2},"end":{"line":9,"column":8}},"loc":{"start":{"line":9,"column":33},"end":{"line":15,"column":3}}}},"branchMap":{},"s":{"0":17,"1":137,"2":137,"3":17},"f":{"0":137},"b":{}}
,"/home/nando/ethereum/ethereum-graph-debugger-ts/egd-ts/src/api/symbolic/evm/exec/Return.ts": {"path":"/home/nando/ethereum/ethereum-graph-debugger-ts/egd-ts/src/api/symbolic/evm/exec/Return.ts","statementMap":{"0":{"start":{"line":7,"column":4},"end":{"line":7,"column":19}},"1":{"start":{"line":8,"column":4},"end":{"line":8,"column":19}},"2":{"start":{"line":5,"column":0},"end":{"line":10,"column":1}}},"fnMap":{"0":{"name":"(anonymous_0)","decl":{"start":{"line":6,"column":2},"end":{"line":6,"column":8}},"loc":{"start":{"line":6,"column":33},"end":{"line":9,"column":3}}}},"branchMap":{},"s":{"0":3,"1":3,"2":17},"f":{"0":3},"b":{}}
,"/home/nando/ethereum/ethereum-graph-debugger-ts/egd-ts/src/api/symbolic/evm/exec/Sub.ts": {"path":"/home/nando/ethereum/ethereum-graph-debugger-ts/egd-ts/src/api/symbolic/evm/exec/Sub.ts","statementMap":{"0":{"start":{"line":4,"column":0},"end":{"line":4,"column":29}},"1":{"start":{"line":5,"column":0},"end":{"line":5,"column":35}},"2":{"start":{"line":9,"column":21},"end":{"line":9,"column":36}},"3":{"start":{"line":10,"column":21},"end":{"line":10,"column":36}},"4":{"start":{"line":11,"column":4},"end":{"line":18,"column":5}},"5":{"start":{"line":12,"column":23},"end":{"line":12,"column":37}},"6":{"start":{"line":13,"column":23},"end":{"line":13,"column":37}},"7":{"start":{"line":14,"column":19},"end":{"line":14,"column":53}},"8":{"start":{"line":15,"column":6},"end":{"line":15,"column":61}},"9":{"start":{"line":17,"column":6},"end":{"line":17,"column":58}},"10":{"start":{"line":7,"column":0},"end":{"line":20,"column":1}}},"fnMap":{"0":{"name":"(anonymous_0)","decl":{"start":{"line":8,"column":2},"end":{"line":8,"column":8}},"loc":{"start":{"line":8,"column":33},"end":{"line":19,"column":3}}}},"branchMap":{"0":{"loc":{"start":{"line":11,"column":4},"end":{"line":18,"column":5}},"type":"if","locations":[{"start":{"line":11,"column":4},"end":{"line":18,"column":5}},{"start":{"line":11,"column":4},"end":{"line":18,"column":5}}]},"1":{"loc":{"start":{"line":11,"column":8},"end":{"line":11,"column":28}},"type":"binary-expr","locations":[{"start":{"line":11,"column":8},"end":{"line":11,"column":28}},{"start":{"line":11,"column":32},"end":{"line":11,"column":52}}]}},"s":{"0":17,"1":17,"2":5,"3":5,"4":5,"5":4,"6":4,"7":4,"8":4,"9":1,"10":17},"f":{"0":5},"b":{"0":[4,1],"1":[5,4]}}
,"/home/nando/ethereum/ethereum-graph-debugger-ts/egd-ts/src/api/symbolic/evm/exec/TestUtils.ts": {"path":"/home/nando/ethereum/ethereum-graph-debugger-ts/egd-ts/src/api/symbolic/evm/exec/TestUtils.ts","statementMap":{"0":{"start":{"line":6,"column":0},"end":{"line":6,"column":43}},"1":{"start":{"line":14,"column":27},"end":{"line":14,"column":69}},"2":{"start":{"line":15,"column":28},"end":{"line":15,"column":56}},"3":{"start":{"line":16,"column":2},"end":{"line":16,"column":48}},"4":{"start":{"line":8,"column":0},"end":{"line":17,"column":1}}},"fnMap":{"0":{"name":"createExecutor","decl":{"start":{"line":8,"column":16},"end":{"line":8,"column":30}},"loc":{"start":{"line":12,"column":32},"end":{"line":17,"column":1}}}},"branchMap":{},"s":{"0":17,"1":59,"2":59,"3":59,"4":17},"f":{"0":59},"b":{}}
,"/home/nando/ethereum/ethereum-graph-debugger-ts/egd-ts/src/inversify/ioc.ts": {"path":"/home/nando/ethereum/ethereum-graph-debugger-ts/egd-ts/src/inversify/ioc.ts","statementMap":{"0":{"start":{"line":1,"column":0},"end":{"line":1,"column":78}},"1":{"start":{"line":43,"column":45},"end":{"line":43,"column":51}},"2":{"start":{"line":2,"column":0},"end":{"line":2,"column":107}},"3":{"start":{"line":43,"column":23},"end":{"line":43,"column":34}},"4":{"start":{"line":3,"column":0},"end":{"line":3,"column":32}},"5":{"start":{"line":5,"column":0},"end":{"line":5,"column":30}},"6":{"start":{"line":6,"column":0},"end":{"line":6,"column":60}},"7":{"start":{"line":7,"column":0},"end":{"line":7,"column":77}},"8":{"start":{"line":9,"column":0},"end":{"line":9,"column":85}},"9":{"start":{"line":12,"column":0},"end":{"line":12,"column":64}},"10":{"start":{"line":14,"column":0},"end":{"line":14,"column":65}},"11":{"start":{"line":16,"column":21},"end":{"line":16,"column":36}},"12":{"start":{"line":43,"column":9},"end":{"line":43,"column":21}},"13":{"start":{"line":17,"column":16},"end":{"line":17,"column":50}},"14":{"start":{"line":43,"column":36},"end":{"line":43,"column":43}},"15":{"start":{"line":18,"column":23},"end":{"line":18,"column":63}},"16":{"start":{"line":20,"column":0},"end":{"line":20,"column":34}},"17":{"start":{"line":22,"column":0},"end":{"line":22,"column":61}},"18":{"start":{"line":23,"column":0},"end":{"line":23,"column":72}},"19":{"start":{"line":24,"column":0},"end":{"line":24,"column":90}},"20":{"start":{"line":25,"column":0},"end":{"line":25,"column":71}},"21":{"start":{"line":26,"column":0},"end":{"line":26,"column":70}},"22":{"start":{"line":28,"column":21},"end":{"line":35,"column":1}},"23":{"start":{"line":32,"column":2},"end":{"line":34,"column":11}},"24":{"start":{"line":43,"column":71},"end":{"line":43,"column":83}},"25":{"start":{"line":37,"column":25},"end":{"line":41,"column":1}},"26":{"start":{"line":38,"column":2},"end":{"line":40,"column":11}},"27":{"start":{"line":43,"column":53},"end":{"line":43,"column":69}}},"fnMap":{"0":{"name":"(anonymous_0)","decl":{"start":{"line":28,"column":21},"end":{"line":29,"column":2}},"loc":{"start":{"line":31,"column":4},"end":{"line":35,"column":1}}},"1":{"name":"(anonymous_1)","decl":{"start":{"line":37,"column":25},"end":{"line":37,"column":26}},"loc":{"start":{"line":37,"column":110},"end":{"line":41,"column":1}}}},"branchMap":{},"s":{"0":0,"1":0,"2":0,"3":0,"4":0,"5":0,"6":0,"7":0,"8":0,"9":0,"10":0,"11":0,"12":0,"13":0,"14":0,"15":0,"16":0,"17":0,"18":0,"19":0,"20":0,"21":0,"22":0,"23":0,"24":0,"25":0,"26":0,"27":0},"f":{"0":0,"1":0},"b":{}}
,"/home/nando/ethereum/ethereum-graph-debugger-ts/egd-ts/src/inversify/types.ts": {"path":"/home/nando/ethereum/ethereum-graph-debugger-ts/egd-ts/src/inversify/types.ts","statementMap":{"0":{"start":{"line":1,"column":14},"end":{"line":8,"column":1}},"1":{"start":{"line":10,"column":9},"end":{"line":10,"column":14}}},"fnMap":{},"branchMap":{},"s":{"0":0,"1":0},"f":{},"b":{}}
}
