TN:
SF:/home/nando/ethereum/ethereum-graph-debugger-ts/egd-ts/src/api/blockchain/Web3Instance.ts
FN:9,(anonymous_2)
FN:15,(anonymous_3)
FNF:2
FNH:0
FNDA:0,(anonymous_2)
FNDA:0,(anonymous_3)
DA:1,0
DA:3,0
DA:6,0
DA:11,0
DA:12,0
DA:16,0
LF:6
LH:0
BRF:0
BRH:0
end_of_record
TN:
SF:/home/nando/ethereum/ethereum-graph-debugger-ts/egd-ts/src/api/bytecode/EVMDisassembler.ts
FN:14,(anonymous_2)
FN:16,(anonymous_3)
FN:23,(anonymous_4)
FN:35,(anonymous_5)
FN:39,(anonymous_6)
FN:51,(anonymous_7)
FN:88,(anonymous_8)
FN:90,(anonymous_9)
FN:94,(anonymous_10)
FN:102,(anonymous_11)
FN:121,(anonymous_12)
FNF:11
FNH:11
FNDA:75,(anonymous_2)
FNDA:1,(anonymous_3)
FNDA:4,(anonymous_4)
FNDA:297,(anonymous_5)
FNDA:63,(anonymous_6)
FNDA:75,(anonymous_7)
FNDA:3,(anonymous_8)
FNDA:232,(anonymous_9)
FNDA:547,(anonymous_10)
FNDA:1,(anonymous_11)
FNDA:547,(anonymous_12)
DA:3,19
DA:4,19
DA:5,19
DA:8,19
DA:11,19
DA:12,75
DA:17,1
DA:18,1
DA:19,1
DA:20,1
DA:24,4
DA:26,4
DA:27,0
DA:30,4
DA:31,0
DA:34,4
DA:35,297
DA:36,4
DA:37,4
DA:38,4
DA:39,63
DA:40,3
DA:41,3
DA:43,4
DA:52,75
DA:54,75
DA:55,4
DA:58,75
DA:59,3
DA:62,75
DA:63,1
DA:65,74
DA:66,74
DA:67,74
DA:69,74
DA:70,547
DA:71,547
DA:72,547
DA:73,243
DA:74,243
DA:75,243
DA:76,243
DA:77,243
DA:78,243
DA:80,304
DA:81,304
DA:82,304
DA:85,74
DA:89,3
DA:90,232
DA:91,3
DA:95,547
DA:103,1
DA:104,1
DA:107,1
DA:118,1
DA:122,547
LF:57
LH:55
BRDA:26,0,0,0
BRDA:26,0,1,4
BRDA:30,1,0,0
BRDA:30,1,1,4
BRDA:38,2,0,3
BRDA:38,2,1,1
BRDA:54,3,0,4
BRDA:54,3,1,71
BRDA:58,4,0,3
BRDA:58,4,1,72
BRDA:62,5,0,1
BRDA:62,5,1,74
BRDA:71,6,0,547
BRDA:71,6,1,0
BRDA:72,7,0,243
BRDA:72,7,1,304
BRF:16
BRH:13
end_of_record
TN:
SF:/home/nando/ethereum/ethereum-graph-debugger-ts/egd-ts/src/api/bytecode/Opcodes.ts
FN:6,(anonymous_0)
FN:154,(anonymous_1)
FNF:2
FNH:2
FNDA:19,(anonymous_0)
FNDA:65,(anonymous_1)
DA:3,19
DA:4,19
DA:7,19
DA:9,19
DA:10,19
DA:11,19
DA:12,19
DA:13,19
DA:14,19
DA:15,19
DA:16,19
DA:17,19
DA:18,19
DA:19,19
DA:20,19
DA:21,19
DA:22,19
DA:23,19
DA:24,19
DA:25,19
DA:26,19
DA:27,19
DA:28,19
DA:29,19
DA:30,19
DA:31,19
DA:32,19
DA:33,19
DA:34,19
DA:35,19
DA:36,19
DA:37,19
DA:38,19
DA:39,19
DA:40,19
DA:41,19
DA:42,19
DA:43,19
DA:44,19
DA:45,19
DA:46,19
DA:47,19
DA:48,19
DA:49,19
DA:50,19
DA:51,19
DA:52,19
DA:53,19
DA:54,19
DA:55,19
DA:56,19
DA:57,19
DA:58,19
DA:59,19
DA:60,19
DA:61,19
DA:62,19
DA:63,19
DA:64,19
DA:65,19
DA:66,19
DA:67,19
DA:68,19
DA:69,19
DA:70,19
DA:71,19
DA:72,19
DA:73,19
DA:74,19
DA:75,19
DA:76,19
DA:77,19
DA:78,19
DA:79,19
DA:80,19
DA:81,19
DA:82,19
DA:83,19
DA:84,19
DA:85,19
DA:86,19
DA:87,19
DA:88,19
DA:89,19
DA:90,19
DA:91,19
DA:92,19
DA:93,19
DA:94,19
DA:95,19
DA:96,19
DA:97,19
DA:98,19
DA:99,19
DA:100,19
DA:101,19
DA:102,19
DA:103,19
DA:104,19
DA:105,19
DA:106,19
DA:107,19
DA:108,19
DA:109,19
DA:110,19
DA:111,19
DA:112,19
DA:113,19
DA:114,19
DA:115,19
DA:116,19
DA:117,19
DA:118,19
DA:119,19
DA:120,19
DA:121,19
DA:122,19
DA:123,19
DA:124,19
DA:125,19
DA:126,19
DA:127,19
DA:128,19
DA:129,19
DA:130,19
DA:131,19
DA:132,19
DA:133,19
DA:134,19
DA:135,19
DA:136,19
DA:137,19
DA:138,19
DA:139,19
DA:140,19
DA:141,19
DA:142,19
DA:143,19
DA:144,19
DA:146,19
DA:147,4864
DA:148,4864
DA:149,2565
DA:155,65
DA:159,19
LF:145
LH:145
BRDA:148,0,0,2565
BRDA:148,0,1,2299
BRF:2
BRH:2
end_of_record
TN:
SF:/home/nando/ethereum/ethereum-graph-debugger-ts/egd-ts/src/api/cfg/CFGBlocks.ts
FN:3,(anonymous_0)
FN:6,(anonymous_1)
FN:10,(anonymous_2)
FN:14,(anonymous_3)
FN:15,(anonymous_4)
FN:18,(anonymous_5)
FN:22,(anonymous_6)
FNF:7
FNH:6
FNDA:74,(anonymous_0)
FNDA:93,(anonymous_1)
FNDA:140,(anonymous_2)
FNDA:15,(anonymous_3)
FNDA:35,(anonymous_4)
FNDA:0,(anonymous_5)
FNDA:11,(anonymous_6)
DA:3,18
DA:4,74
DA:7,93
DA:11,140
DA:15,35
DA:19,0
DA:23,11
LF:7
LH:6
BRF:0
BRH:0
end_of_record
TN:
SF:/home/nando/ethereum/ethereum-graph-debugger-ts/egd-ts/src/api/cfg/EthereumCFGCreator.ts
FN:8,(anonymous_1)
FN:12,(anonymous_2)
FN:25,(anonymous_3)
FNF:3
FNH:3
FNDA:67,(anonymous_1)
FNDA:67,(anonymous_2)
FNDA:80,(anonymous_3)
DA:1,18
DA:3,18
DA:6,18
DA:9,18
DA:10,67
DA:13,67
DA:14,67
DA:15,67
DA:16,252
DA:17,252
DA:18,80
DA:19,80
DA:22,67
DA:26,80
DA:27,80
DA:28,80
DA:32,80
LF:17
LH:17
BRDA:17,0,0,80
BRDA:17,0,1,172
BRDA:17,1,0,252
BRDA:17,1,1,234
BRF:4
BRH:4
end_of_record
TN:
SF:/home/nando/ethereum/ethereum-graph-debugger-ts/egd-ts/src/api/service/controller/DebuggerController.ts
FN:10,(anonymous_10)
FN:15,(anonymous_11)
FNF:2
FNH:0
FNDA:0,(anonymous_10)
FNDA:0,(anonymous_11)
DA:1,0
DA:2,0
DA:3,0
DA:4,0
DA:9,0
DA:10,0
DA:11,0
DA:15,0
DA:16,0
LF:9
LH:0
BRDA:15,0,0,0
BRDA:15,0,1,0
BRDA:15,1,0,0
BRDA:10,2,0,0
BRDA:10,2,1,0
BRDA:10,3,0,0
BRF:6
BRH:0
end_of_record
TN:
SF:/home/nando/ethereum/ethereum-graph-debugger-ts/egd-ts/src/api/service/controller/DisassembleController.ts
FN:11,(anonymous_10)
FN:16,(anonymous_11)
FN:24,(anonymous_13)
FN:28,(anonymous_14)
FN:35,(anonymous_15)
FNF:5
FNH:0
FNDA:0,(anonymous_10)
FNDA:0,(anonymous_11)
FNDA:0,(anonymous_13)
FNDA:0,(anonymous_14)
FNDA:0,(anonymous_15)
DA:1,0
DA:2,0
DA:3,0
DA:4,0
DA:10,0
DA:11,0
DA:12,0
DA:16,0
DA:20,0
DA:21,0
DA:25,0
DA:29,0
DA:36,0
LF:13
LH:0
BRDA:19,0,0,0
BRDA:19,0,1,0
BRDA:19,1,0,0
BRDA:11,2,0,0
BRDA:11,2,1,0
BRDA:11,3,0,0
BRF:6
BRH:0
end_of_record
TN:
SF:/home/nando/ethereum/ethereum-graph-debugger-ts/egd-ts/src/api/service/controller/Errors.ts
FN:2,(anonymous_0)
FNF:1
FNH:0
FNDA:0,(anonymous_0)
DA:1,0
DA:3,0
LF:2
LH:0
BRF:0
BRH:0
end_of_record
TN:
SF:/home/nando/ethereum/ethereum-graph-debugger-ts/egd-ts/src/api/service/controller/FileController.ts
FN:11,(anonymous_10)
FN:16,(anonymous_11)
FNF:2
FNH:0
FNDA:0,(anonymous_10)
FNDA:0,(anonymous_11)
DA:1,0
DA:2,0
DA:4,0
DA:5,0
DA:6,0
DA:10,0
DA:11,0
DA:12,0
DA:16,0
DA:17,0
DA:18,0
DA:19,0
DA:21,0
LF:13
LH:0
BRDA:18,0,0,0
BRDA:18,0,1,0
BRDA:16,1,0,0
BRDA:16,1,1,0
BRDA:16,2,0,0
BRDA:11,3,0,0
BRDA:11,3,1,0
BRDA:11,4,0,0
BRF:8
BRH:0
end_of_record
TN:
SF:/home/nando/ethereum/ethereum-graph-debugger-ts/egd-ts/src/api/service/service/FileServiceDefault.ts
FN:10,(anonymous_7)
FN:13,(anonymous_9)
FNF:2
FNH:0
FNDA:0,(anonymous_7)
FNDA:0,(anonymous_9)
DA:3,0
DA:4,0
DA:5,0
DA:6,0
DA:9,0
DA:11,0
DA:13,0
DA:14,0
DA:15,0
LF:9
LH:0
BRF:0
BRH:0
end_of_record
TN:
SF:/home/nando/ethereum/ethereum-graph-debugger-ts/egd-ts/src/api/service/service/TransactionServiceImpl.ts
FN:12,(anonymous_10)
FN:16,(anonymous_11)
FNF:2
FNH:0
FNDA:0,(anonymous_10)
FNDA:0,(anonymous_11)
DA:2,0
DA:3,0
DA:4,0
DA:6,0
DA:9,0
DA:12,0
DA:13,0
DA:17,0
DA:18,0
LF:9
LH:0
BRDA:12,0,0,0
BRDA:12,0,1,0
BRDA:12,1,0,0
BRDA:12,2,0,0
BRDA:12,2,1,0
BRDA:12,3,0,0
BRDA:12,3,1,0
BRF:7
BRH:0
end_of_record
TN:
SF:/home/nando/ethereum/ethereum-graph-debugger-ts/egd-ts/src/api/symbolic/evm/EVM.ts
FN:12,(anonymous_0)
FNF:1
FNH:1
FNDA:60,(anonymous_0)
DA:1,17
DA:2,17
DA:3,17
DA:6,17
DA:13,60
DA:14,60
DA:15,60
LF:7
LH:7
BRF:0
BRH:0
end_of_record
TN:
SF:/home/nando/ethereum/ethereum-graph-debugger-ts/egd-ts/src/api/symbolic/evm/EVMExecutor.ts
FN:15,(anonymous_0)
FN:21,(anonymous_1)
FN:40,(anonymous_2)
FN:50,(anonymous_3)
FNF:4
FNH:4
FNDA:60,(anonymous_0)
FNDA:65,(anonymous_1)
FNDA:65,(anonymous_2)
FNDA:65,(anonymous_3)
DA:1,17
DA:4,17
DA:9,17
DA:10,60
DA:16,60
DA:17,60
DA:18,60
DA:22,65
DA:23,65
DA:24,0
DA:26,65
DA:27,65
DA:28,65
DA:29,5
DA:30,5
DA:31,3
DA:32,2
DA:33,2
DA:36,5
DA:41,65
DA:42,214
DA:43,214
DA:44,0
DA:46,214
DA:51,65
DA:52,65
DA:53,65
DA:54,65
DA:55,5
DA:56,5
DA:57,5
DA:58,5
DA:59,5
DA:60,3
DA:64,65
DA:65,58
DA:66,58
DA:67,2
DA:70,65
LF:39
LH:37
BRDA:23,0,0,0
BRDA:23,0,1,65
BRDA:29,1,0,5
BRDA:29,1,1,0
BRDA:29,2,0,5
BRDA:29,2,1,5
BRDA:30,3,0,3
BRDA:30,3,1,2
BRDA:32,4,0,2
BRDA:32,4,1,0
BRDA:43,5,0,0
BRDA:43,5,1,214
BRDA:54,6,0,5
BRDA:54,6,1,60
BRDA:57,7,0,5
BRDA:57,7,1,0
BRDA:57,8,0,5
BRDA:57,8,1,5
BRDA:59,9,0,3
BRDA:59,9,1,2
BRDA:64,10,0,58
BRDA:64,10,1,7
BRDA:66,11,0,2
BRDA:66,11,1,56
BRF:24
BRH:19
end_of_record
TN:
SF:/home/nando/ethereum/ethereum-graph-debugger-ts/egd-ts/src/api/symbolic/evm/EVMMemory.ts
FN:7,(anonymous_0)
FN:11,(anonymous_1)
FN:15,(anonymous_2)
FN:26,(anonymous_3)
FN:39,(anonymous_4)
FN:47,(anonymous_5)
FNF:6
FNH:6
FNDA:67,(anonymous_0)
FNDA:4,(anonymous_1)
FNDA:9,(anonymous_2)
FNDA:6,(anonymous_3)
FNDA:1,(anonymous_4)
FNDA:7,(anonymous_5)
DA:1,18
DA:2,18
DA:4,18
DA:8,67
DA:12,4
DA:16,9
DA:17,4
DA:19,9
DA:20,9
DA:21,9
DA:27,6
DA:28,3
DA:30,6
DA:31,6
DA:32,6
DA:33,6
DA:34,6
DA:40,1
DA:41,1
DA:48,7
LF:20
LH:20
BRDA:19,0,0,9
BRDA:19,0,1,0
BRDA:30,1,0,6
BRDA:30,1,1,0
BRF:4
BRH:2
end_of_record
TN:
SF:/home/nando/ethereum/ethereum-graph-debugger-ts/egd-ts/src/api/symbolic/evm/EVMStack.ts
FN:3,(anonymous_0)
FN:6,(anonymous_1)
FN:10,(anonymous_2)
FN:14,(anonymous_3)
FN:18,(anonymous_4)
FN:22,(anonymous_5)
FNF:6
FNH:6
FNDA:64,(anonymous_0)
FNDA:200,(anonymous_1)
FNDA:88,(anonymous_2)
FNDA:1,(anonymous_3)
FNDA:67,(anonymous_4)
FNDA:61,(anonymous_5)
DA:3,18
DA:4,64
DA:7,200
DA:11,88
DA:15,1
DA:19,67
DA:23,61
LF:7
LH:7
BRF:0
BRH:0
end_of_record
TN:
SF:/home/nando/ethereum/ethereum-graph-debugger-ts/egd-ts/src/api/symbolic/evm/EVMStorage.ts
FN:3,(anonymous_0)
FN:7,(anonymous_1)
FN:15,(anonymous_2)
FNF:3
FNH:1
FNDA:60,(anonymous_0)
FNDA:0,(anonymous_1)
FNDA:0,(anonymous_2)
DA:3,17
DA:4,60
DA:8,0
DA:9,0
DA:11,0
DA:16,0
DA:17,0
DA:19,0
LF:8
LH:2
BRDA:8,0,0,0
BRDA:8,0,1,0
BRDA:16,1,0,0
BRDA:16,1,1,0
BRF:4
BRH:0
end_of_record
TN:
SF:/home/nando/ethereum/ethereum-graph-debugger-ts/egd-ts/src/api/symbolic/evm/Symbols.ts
FN:1,(anonymous_0)
FNF:1
FNH:1
FNDA:17,(anonymous_0)
DA:1,17
DA:3,17
DA:4,17
DA:5,17
DA:6,17
DA:7,17
LF:6
LH:6
BRDA:1,0,0,17
BRDA:1,0,1,17
BRF:2
BRH:2
end_of_record
TN:
SF:/home/nando/ethereum/ethereum-graph-debugger-ts/egd-ts/src/api/symbolic/evm/UintUtils.ts
FNF:0
FNH:0
DA:1,17
DA:3,17
DA:4,17
DA:5,17
DA:6,17
LF:5
LH:5
BRF:0
BRH:0
end_of_record
TN:
SF:/home/nando/ethereum/ethereum-graph-debugger-ts/egd-ts/src/api/symbolic/evm/Word.ts
FN:11,(anonymous_0)
FN:15,(anonymous_1)
FNF:2
FNH:2
FNDA:108,(anonymous_0)
FNDA:25,(anonymous_1)
DA:1,19
DA:4,19
DA:5,19
DA:12,108
DA:16,25
LF:5
LH:5
BRF:0
BRH:0
end_of_record
TN:
SF:/home/nando/ethereum/ethereum-graph-debugger-ts/egd-ts/src/api/symbolic/evm/exec/Add.ts
FN:9,(anonymous_0)
FNF:1
FNH:1
FNDA:6,(anonymous_0)
DA:4,17
DA:5,17
DA:6,17
DA:8,17
DA:10,6
DA:11,6
DA:12,6
DA:13,5
DA:14,5
DA:15,5
DA:16,5
DA:18,1
LF:12
LH:12
BRDA:12,0,0,5
BRDA:12,0,1,1
BRDA:12,1,0,6
BRDA:12,1,1,5
BRF:4
BRH:4
end_of_record
TN:
SF:/home/nando/ethereum/ethereum-graph-debugger-ts/egd-ts/src/api/symbolic/evm/exec/Calldataload.ts
FN:8,(anonymous_0)
FNF:1
FNH:1
FNDA:1,(anonymous_0)
DA:4,17
DA:5,17
DA:7,17
DA:9,1
DA:10,1
LF:5
LH:5
BRF:0
BRH:0
end_of_record
TN:
SF:/home/nando/ethereum/ethereum-graph-debugger-ts/egd-ts/src/api/symbolic/evm/exec/Calldatasize.ts
FN:8,(anonymous_0)
FNF:1
FNH:1
FNDA:1,(anonymous_0)
DA:4,17
DA:5,17
DA:7,17
DA:9,1
LF:4
LH:4
BRF:0
BRH:0
end_of_record
TN:
SF:/home/nando/ethereum/ethereum-graph-debugger-ts/egd-ts/src/api/symbolic/evm/exec/Callvalue.ts
FN:8,(anonymous_0)
FNF:1
FNH:1
FNDA:8,(anonymous_0)
DA:4,17
DA:5,17
DA:7,17
DA:9,8
LF:4
LH:4
BRF:0
BRH:0
end_of_record
TN:
SF:/home/nando/ethereum/ethereum-graph-debugger-ts/egd-ts/src/api/symbolic/evm/exec/Div.ts
FN:9,(anonymous_0)
FNF:1
FNH:1
FNDA:5,(anonymous_0)
DA:4,17
DA:5,17
DA:6,17
DA:8,17
DA:10,5
DA:11,5
DA:12,5
DA:13,4
DA:14,4
DA:15,4
DA:16,4
DA:17,3
DA:19,4
DA:21,1
LF:14
LH:14
BRDA:12,0,0,4
BRDA:12,0,1,1
BRDA:12,1,0,5
BRDA:12,1,1,4
BRDA:16,2,0,3
BRDA:16,2,1,1
BRF:6
BRH:6
end_of_record
TN:
SF:/home/nando/ethereum/ethereum-graph-debugger-ts/egd-ts/src/api/symbolic/evm/exec/Dup.ts
FN:6,(anonymous_0)
FNF:1
FNH:1
FNDA:13,(anonymous_0)
DA:5,17
DA:7,13
DA:8,13
DA:9,13
LF:4
LH:4
BRF:0
BRH:0
end_of_record
TN:
SF:/home/nando/ethereum/ethereum-graph-debugger-ts/egd-ts/src/api/symbolic/evm/exec/IsZero.ts
FN:8,(anonymous_0)
FNF:1
FNH:1
FNDA:4,(anonymous_0)
DA:4,17
DA:5,17
DA:7,17
DA:9,4
DA:10,4
DA:11,2
DA:12,1
DA:14,1
DA:17,2
LF:9
LH:9
BRDA:10,0,0,2
BRDA:10,0,1,2
BRDA:11,1,0,1
BRDA:11,1,1,1
BRF:4
BRH:4
end_of_record
TN:
SF:/home/nando/ethereum/ethereum-graph-debugger-ts/egd-ts/src/api/symbolic/evm/exec/Jump.ts
FN:6,(anonymous_0)
FNF:1
FNH:1
FNDA:2,(anonymous_0)
DA:5,17
DA:7,2
DA:8,2
LF:3
LH:3
BRF:0
BRH:0
end_of_record
TN:
SF:/home/nando/ethereum/ethereum-graph-debugger-ts/egd-ts/src/api/symbolic/evm/exec/Jumpi.ts
FN:6,(anonymous_0)
FNF:1
FNH:1
FNDA:3,(anonymous_0)
DA:5,17
DA:7,3
DA:8,3
DA:9,3
LF:4
LH:4
BRF:0
BRH:0
end_of_record
TN:
SF:/home/nando/ethereum/ethereum-graph-debugger-ts/egd-ts/src/api/symbolic/evm/exec/Lt.ts
FN:8,(anonymous_0)
FNF:1
FNH:1
FNDA:4,(anonymous_0)
DA:4,17
DA:5,17
DA:7,17
DA:9,4
DA:10,4
DA:11,4
DA:12,3
DA:13,1
DA:15,2
DA:18,1
LF:10
LH:10
BRDA:11,0,0,3
BRDA:11,0,1,1
BRDA:11,1,0,4
BRDA:11,1,1,3
BRDA:12,2,0,1
BRDA:12,2,1,2
BRF:6
BRH:6
end_of_record
TN:
SF:/home/nando/ethereum/ethereum-graph-debugger-ts/egd-ts/src/api/symbolic/evm/exec/MStore.ts
FN:6,(anonymous_0)
FNF:1
FNH:1
FNDA:3,(anonymous_0)
DA:5,17
DA:7,3
DA:8,3
DA:9,3
DA:10,3
LF:5
LH:5
BRDA:9,0,0,3
BRDA:9,0,1,0
BRF:2
BRH:1
end_of_record
TN:
SF:/home/nando/ethereum/ethereum-graph-debugger-ts/egd-ts/src/api/symbolic/evm/exec/Mstore8.ts
FN:6,(anonymous_0)
FNF:1
FNH:1
FNDA:2,(anonymous_0)
DA:5,17
DA:7,2
DA:8,2
DA:9,2
DA:10,2
LF:5
LH:5
BRDA:9,0,0,2
BRDA:9,0,1,0
BRDA:9,1,0,2
BRDA:9,1,1,2
BRF:4
BRH:3
end_of_record
TN:
SF:/home/nando/ethereum/ethereum-graph-debugger-ts/egd-ts/src/api/symbolic/evm/exec/Mul.ts
FN:9,(anonymous_0)
FNF:1
FNH:1
FNDA:7,(anonymous_0)
DA:4,17
DA:5,17
DA:6,17
DA:8,17
DA:10,7
DA:11,7
DA:12,7
DA:13,6
DA:14,6
DA:15,6
DA:16,6
DA:18,1
LF:12
LH:12
BRDA:12,0,0,6
BRDA:12,0,1,1
BRDA:12,1,0,7
BRDA:12,1,1,6
BRF:4
BRH:4
end_of_record
TN:
SF:/home/nando/ethereum/ethereum-graph-debugger-ts/egd-ts/src/api/symbolic/evm/exec/Nop.ts
FN:6,(anonymous_0)
FNF:1
FNH:1
FNDA:6,(anonymous_0)
DA:5,17
LF:1
LH:1
BRF:0
BRH:0
end_of_record
TN:
SF:/home/nando/ethereum/ethereum-graph-debugger-ts/egd-ts/src/api/symbolic/evm/exec/OpcodeExecutor.ts
FN:25,(anonymous_2)
FNF:1
FNH:1
FNDA:17,(anonymous_2)
DA:1,17
DA:2,17
DA:3,17
DA:4,17
DA:5,17
DA:6,17
DA:7,17
DA:8,17
DA:9,17
DA:10,17
DA:11,17
DA:12,17
DA:13,17
DA:14,17
DA:15,17
DA:16,17
DA:17,17
DA:18,17
DA:19,17
DA:22,17
DA:23,17
DA:26,17
DA:27,17
DA:28,17
DA:29,17
DA:30,17
DA:31,17
DA:32,17
DA:33,17
DA:34,17
DA:35,17
DA:36,17
DA:37,17
DA:38,17
DA:39,17
DA:40,17
DA:41,17
DA:42,17
DA:43,17
DA:44,17
DA:45,17
DA:46,17
DA:47,17
DA:48,17
DA:49,17
DA:50,17
DA:51,17
DA:52,17
DA:53,17
DA:54,17
DA:55,17
DA:56,17
DA:57,17
DA:59,17
DA:60,17
DA:61,17
DA:62,17
DA:63,17
DA:64,17
DA:65,17
DA:66,17
DA:67,17
DA:68,17
DA:69,17
DA:70,17
DA:71,17
DA:72,17
DA:73,17
DA:74,17
DA:76,17
DA:77,17
DA:79,17
DA:81,17
DA:82,17
DA:83,17
DA:84,17
DA:85,17
DA:86,17
DA:87,17
DA:88,17
DA:89,17
DA:92,17
DA:93,17
DA:94,17
DA:97,17
DA:98,17
DA:99,17
DA:100,17
DA:101,17
LF:89
LH:89
BRF:0
BRH:0
end_of_record
TN:
SF:/home/nando/ethereum/ethereum-graph-debugger-ts/egd-ts/src/api/symbolic/evm/exec/Pop.ts
FN:6,(anonymous_0)
FNF:1
FNH:1
FNDA:4,(anonymous_0)
DA:5,17
DA:7,4
LF:2
LH:2
BRF:0
BRH:0
end_of_record
TN:
SF:/home/nando/ethereum/ethereum-graph-debugger-ts/egd-ts/src/api/symbolic/evm/exec/Push.ts
FN:9,(anonymous_0)
FNF:1
FNH:1
FNDA:137,(anonymous_0)
DA:1,17
DA:8,17
DA:10,137
DA:14,137
LF:4
LH:4
BRF:0
BRH:0
end_of_record
TN:
SF:/home/nando/ethereum/ethereum-graph-debugger-ts/egd-ts/src/api/symbolic/evm/exec/Return.ts
FN:6,(anonymous_0)
FNF:1
FNH:1
FNDA:3,(anonymous_0)
DA:5,17
DA:7,3
DA:8,3
LF:3
LH:3
BRF:0
BRH:0
end_of_record
TN:
SF:/home/nando/ethereum/ethereum-graph-debugger-ts/egd-ts/src/api/symbolic/evm/exec/Sub.ts
FN:8,(anonymous_0)
FNF:1
FNH:1
FNDA:5,(anonymous_0)
DA:4,17
DA:5,17
DA:7,17
DA:9,5
DA:10,5
DA:11,5
DA:12,4
DA:13,4
DA:14,4
DA:15,4
DA:17,1
LF:11
LH:11
BRDA:11,0,0,4
BRDA:11,0,1,1
BRDA:11,1,0,5
BRDA:11,1,1,4
BRF:4
BRH:4
end_of_record
TN:
SF:/home/nando/ethereum/ethereum-graph-debugger-ts/egd-ts/src/api/symbolic/evm/exec/TestUtils.ts
FN:8,createExecutor
FNF:1
FNH:1
FNDA:59,createExecutor
DA:6,17
DA:8,17
DA:14,59
DA:15,59
DA:16,59
LF:5
LH:5
BRF:0
BRH:0
end_of_record
TN:
SF:/home/nando/ethereum/ethereum-graph-debugger-ts/egd-ts/src/inversify/ioc.ts
FN:28,(anonymous_0)
FN:37,(anonymous_1)
FNF:2
FNH:0
FNDA:0,(anonymous_0)
FNDA:0,(anonymous_1)
DA:1,0
DA:2,0
DA:3,0
DA:5,0
DA:6,0
DA:7,0
DA:9,0
DA:12,0
DA:14,0
DA:16,0
DA:17,0
DA:18,0
DA:20,0
DA:22,0
DA:23,0
DA:24,0
DA:25,0
DA:26,0
DA:28,0
DA:32,0
DA:37,0
DA:38,0
DA:43,0
LF:23
LH:0
BRF:0
BRH:0
end_of_record
TN:
SF:/home/nando/ethereum/ethereum-graph-debugger-ts/egd-ts/src/inversify/types.ts
FNF:0
FNH:0
DA:1,0
DA:10,0
LF:2
LH:0
BRF:0
BRH:0
end_of_record
