TN:
SF:/home/nando/ethereum/ethereum-graph-debugger-ts/egd-ts/src/api/blockchain/Web3Instance.ts
FN:9,(anonymous_2)
FN:15,(anonymous_3)
FNF:2
FNH:0
FNDA:0,(anonymous_2)
FNDA:0,(anonymous_3)
DA:1,0
DA:3,0
DA:6,0
DA:11,0
DA:12,0
DA:16,0
LF:6
LH:0
BRF:0
BRH:0
end_of_record
TN:
SF:/home/nando/ethereum/ethereum-graph-debugger-ts/egd-ts/src/api/bytecode/EVMDisassembler.ts
FN:14,(anonymous_2)
FN:16,(anonymous_3)
FN:23,(anonymous_4)
FN:35,(anonymous_5)
FN:39,(anonymous_6)
FN:51,(anonymous_7)
FN:88,(anonymous_8)
FN:90,(anonymous_9)
FN:94,(anonymous_10)
FN:102,(anonymous_11)
FN:121,(anonymous_12)
FNF:11
FNH:11
FNDA:45,(anonymous_2)
FNDA:1,(anonymous_3)
FNDA:3,(anonymous_4)
FNDA:233,(anonymous_5)
FNDA:42,(anonymous_6)
FNDA:45,(anonymous_7)
FNDA:2,(anonymous_8)
FNDA:189,(anonymous_9)
FNDA:373,(anonymous_10)
FNDA:1,(anonymous_11)
FNDA:373,(anonymous_12)
DA:3,12
DA:4,12
DA:5,12
DA:8,12
DA:11,12
DA:12,45
DA:17,1
DA:18,1
DA:19,1
DA:20,1
DA:24,3
DA:26,3
DA:27,0
DA:30,3
DA:31,0
DA:34,3
DA:35,233
DA:36,3
DA:37,3
DA:38,3
DA:39,42
DA:40,2
DA:41,2
DA:43,3
DA:52,45
DA:54,45
DA:55,4
DA:58,45
DA:59,2
DA:62,45
DA:63,1
DA:65,44
DA:66,44
DA:67,44
DA:69,44
DA:70,373
DA:71,373
DA:72,373
DA:73,161
DA:74,161
DA:75,161
DA:76,161
DA:77,161
DA:78,161
DA:80,212
DA:81,212
DA:82,212
DA:85,44
DA:89,2
DA:90,189
DA:91,2
DA:95,373
DA:103,1
DA:104,1
DA:107,1
DA:118,1
DA:122,373
LF:57
LH:55
BRDA:26,0,0,0
BRDA:26,0,1,3
BRDA:30,1,0,0
BRDA:30,1,1,3
BRDA:38,2,0,2
BRDA:38,2,1,1
BRDA:54,3,0,4
BRDA:54,3,1,41
BRDA:58,4,0,2
BRDA:58,4,1,43
BRDA:62,5,0,1
BRDA:62,5,1,44
BRDA:71,6,0,373
BRDA:71,6,1,0
BRDA:72,7,0,161
BRDA:72,7,1,212
BRF:16
BRH:13
end_of_record
TN:
SF:/home/nando/ethereum/ethereum-graph-debugger-ts/egd-ts/src/api/bytecode/Opcodes.ts
FN:6,(anonymous_0)
FN:153,(anonymous_1)
FNF:2
FNH:2
FNDA:12,(anonymous_0)
FNDA:30,(anonymous_1)
DA:3,12
DA:4,12
DA:7,12
DA:9,12
DA:10,12
DA:11,12
DA:12,12
DA:13,12
DA:14,12
DA:15,12
DA:16,12
DA:17,12
DA:18,12
DA:19,12
DA:20,12
DA:21,12
DA:22,12
DA:23,12
DA:24,12
DA:25,12
DA:26,12
DA:27,12
DA:28,12
DA:29,12
DA:30,12
DA:31,12
DA:32,12
DA:33,12
DA:34,12
DA:35,12
DA:36,12
DA:37,12
DA:38,12
DA:39,12
DA:40,12
DA:41,12
DA:42,12
DA:43,12
DA:44,12
DA:45,12
DA:46,12
DA:47,12
DA:48,12
DA:49,12
DA:50,12
DA:51,12
DA:52,12
DA:53,12
DA:54,12
DA:55,12
DA:56,12
DA:57,12
DA:58,12
DA:59,12
DA:60,12
DA:61,12
DA:62,12
DA:63,12
DA:64,12
DA:65,12
DA:66,12
DA:67,12
DA:68,12
DA:69,12
DA:70,12
DA:71,12
DA:72,12
DA:73,12
DA:74,12
DA:75,12
DA:76,12
DA:77,12
DA:78,12
DA:79,12
DA:80,12
DA:81,12
DA:82,12
DA:83,12
DA:84,12
DA:85,12
DA:86,12
DA:87,12
DA:88,12
DA:89,12
DA:90,12
DA:91,12
DA:92,12
DA:93,12
DA:94,12
DA:95,12
DA:96,12
DA:97,12
DA:98,12
DA:99,12
DA:100,12
DA:101,12
DA:102,12
DA:103,12
DA:104,12
DA:105,12
DA:106,12
DA:107,12
DA:108,12
DA:109,12
DA:110,12
DA:111,12
DA:112,12
DA:113,12
DA:114,12
DA:115,12
DA:116,12
DA:117,12
DA:118,12
DA:119,12
DA:120,12
DA:121,12
DA:122,12
DA:123,12
DA:124,12
DA:125,12
DA:126,12
DA:127,12
DA:128,12
DA:129,12
DA:130,12
DA:131,12
DA:132,12
DA:133,12
DA:134,12
DA:135,12
DA:136,12
DA:137,12
DA:138,12
DA:139,12
DA:140,12
DA:141,12
DA:142,12
DA:143,12
DA:145,12
DA:146,3072
DA:147,3072
DA:148,1620
DA:154,30
DA:158,12
LF:144
LH:144
BRDA:147,0,0,1620
BRDA:147,0,1,1452
BRF:2
BRH:2
end_of_record
TN:
SF:/home/nando/ethereum/ethereum-graph-debugger-ts/egd-ts/src/api/cfg/CFGBlocks.ts
FN:3,(anonymous_0)
FN:6,(anonymous_1)
FN:10,(anonymous_2)
FN:14,(anonymous_3)
FN:15,(anonymous_4)
FN:18,(anonymous_5)
FN:22,(anonymous_6)
FNF:7
FNH:6
FNDA:44,(anonymous_0)
FNDA:56,(anonymous_1)
FNDA:61,(anonymous_2)
FNDA:11,(anonymous_3)
FNDA:17,(anonymous_4)
FNDA:0,(anonymous_5)
FNDA:9,(anonymous_6)
DA:3,11
DA:4,44
DA:7,56
DA:11,61
DA:15,17
DA:19,0
DA:23,9
LF:7
LH:6
BRF:0
BRH:0
end_of_record
TN:
SF:/home/nando/ethereum/ethereum-graph-debugger-ts/egd-ts/src/api/cfg/EthereumCFGCreator.ts
FN:8,(anonymous_1)
FN:12,(anonymous_2)
FN:25,(anonymous_3)
FNF:3
FNH:3
FNDA:37,(anonymous_1)
FNDA:37,(anonymous_2)
FNDA:43,(anonymous_3)
DA:1,11
DA:3,11
DA:6,11
DA:9,11
DA:10,37
DA:13,37
DA:14,37
DA:15,37
DA:16,121
DA:17,121
DA:18,43
DA:19,43
DA:22,37
DA:26,43
DA:27,43
DA:28,43
DA:32,43
LF:17
LH:17
BRDA:17,0,0,43
BRDA:17,0,1,78
BRDA:17,1,0,121
BRDA:17,1,1,114
BRF:4
BRH:4
end_of_record
TN:
SF:/home/nando/ethereum/ethereum-graph-debugger-ts/egd-ts/src/api/service/controller/DebuggerController.ts
FN:10,(anonymous_10)
FN:15,(anonymous_11)
FNF:2
FNH:0
FNDA:0,(anonymous_10)
FNDA:0,(anonymous_11)
DA:1,0
DA:2,0
DA:3,0
DA:4,0
DA:9,0
DA:10,0
DA:11,0
DA:15,0
DA:16,0
LF:9
LH:0
BRDA:15,0,0,0
BRDA:15,0,1,0
BRDA:15,1,0,0
BRDA:10,2,0,0
BRDA:10,2,1,0
BRDA:10,3,0,0
BRF:6
BRH:0
end_of_record
TN:
SF:/home/nando/ethereum/ethereum-graph-debugger-ts/egd-ts/src/api/service/controller/DisassembleController.ts
FN:11,(anonymous_10)
FN:16,(anonymous_11)
FN:24,(anonymous_13)
FN:28,(anonymous_14)
FN:35,(anonymous_15)
FNF:5
FNH:0
FNDA:0,(anonymous_10)
FNDA:0,(anonymous_11)
FNDA:0,(anonymous_13)
FNDA:0,(anonymous_14)
FNDA:0,(anonymous_15)
DA:1,0
DA:2,0
DA:3,0
DA:4,0
DA:10,0
DA:11,0
DA:12,0
DA:16,0
DA:20,0
DA:21,0
DA:25,0
DA:29,0
DA:36,0
LF:13
LH:0
BRDA:19,0,0,0
BRDA:19,0,1,0
BRDA:19,1,0,0
BRDA:11,2,0,0
BRDA:11,2,1,0
BRDA:11,3,0,0
BRF:6
BRH:0
end_of_record
TN:
SF:/home/nando/ethereum/ethereum-graph-debugger-ts/egd-ts/src/api/service/controller/Errors.ts
FN:2,(anonymous_0)
FNF:1
FNH:0
FNDA:0,(anonymous_0)
DA:1,0
DA:3,0
LF:2
LH:0
BRF:0
BRH:0
end_of_record
TN:
SF:/home/nando/ethereum/ethereum-graph-debugger-ts/egd-ts/src/api/service/controller/FileController.ts
FN:11,(anonymous_10)
FN:16,(anonymous_11)
FNF:2
FNH:0
FNDA:0,(anonymous_10)
FNDA:0,(anonymous_11)
DA:1,0
DA:2,0
DA:4,0
DA:5,0
DA:6,0
DA:10,0
DA:11,0
DA:12,0
DA:16,0
DA:17,0
DA:18,0
DA:19,0
DA:21,0
LF:13
LH:0
BRDA:18,0,0,0
BRDA:18,0,1,0
BRDA:16,1,0,0
BRDA:16,1,1,0
BRDA:16,2,0,0
BRDA:11,3,0,0
BRDA:11,3,1,0
BRDA:11,4,0,0
BRF:8
BRH:0
end_of_record
TN:
SF:/home/nando/ethereum/ethereum-graph-debugger-ts/egd-ts/src/api/service/service/FileServiceDefault.ts
FN:10,(anonymous_7)
FN:13,(anonymous_9)
FNF:2
FNH:0
FNDA:0,(anonymous_7)
FNDA:0,(anonymous_9)
DA:3,0
DA:4,0
DA:5,0
DA:6,0
DA:9,0
DA:11,0
DA:13,0
DA:14,0
DA:15,0
LF:9
LH:0
BRF:0
BRH:0
end_of_record
TN:
SF:/home/nando/ethereum/ethereum-graph-debugger-ts/egd-ts/src/api/service/service/TransactionServiceImpl.ts
FN:12,(anonymous_10)
FN:16,(anonymous_11)
FNF:2
FNH:0
FNDA:0,(anonymous_10)
FNDA:0,(anonymous_11)
DA:2,0
DA:3,0
DA:4,0
DA:6,0
DA:9,0
DA:12,0
DA:13,0
DA:17,0
DA:18,0
LF:9
LH:0
BRDA:12,0,0,0
BRDA:12,0,1,0
BRDA:12,1,0,0
BRDA:12,2,0,0
BRDA:12,2,1,0
BRDA:12,3,0,0
BRDA:12,3,1,0
BRF:7
BRH:0
end_of_record
TN:
SF:/home/nando/ethereum/ethereum-graph-debugger-ts/egd-ts/src/api/symbolic/evm/EVM.ts
FN:12,(anonymous_0)
FNF:1
FNH:1
FNDA:30,(anonymous_0)
DA:1,10
DA:2,10
DA:3,10
DA:6,10
DA:13,30
DA:14,30
DA:15,30
LF:7
LH:7
BRF:0
BRH:0
end_of_record
TN:
SF:/home/nando/ethereum/ethereum-graph-debugger-ts/egd-ts/src/api/symbolic/evm/EVMExecutor.ts
FN:14,(anonymous_0)
FN:20,(anonymous_1)
FN:39,(anonymous_2)
FN:49,(anonymous_3)
FNF:4
FNH:4
FNDA:30,(anonymous_0)
FNDA:30,(anonymous_1)
FNDA:30,(anonymous_2)
FNDA:30,(anonymous_3)
DA:1,10
DA:4,10
DA:9,10
DA:15,30
DA:16,30
DA:17,30
DA:21,30
DA:22,30
DA:23,0
DA:25,30
DA:26,30
DA:27,30
DA:28,0
DA:29,0
DA:30,0
DA:31,0
DA:32,0
DA:35,0
DA:40,30
DA:41,87
DA:42,87
DA:43,0
DA:45,87
DA:50,30
DA:51,30
DA:52,30
DA:53,30
DA:54,1
DA:55,1
DA:56,1
DA:57,1
DA:58,0
DA:62,30
DA:63,30
DA:64,0
DA:66,30
LF:36
LH:26
BRDA:22,0,0,0
BRDA:22,0,1,30
BRDA:28,1,0,0
BRDA:28,1,1,0
BRDA:28,2,0,0
BRDA:28,2,1,0
BRDA:29,3,0,0
BRDA:29,3,1,0
BRDA:31,4,0,0
BRDA:31,4,1,0
BRDA:42,5,0,0
BRDA:42,5,1,87
BRDA:53,6,0,1
BRDA:53,6,1,29
BRDA:55,7,0,1
BRDA:55,7,1,0
BRDA:55,8,0,1
BRDA:55,8,1,1
BRDA:57,9,0,0
BRDA:57,9,1,1
BRDA:63,10,0,0
BRDA:63,10,1,30
BRF:22
BRH:9
end_of_record
TN:
SF:/home/nando/ethereum/ethereum-graph-debugger-ts/egd-ts/src/api/symbolic/evm/EVMMemory.ts
FN:7,(anonymous_0)
FN:11,(anonymous_1)
FN:15,(anonymous_2)
FN:26,(anonymous_3)
FN:39,(anonymous_4)
FN:47,(anonymous_5)
FNF:6
FNH:6
FNDA:37,(anonymous_0)
FNDA:4,(anonymous_1)
FNDA:7,(anonymous_2)
FNDA:6,(anonymous_3)
FNDA:1,(anonymous_4)
FNDA:5,(anonymous_5)
DA:1,11
DA:2,11
DA:4,11
DA:8,37
DA:12,4
DA:16,7
DA:17,2
DA:19,7
DA:20,7
DA:21,7
DA:27,6
DA:28,3
DA:30,6
DA:31,6
DA:32,6
DA:33,6
DA:34,6
DA:40,1
DA:41,1
DA:48,5
LF:20
LH:20
BRDA:19,0,0,7
BRDA:19,0,1,0
BRDA:30,1,0,6
BRDA:30,1,1,0
BRF:4
BRH:2
end_of_record
TN:
SF:/home/nando/ethereum/ethereum-graph-debugger-ts/egd-ts/src/api/symbolic/evm/EVMStack.ts
FN:3,(anonymous_0)
FN:6,(anonymous_1)
FN:10,(anonymous_2)
FN:14,(anonymous_3)
FN:18,(anonymous_4)
FN:22,(anonymous_5)
FNF:6
FNH:6
FNDA:34,(anonymous_0)
FNDA:89,(anonymous_1)
FNDA:14,(anonymous_2)
FNDA:1,(anonymous_3)
FNDA:32,(anonymous_4)
FNDA:34,(anonymous_5)
DA:3,11
DA:4,34
DA:7,89
DA:11,14
DA:15,1
DA:19,32
DA:23,34
LF:7
LH:7
BRF:0
BRH:0
end_of_record
TN:
SF:/home/nando/ethereum/ethereum-graph-debugger-ts/egd-ts/src/api/symbolic/evm/EVMStorage.ts
FN:3,(anonymous_0)
FN:7,(anonymous_1)
FN:15,(anonymous_2)
FNF:3
FNH:1
FNDA:30,(anonymous_0)
FNDA:0,(anonymous_1)
FNDA:0,(anonymous_2)
DA:3,10
DA:4,30
DA:8,0
DA:9,0
DA:11,0
DA:16,0
DA:17,0
DA:19,0
LF:8
LH:2
BRDA:8,0,0,0
BRDA:8,0,1,0
BRDA:16,1,0,0
BRDA:16,1,1,0
BRF:4
BRH:0
end_of_record
TN:
SF:/home/nando/ethereum/ethereum-graph-debugger-ts/egd-ts/src/api/symbolic/evm/Symbols.ts
FN:1,(anonymous_0)
FNF:1
FNH:1
FNDA:10,(anonymous_0)
DA:1,10
DA:3,10
DA:4,10
DA:5,10
DA:6,10
LF:5
LH:5
BRDA:1,0,0,10
BRDA:1,0,1,10
BRF:2
BRH:2
end_of_record
TN:
SF:/home/nando/ethereum/ethereum-graph-debugger-ts/egd-ts/src/api/symbolic/evm/Word.ts
FN:11,(anonymous_0)
FN:15,(anonymous_1)
FNF:2
FNH:2
FNDA:67,(anonymous_0)
FNDA:4,(anonymous_1)
DA:1,12
DA:4,12
DA:5,12
DA:12,67
DA:16,4
LF:5
LH:5
BRF:0
BRH:0
end_of_record
TN:
SF:/home/nando/ethereum/ethereum-graph-debugger-ts/egd-ts/src/api/symbolic/evm/exec/Calldatasize.ts
FN:9,(anonymous_0)
FNF:1
FNH:1
FNDA:1,(anonymous_0)
DA:4,10
DA:5,10
DA:7,10
DA:10,1
LF:4
LH:4
BRF:0
BRH:0
end_of_record
TN:
SF:/home/nando/ethereum/ethereum-graph-debugger-ts/egd-ts/src/api/symbolic/evm/exec/Callvalue.ts
FN:9,(anonymous_0)
FNF:1
FNH:1
FNDA:1,(anonymous_0)
DA:4,10
DA:5,10
DA:7,10
DA:10,1
LF:4
LH:4
BRF:0
BRH:0
end_of_record
TN:
SF:/home/nando/ethereum/ethereum-graph-debugger-ts/egd-ts/src/api/symbolic/evm/exec/Dup.ts
FN:6,(anonymous_0)
FNF:1
FNH:1
FNDA:5,(anonymous_0)
DA:5,10
DA:7,5
DA:8,5
DA:9,5
LF:4
LH:4
BRF:0
BRH:0
end_of_record
TN:
SF:/home/nando/ethereum/ethereum-graph-debugger-ts/egd-ts/src/api/symbolic/evm/exec/IsZero.ts
FN:9,(anonymous_0)
FNF:1
FNH:1
FNDA:2,(anonymous_0)
DA:4,10
DA:5,10
DA:7,10
DA:10,2
DA:11,2
DA:12,2
DA:13,1
DA:15,1
DA:18,0
LF:9
LH:8
BRDA:11,0,0,2
BRDA:11,0,1,0
BRDA:12,1,0,1
BRDA:12,1,1,1
BRF:4
BRH:3
end_of_record
TN:
SF:/home/nando/ethereum/ethereum-graph-debugger-ts/egd-ts/src/api/symbolic/evm/exec/Jumpi.ts
FN:7,(anonymous_0)
FNF:1
FNH:1
FNDA:1,(anonymous_0)
DA:5,10
DA:8,1
DA:9,1
DA:10,1
LF:4
LH:4
BRF:0
BRH:0
end_of_record
TN:
SF:/home/nando/ethereum/ethereum-graph-debugger-ts/egd-ts/src/api/symbolic/evm/exec/MStore.ts
FN:7,(anonymous_0)
FNF:1
FNH:1
FNDA:1,(anonymous_0)
DA:5,10
DA:8,1
DA:9,1
DA:10,1
DA:11,1
LF:5
LH:5
BRDA:10,0,0,1
BRDA:10,0,1,0
BRF:2
BRH:1
end_of_record
TN:
SF:/home/nando/ethereum/ethereum-graph-debugger-ts/egd-ts/src/api/symbolic/evm/exec/Mstore8.ts
FN:7,(anonymous_0)
FNF:1
FNH:1
FNDA:2,(anonymous_0)
DA:5,10
DA:8,2
DA:9,2
DA:10,2
DA:11,2
LF:5
LH:5
BRDA:10,0,0,2
BRDA:10,0,1,0
BRDA:10,1,0,2
BRDA:10,1,1,2
BRF:4
BRH:3
end_of_record
TN:
SF:/home/nando/ethereum/ethereum-graph-debugger-ts/egd-ts/src/api/symbolic/evm/exec/Nop.ts
FN:7,(anonymous_0)
FNF:1
FNH:0
FNDA:0,(anonymous_0)
DA:5,10
LF:1
LH:1
BRF:0
BRH:0
end_of_record
TN:
SF:/home/nando/ethereum/ethereum-graph-debugger-ts/egd-ts/src/api/symbolic/evm/exec/OpcodeExecutor.ts
FN:17,(anonymous_2)
FNF:1
FNH:1
FNDA:10,(anonymous_2)
DA:1,10
DA:2,10
DA:3,10
DA:4,10
DA:5,10
DA:6,10
DA:7,10
DA:8,10
DA:9,10
DA:10,10
DA:11,10
DA:14,10
DA:15,10
DA:18,10
DA:19,10
DA:20,10
DA:21,10
DA:22,10
DA:23,10
DA:24,10
DA:25,10
DA:26,10
DA:27,10
DA:28,10
DA:29,10
DA:30,10
DA:31,10
DA:32,10
DA:33,10
DA:34,10
DA:35,10
DA:36,10
DA:37,10
DA:38,10
DA:39,10
DA:40,10
DA:41,10
DA:42,10
DA:43,10
DA:44,10
DA:45,10
DA:46,10
DA:47,10
DA:48,10
DA:49,10
DA:51,10
DA:52,10
DA:53,10
DA:54,10
DA:55,10
DA:56,10
DA:57,10
DA:58,10
DA:59,10
DA:60,10
DA:61,10
DA:62,10
DA:63,10
DA:64,10
DA:65,10
DA:66,10
DA:68,10
DA:70,10
DA:71,10
DA:72,10
DA:73,10
DA:76,10
DA:77,10
DA:80,10
DA:81,10
DA:82,10
DA:83,10
DA:84,10
DA:85,10
LF:74
LH:74
BRF:0
BRH:0
end_of_record
TN:
SF:/home/nando/ethereum/ethereum-graph-debugger-ts/egd-ts/src/api/symbolic/evm/exec/Pop.ts
FN:6,(anonymous_0)
FNF:1
FNH:1
FNDA:3,(anonymous_0)
DA:5,10
DA:7,3
LF:2
LH:2
BRF:0
BRH:0
end_of_record
TN:
SF:/home/nando/ethereum/ethereum-graph-debugger-ts/egd-ts/src/api/symbolic/evm/exec/Push.ts
FN:10,(anonymous_0)
FNF:1
FNH:1
FNDA:71,(anonymous_0)
DA:1,10
DA:8,10
DA:11,71
DA:15,71
LF:4
LH:4
BRF:0
BRH:0
end_of_record
TN:
SF:/home/nando/ethereum/ethereum-graph-debugger-ts/egd-ts/src/api/symbolic/evm/exec/TestUtils.ts
FN:8,createExecutor
FNF:1
FNH:1
FNDA:30,createExecutor
DA:6,10
DA:8,10
DA:14,30
DA:15,30
DA:16,30
LF:5
LH:5
BRF:0
BRH:0
end_of_record
TN:
SF:/home/nando/ethereum/ethereum-graph-debugger-ts/egd-ts/src/inversify/ioc.ts
FN:28,(anonymous_0)
FN:37,(anonymous_1)
FNF:2
FNH:0
FNDA:0,(anonymous_0)
FNDA:0,(anonymous_1)
DA:1,0
DA:2,0
DA:3,0
DA:5,0
DA:6,0
DA:7,0
DA:9,0
DA:12,0
DA:14,0
DA:16,0
DA:17,0
DA:18,0
DA:20,0
DA:22,0
DA:23,0
DA:24,0
DA:25,0
DA:26,0
DA:28,0
DA:32,0
DA:37,0
DA:38,0
DA:43,0
LF:23
LH:0
BRF:0
BRH:0
end_of_record
TN:
SF:/home/nando/ethereum/ethereum-graph-debugger-ts/egd-ts/src/inversify/types.ts
FNF:0
FNH:0
DA:1,0
DA:10,0
LF:2
LH:0
BRF:0
BRH:0
end_of_record
